2016-08-02 09:30:24,205 - Perf_cpu - INFO - {u'cpu_max_prime': u'10000,20000,30000', u'test_type': u'cpu', u'reboot': u'no', u'runtimes': u'3', u'tag': u'cpu', u'tarbal': u'sysbench-0.4.12.tar.gz'}
2016-08-02 09:30:24,206 - Perf_cpu - INFO - /home/Lpbs-i/tmp/Perf_cpu/sysbench/sysbench --test=cpu --cpu-max-prime=10000 run
2016-08-02 09:30:33,866 - Perf_cpu - INFO - sysbench 0.4.12:  multi-threaded system evaluation benchmark
2016-08-02 09:30:33,867 - Perf_cpu - INFO - 
2016-08-02 09:30:33,867 - Perf_cpu - INFO - Running the test with following options:
2016-08-02 09:30:33,867 - Perf_cpu - INFO - Number of threads: 1
2016-08-02 09:30:33,867 - Perf_cpu - INFO - 
2016-08-02 09:30:33,867 - Perf_cpu - INFO - Doing CPU performance benchmark
2016-08-02 09:30:33,867 - Perf_cpu - INFO - 
2016-08-02 09:30:33,867 - Perf_cpu - INFO - Threads started!
2016-08-02 09:30:33,867 - Perf_cpu - INFO - Done.
2016-08-02 09:30:33,867 - Perf_cpu - INFO - 
2016-08-02 09:30:33,867 - Perf_cpu - INFO - Maximum prime number checked in CPU test: 10000
2016-08-02 09:30:33,867 - Perf_cpu - INFO - 
2016-08-02 09:30:33,867 - Perf_cpu - INFO - 
2016-08-02 09:30:33,868 - Perf_cpu - INFO - Test execution summary:
2016-08-02 09:30:33,868 - Perf_cpu - INFO -     total time:                          9.6578s
2016-08-02 09:30:33,868 - Perf_cpu - INFO -     total number of events:              10000
2016-08-02 09:30:33,868 - Perf_cpu - INFO -     total time taken by event execution: 9.6571
2016-08-02 09:30:33,868 - Perf_cpu - INFO -     per-request statistics:
2016-08-02 09:30:33,868 - Perf_cpu - INFO -          min:                                  0.96ms
2016-08-02 09:30:33,868 - Perf_cpu - INFO -          avg:                                  0.97ms
2016-08-02 09:30:33,868 - Perf_cpu - INFO -          max:                                  1.07ms
2016-08-02 09:30:33,868 - Perf_cpu - INFO -          approx.  95 percentile:               0.98ms
2016-08-02 09:30:33,868 - Perf_cpu - INFO - 
2016-08-02 09:30:33,868 - Perf_cpu - INFO - Threads fairness:
2016-08-02 09:30:33,868 - Perf_cpu - INFO -     events (avg/stddev):           10000.0000/0.00
2016-08-02 09:30:33,868 - Perf_cpu - INFO -     execution time (avg/stddev):   9.6571/0.00
2016-08-02 09:30:43,521 - Perf_cpu - INFO - sysbench 0.4.12:  multi-threaded system evaluation benchmark
2016-08-02 09:30:43,521 - Perf_cpu - INFO - 
2016-08-02 09:30:43,521 - Perf_cpu - INFO - Running the test with following options:
2016-08-02 09:30:43,521 - Perf_cpu - INFO - Number of threads: 1
2016-08-02 09:30:43,521 - Perf_cpu - INFO - 
2016-08-02 09:30:43,522 - Perf_cpu - INFO - Doing CPU performance benchmark
2016-08-02 09:30:43,522 - Perf_cpu - INFO - 
2016-08-02 09:30:43,522 - Perf_cpu - INFO - Threads started!
2016-08-02 09:30:43,522 - Perf_cpu - INFO - Done.
2016-08-02 09:30:43,522 - Perf_cpu - INFO - 
2016-08-02 09:30:43,522 - Perf_cpu - INFO - Maximum prime number checked in CPU test: 10000
2016-08-02 09:30:43,522 - Perf_cpu - INFO - 
2016-08-02 09:30:43,522 - Perf_cpu - INFO - 
2016-08-02 09:30:43,522 - Perf_cpu - INFO - Test execution summary:
2016-08-02 09:30:43,522 - Perf_cpu - INFO -     total time:                          9.6499s
2016-08-02 09:30:43,522 - Perf_cpu - INFO -     total number of events:              10000
2016-08-02 09:30:43,522 - Perf_cpu - INFO -     total time taken by event execution: 9.6491
2016-08-02 09:30:43,522 - Perf_cpu - INFO -     per-request statistics:
2016-08-02 09:30:43,523 - Perf_cpu - INFO -          min:                                  0.96ms
2016-08-02 09:30:43,523 - Perf_cpu - INFO -          avg:                                  0.96ms
2016-08-02 09:30:43,523 - Perf_cpu - INFO -          max:                                  1.02ms
2016-08-02 09:30:43,523 - Perf_cpu - INFO -          approx.  95 percentile:               0.97ms
2016-08-02 09:30:43,523 - Perf_cpu - INFO - 
2016-08-02 09:30:43,523 - Perf_cpu - INFO - Threads fairness:
2016-08-02 09:30:43,523 - Perf_cpu - INFO -     events (avg/stddev):           10000.0000/0.00
2016-08-02 09:30:43,523 - Perf_cpu - INFO -     execution time (avg/stddev):   9.6491/0.00
2016-08-02 09:30:53,171 - Perf_cpu - INFO - sysbench 0.4.12:  multi-threaded system evaluation benchmark
2016-08-02 09:30:53,171 - Perf_cpu - INFO - 
2016-08-02 09:30:53,171 - Perf_cpu - INFO - Running the test with following options:
2016-08-02 09:30:53,171 - Perf_cpu - INFO - Number of threads: 1
2016-08-02 09:30:53,171 - Perf_cpu - INFO - 
2016-08-02 09:30:53,171 - Perf_cpu - INFO - Doing CPU performance benchmark
2016-08-02 09:30:53,171 - Perf_cpu - INFO - 
2016-08-02 09:30:53,171 - Perf_cpu - INFO - Threads started!
2016-08-02 09:30:53,171 - Perf_cpu - INFO - Done.
2016-08-02 09:30:53,171 - Perf_cpu - INFO - 
2016-08-02 09:30:53,171 - Perf_cpu - INFO - Maximum prime number checked in CPU test: 10000
2016-08-02 09:30:53,171 - Perf_cpu - INFO - 
2016-08-02 09:30:53,172 - Perf_cpu - INFO - 
2016-08-02 09:30:53,172 - Perf_cpu - INFO - Test execution summary:
2016-08-02 09:30:53,172 - Perf_cpu - INFO -     total time:                          9.6448s
2016-08-02 09:30:53,172 - Perf_cpu - INFO -     total number of events:              10000
2016-08-02 09:30:53,172 - Perf_cpu - INFO -     total time taken by event execution: 9.6441
2016-08-02 09:30:53,172 - Perf_cpu - INFO -     per-request statistics:
2016-08-02 09:30:53,172 - Perf_cpu - INFO -          min:                                  0.96ms
2016-08-02 09:30:53,172 - Perf_cpu - INFO -          avg:                                  0.96ms
2016-08-02 09:30:53,172 - Perf_cpu - INFO -          max:                                  1.02ms
2016-08-02 09:30:53,172 - Perf_cpu - INFO -          approx.  95 percentile:               0.97ms
2016-08-02 09:30:53,172 - Perf_cpu - INFO - 
2016-08-02 09:30:53,172 - Perf_cpu - INFO - Threads fairness:
2016-08-02 09:30:53,172 - Perf_cpu - INFO -     events (avg/stddev):           10000.0000/0.00
2016-08-02 09:30:53,172 - Perf_cpu - INFO -     execution time (avg/stddev):   9.6441/0.00
2016-08-02 09:30:53,173 - Perf_cpu - INFO - /home/Lpbs-i/tmp/Perf_cpu/sysbench/sysbench --test=cpu --cpu-max-prime=20000 run
2016-08-02 09:31:18,139 - Perf_cpu - INFO - sysbench 0.4.12:  multi-threaded system evaluation benchmark
2016-08-02 09:31:18,139 - Perf_cpu - INFO - 
2016-08-02 09:31:18,139 - Perf_cpu - INFO - Running the test with following options:
2016-08-02 09:31:18,140 - Perf_cpu - INFO - Number of threads: 1
2016-08-02 09:31:18,140 - Perf_cpu - INFO - 
2016-08-02 09:31:18,140 - Perf_cpu - INFO - Doing CPU performance benchmark
2016-08-02 09:31:18,140 - Perf_cpu - INFO - 
2016-08-02 09:31:18,140 - Perf_cpu - INFO - Threads started!
2016-08-02 09:31:18,140 - Perf_cpu - INFO - Done.
2016-08-02 09:31:18,140 - Perf_cpu - INFO - 
2016-08-02 09:31:18,140 - Perf_cpu - INFO - Maximum prime number checked in CPU test: 20000
2016-08-02 09:31:18,140 - Perf_cpu - INFO - 
2016-08-02 09:31:18,140 - Perf_cpu - INFO - 
2016-08-02 09:31:18,140 - Perf_cpu - INFO - Test execution summary:
2016-08-02 09:31:18,140 - Perf_cpu - INFO -     total time:                          24.9634s
2016-08-02 09:31:18,140 - Perf_cpu - INFO -     total number of events:              10000
2016-08-02 09:31:18,141 - Perf_cpu - INFO -     total time taken by event execution: 24.9627
2016-08-02 09:31:18,141 - Perf_cpu - INFO -     per-request statistics:
2016-08-02 09:31:18,141 - Perf_cpu - INFO -          min:                                  2.49ms
2016-08-02 09:31:18,141 - Perf_cpu - INFO -          avg:                                  2.50ms
2016-08-02 09:31:18,141 - Perf_cpu - INFO -          max:                                  2.64ms
2016-08-02 09:31:18,141 - Perf_cpu - INFO -          approx.  95 percentile:               2.51ms
2016-08-02 09:31:18,141 - Perf_cpu - INFO - 
2016-08-02 09:31:18,141 - Perf_cpu - INFO - Threads fairness:
2016-08-02 09:31:18,141 - Perf_cpu - INFO -     events (avg/stddev):           10000.0000/0.00
2016-08-02 09:31:18,141 - Perf_cpu - INFO -     execution time (avg/stddev):   24.9627/0.00
2016-08-02 09:31:43,132 - Perf_cpu - INFO - sysbench 0.4.12:  multi-threaded system evaluation benchmark
2016-08-02 09:31:43,132 - Perf_cpu - INFO - 
2016-08-02 09:31:43,132 - Perf_cpu - INFO - Running the test with following options:
2016-08-02 09:31:43,132 - Perf_cpu - INFO - Number of threads: 1
2016-08-02 09:31:43,132 - Perf_cpu - INFO - 
2016-08-02 09:31:43,132 - Perf_cpu - INFO - Doing CPU performance benchmark
2016-08-02 09:31:43,132 - Perf_cpu - INFO - 
2016-08-02 09:31:43,133 - Perf_cpu - INFO - Threads started!
2016-08-02 09:31:43,133 - Perf_cpu - INFO - Done.
2016-08-02 09:31:43,133 - Perf_cpu - INFO - 
2016-08-02 09:31:43,133 - Perf_cpu - INFO - Maximum prime number checked in CPU test: 20000
2016-08-02 09:31:43,133 - Perf_cpu - INFO - 
2016-08-02 09:31:43,133 - Perf_cpu - INFO - 
2016-08-02 09:31:43,133 - Perf_cpu - INFO - Test execution summary:
2016-08-02 09:31:43,133 - Perf_cpu - INFO -     total time:                          24.9879s
2016-08-02 09:31:43,133 - Perf_cpu - INFO -     total number of events:              10000
2016-08-02 09:31:43,133 - Perf_cpu - INFO -     total time taken by event execution: 24.9872
2016-08-02 09:31:43,133 - Perf_cpu - INFO -     per-request statistics:
2016-08-02 09:31:43,133 - Perf_cpu - INFO -          min:                                  2.49ms
2016-08-02 09:31:43,133 - Perf_cpu - INFO -          avg:                                  2.50ms
2016-08-02 09:31:43,134 - Perf_cpu - INFO -          max:                                  2.62ms
2016-08-02 09:31:43,134 - Perf_cpu - INFO -          approx.  95 percentile:               2.57ms
2016-08-02 09:31:43,134 - Perf_cpu - INFO - 
2016-08-02 09:31:43,134 - Perf_cpu - INFO - Threads fairness:
2016-08-02 09:31:43,134 - Perf_cpu - INFO -     events (avg/stddev):           10000.0000/0.00
2016-08-02 09:31:43,134 - Perf_cpu - INFO -     execution time (avg/stddev):   24.9872/0.00
2016-08-02 09:32:08,083 - Perf_cpu - INFO - sysbench 0.4.12:  multi-threaded system evaluation benchmark
2016-08-02 09:32:08,083 - Perf_cpu - INFO - 
2016-08-02 09:32:08,083 - Perf_cpu - INFO - Running the test with following options:
2016-08-02 09:32:08,083 - Perf_cpu - INFO - Number of threads: 1
2016-08-02 09:32:08,083 - Perf_cpu - INFO - 
2016-08-02 09:32:08,083 - Perf_cpu - INFO - Doing CPU performance benchmark
2016-08-02 09:32:08,083 - Perf_cpu - INFO - 
2016-08-02 09:32:08,084 - Perf_cpu - INFO - Threads started!
2016-08-02 09:32:08,084 - Perf_cpu - INFO - Done.
2016-08-02 09:32:08,084 - Perf_cpu - INFO - 
2016-08-02 09:32:08,084 - Perf_cpu - INFO - Maximum prime number checked in CPU test: 20000
2016-08-02 09:32:08,084 - Perf_cpu - INFO - 
2016-08-02 09:32:08,084 - Perf_cpu - INFO - 
2016-08-02 09:32:08,084 - Perf_cpu - INFO - Test execution summary:
2016-08-02 09:32:08,084 - Perf_cpu - INFO -     total time:                          24.9462s
2016-08-02 09:32:08,084 - Perf_cpu - INFO -     total number of events:              10000
2016-08-02 09:32:08,084 - Perf_cpu - INFO -     total time taken by event execution: 24.9454
2016-08-02 09:32:08,084 - Perf_cpu - INFO -     per-request statistics:
2016-08-02 09:32:08,084 - Perf_cpu - INFO -          min:                                  2.49ms
2016-08-02 09:32:08,084 - Perf_cpu - INFO -          avg:                                  2.49ms
2016-08-02 09:32:08,085 - Perf_cpu - INFO -          max:                                  2.61ms
2016-08-02 09:32:08,085 - Perf_cpu - INFO -          approx.  95 percentile:               2.51ms
2016-08-02 09:32:08,085 - Perf_cpu - INFO - 
2016-08-02 09:32:08,085 - Perf_cpu - INFO - Threads fairness:
2016-08-02 09:32:08,085 - Perf_cpu - INFO -     events (avg/stddev):           10000.0000/0.00
2016-08-02 09:32:08,085 - Perf_cpu - INFO -     execution time (avg/stddev):   24.9454/0.00
2016-08-02 09:32:08,085 - Perf_cpu - INFO - /home/Lpbs-i/tmp/Perf_cpu/sysbench/sysbench --test=cpu --cpu-max-prime=30000 run
2016-08-02 09:32:51,765 - Perf_cpu - INFO - sysbench 0.4.12:  multi-threaded system evaluation benchmark
2016-08-02 09:32:51,765 - Perf_cpu - INFO - 
2016-08-02 09:32:51,765 - Perf_cpu - INFO - Running the test with following options:
2016-08-02 09:32:51,765 - Perf_cpu - INFO - Number of threads: 1
2016-08-02 09:32:51,765 - Perf_cpu - INFO - 
2016-08-02 09:32:51,765 - Perf_cpu - INFO - Doing CPU performance benchmark
2016-08-02 09:32:51,765 - Perf_cpu - INFO - 
2016-08-02 09:32:51,765 - Perf_cpu - INFO - Threads started!
2016-08-02 09:32:51,766 - Perf_cpu - INFO - Done.
2016-08-02 09:32:51,766 - Perf_cpu - INFO - 
2016-08-02 09:32:51,766 - Perf_cpu - INFO - Maximum prime number checked in CPU test: 30000
2016-08-02 09:32:51,766 - Perf_cpu - INFO - 
2016-08-02 09:32:51,766 - Perf_cpu - INFO - 
2016-08-02 09:32:51,766 - Perf_cpu - INFO - Test execution summary:
2016-08-02 09:32:51,766 - Perf_cpu - INFO -     total time:                          43.6764s
2016-08-02 09:32:51,766 - Perf_cpu - INFO -     total number of events:              10000
2016-08-02 09:32:51,766 - Perf_cpu - INFO -     total time taken by event execution: 43.6756
2016-08-02 09:32:51,766 - Perf_cpu - INFO -     per-request statistics:
2016-08-02 09:32:51,766 - Perf_cpu - INFO -          min:                                  4.34ms
2016-08-02 09:32:51,766 - Perf_cpu - INFO -          avg:                                  4.37ms
2016-08-02 09:32:51,766 - Perf_cpu - INFO -          max:                                  4.56ms
2016-08-02 09:32:51,766 - Perf_cpu - INFO -          approx.  95 percentile:               4.48ms
2016-08-02 09:32:51,767 - Perf_cpu - INFO - 
2016-08-02 09:32:51,767 - Perf_cpu - INFO - Threads fairness:
2016-08-02 09:32:51,767 - Perf_cpu - INFO -     events (avg/stddev):           10000.0000/0.00
2016-08-02 09:32:51,767 - Perf_cpu - INFO -     execution time (avg/stddev):   43.6756/0.00
2016-08-02 09:33:35,366 - Perf_cpu - INFO - sysbench 0.4.12:  multi-threaded system evaluation benchmark
2016-08-02 09:33:35,367 - Perf_cpu - INFO - 
2016-08-02 09:33:35,367 - Perf_cpu - INFO - Running the test with following options:
2016-08-02 09:33:35,367 - Perf_cpu - INFO - Number of threads: 1
2016-08-02 09:33:35,367 - Perf_cpu - INFO - 
2016-08-02 09:33:35,367 - Perf_cpu - INFO - Doing CPU performance benchmark
2016-08-02 09:33:35,367 - Perf_cpu - INFO - 
2016-08-02 09:33:35,367 - Perf_cpu - INFO - Threads started!
2016-08-02 09:33:35,367 - Perf_cpu - INFO - Done.
2016-08-02 09:33:35,367 - Perf_cpu - INFO - 
2016-08-02 09:33:35,367 - Perf_cpu - INFO - Maximum prime number checked in CPU test: 30000
2016-08-02 09:33:35,367 - Perf_cpu - INFO - 
2016-08-02 09:33:35,367 - Perf_cpu - INFO - 
2016-08-02 09:33:35,367 - Perf_cpu - INFO - Test execution summary:
2016-08-02 09:33:35,368 - Perf_cpu - INFO -     total time:                          43.5967s
2016-08-02 09:33:35,368 - Perf_cpu - INFO -     total number of events:              10000
2016-08-02 09:33:35,368 - Perf_cpu - INFO -     total time taken by event execution: 43.5960
2016-08-02 09:33:35,368 - Perf_cpu - INFO -     per-request statistics:
2016-08-02 09:33:35,368 - Perf_cpu - INFO -          min:                                  4.34ms
2016-08-02 09:33:35,368 - Perf_cpu - INFO -          avg:                                  4.36ms
2016-08-02 09:33:35,368 - Perf_cpu - INFO -          max:                                  4.53ms
2016-08-02 09:33:35,368 - Perf_cpu - INFO -          approx.  95 percentile:               4.48ms
2016-08-02 09:33:35,368 - Perf_cpu - INFO - 
2016-08-02 09:33:35,368 - Perf_cpu - INFO - Threads fairness:
2016-08-02 09:33:35,368 - Perf_cpu - INFO -     events (avg/stddev):           10000.0000/0.00
2016-08-02 09:33:35,368 - Perf_cpu - INFO -     execution time (avg/stddev):   43.5960/0.00
2016-08-02 09:34:18,875 - Perf_cpu - INFO - sysbench 0.4.12:  multi-threaded system evaluation benchmark
2016-08-02 09:34:18,876 - Perf_cpu - INFO - 
2016-08-02 09:34:18,876 - Perf_cpu - INFO - Running the test with following options:
2016-08-02 09:34:18,876 - Perf_cpu - INFO - Number of threads: 1
2016-08-02 09:34:18,876 - Perf_cpu - INFO - 
2016-08-02 09:34:18,876 - Perf_cpu - INFO - Doing CPU performance benchmark
2016-08-02 09:34:18,876 - Perf_cpu - INFO - 
2016-08-02 09:34:18,876 - Perf_cpu - INFO - Threads started!
2016-08-02 09:34:18,876 - Perf_cpu - INFO - Done.
2016-08-02 09:34:18,876 - Perf_cpu - INFO - 
2016-08-02 09:34:18,876 - Perf_cpu - INFO - Maximum prime number checked in CPU test: 30000
2016-08-02 09:34:18,876 - Perf_cpu - INFO - 
2016-08-02 09:34:18,876 - Perf_cpu - INFO - 
2016-08-02 09:34:18,877 - Perf_cpu - INFO - Test execution summary:
2016-08-02 09:34:18,877 - Perf_cpu - INFO -     total time:                          43.5042s
2016-08-02 09:34:18,877 - Perf_cpu - INFO -     total number of events:              10000
2016-08-02 09:34:18,877 - Perf_cpu - INFO -     total time taken by event execution: 43.5035
2016-08-02 09:34:18,877 - Perf_cpu - INFO -     per-request statistics:
2016-08-02 09:34:18,877 - Perf_cpu - INFO -          min:                                  4.34ms
2016-08-02 09:34:18,877 - Perf_cpu - INFO -          avg:                                  4.35ms
2016-08-02 09:34:18,877 - Perf_cpu - INFO -          max:                                  4.57ms
2016-08-02 09:34:18,877 - Perf_cpu - INFO -          approx.  95 percentile:               4.37ms
2016-08-02 09:34:18,877 - Perf_cpu - INFO - 
2016-08-02 09:34:18,877 - Perf_cpu - INFO - Threads fairness:
2016-08-02 09:34:18,877 - Perf_cpu - INFO -     events (avg/stddev):           10000.0000/0.00
2016-08-02 09:34:18,877 - Perf_cpu - INFO -     execution time (avg/stddev):   43.5035/0.00
