2016-07-15 16:59:07,735 - Perf_io - INFO - {u'i': u'0,1,2', u'tag': u"'io'", u'reboot': u'no', u'runtimes': u'3', u's': u'1G', u'r': u'1M', u't': u'1', u'tarbal': u'iozone-3.414.tar.gz'}
2016-07-15 16:59:07,735 - Perf_io - INFO - -s 1G  -i 0 -i 1 -i 2 -t 1 -r 1M
2016-07-15 16:59:07,735 - Perf_io - INFO - /home/isoft_lp/Github/Lpbs-i/tmp/Perf_io/src/current/iozone -s 1G  -i 0 -i 1 -i 2 -t 1 -r 1M
2016-07-15 17:00:45,066 - Perf_io - INFO - 	Iozone: Performance Test of File I/O
2016-07-15 17:00:45,082 - Perf_io - INFO - 	        Version $Revision: 3.414 $
2016-07-15 17:00:45,082 - Perf_io - INFO - 		Compiled for 64 bit mode.
2016-07-15 17:00:45,082 - Perf_io - INFO - 		Build: linux
2016-07-15 17:00:45,082 - Perf_io - INFO - 
2016-07-15 17:00:45,083 - Perf_io - INFO - 	Contributors:William Norcott, Don Capps, Isom Crawford, Kirby Collins
2016-07-15 17:00:45,083 - Perf_io - INFO - 	             Al Slater, Scott Rhine, Mike Wisner, Ken Goss
2016-07-15 17:00:45,083 - Perf_io - INFO - 	             Steve Landherr, Brad Smith, Mark Kelly, Dr. Alain CYR,
2016-07-15 17:00:45,083 - Perf_io - INFO - 	             Randy Dunlap, Mark Montague, Dan Million, Gavin Brebner,
2016-07-15 17:00:45,083 - Perf_io - INFO - 	             Jean-Marc Zucconi, Jeff Blomberg, Benny Halevy, Dave Boone,
2016-07-15 17:00:45,083 - Perf_io - INFO - 	             Erik Habbinga, Kris Strecker, Walter Wong, Joshua Root,
2016-07-15 17:00:45,083 - Perf_io - INFO - 	             Fabrice Bacchella, Zhenghua Xue, Qin Li, Darren Sawyer,
2016-07-15 17:00:45,083 - Perf_io - INFO - 	             Vangel Bojaxhi, Ben England.
2016-07-15 17:00:45,083 - Perf_io - INFO - 
2016-07-15 17:00:45,083 - Perf_io - INFO - 	Run began: Fri Jul 15 16:59:07 2016
2016-07-15 17:00:45,083 - Perf_io - INFO - 
2016-07-15 17:00:45,083 - Perf_io - INFO - 	File size set to 1048576 KB
2016-07-15 17:00:45,083 - Perf_io - INFO - 	Record Size 1024 KB
2016-07-15 17:00:45,083 - Perf_io - INFO - 	Command line used: /home/isoft_lp/Github/Lpbs-i/tmp/Perf_io/src/current/iozone -s 1G -i 0 -i 1 -i 2 -t 1 -r 1M
2016-07-15 17:00:45,083 - Perf_io - INFO - 	Output is in Kbytes/sec
2016-07-15 17:00:45,084 - Perf_io - INFO - 	Time Resolution = 0.000001 seconds.
2016-07-15 17:00:45,084 - Perf_io - INFO - 	Processor cache size set to 1024 Kbytes.
2016-07-15 17:00:45,084 - Perf_io - INFO - 	Processor cache line size set to 32 bytes.
2016-07-15 17:00:45,084 - Perf_io - INFO - 	File stride size set to 17 * record size.
2016-07-15 17:00:45,084 - Perf_io - INFO - 	Throughput test with 1 process
2016-07-15 17:00:45,084 - Perf_io - INFO - 	Each process writes a 1048576 Kbyte file in 1024 Kbyte records
2016-07-15 17:00:45,084 - Perf_io - INFO - 
2016-07-15 17:00:45,084 - Perf_io - INFO - 	Children see throughput for  1 initial writers 	=   72281.70 KB/sec
2016-07-15 17:00:45,084 - Perf_io - INFO - 	Parent sees throughput for  1 initial writers 	=   59281.64 KB/sec
2016-07-15 17:00:45,084 - Perf_io - INFO - 	Min throughput per process 			=   72281.70 KB/sec
2016-07-15 17:00:45,084 - Perf_io - INFO - 	Max throughput per process 			=   72281.70 KB/sec
2016-07-15 17:00:45,084 - Perf_io - INFO - 	Avg throughput per process 			=   72281.70 KB/sec
2016-07-15 17:00:45,084 - Perf_io - INFO - 	Min xfer 					= 1048576.00 KB
2016-07-15 17:00:45,084 - Perf_io - INFO - 
2016-07-15 17:00:45,084 - Perf_io - INFO - 	Children see throughput for  1 rewriters 	=   58935.86 KB/sec
2016-07-15 17:00:45,085 - Perf_io - INFO - 	Parent sees throughput for  1 rewriters 	=   49103.22 KB/sec
2016-07-15 17:00:45,085 - Perf_io - INFO - 	Min throughput per process 			=   58935.86 KB/sec
2016-07-15 17:00:45,085 - Perf_io - INFO - 	Max throughput per process 			=   58935.86 KB/sec
2016-07-15 17:00:45,085 - Perf_io - INFO - 	Avg throughput per process 			=   58935.86 KB/sec
2016-07-15 17:00:45,085 - Perf_io - INFO - 	Min xfer 					= 1048576.00 KB
2016-07-15 17:00:45,085 - Perf_io - INFO - 
2016-07-15 17:00:45,085 - Perf_io - INFO - 	Children see throughput for  1 readers 		=  113333.62 KB/sec
2016-07-15 17:00:45,085 - Perf_io - INFO - 	Parent sees throughput for  1 readers 		=  112977.28 KB/sec
2016-07-15 17:00:45,085 - Perf_io - INFO - 	Min throughput per process 			=  113333.62 KB/sec
2016-07-15 17:00:45,085 - Perf_io - INFO - 	Max throughput per process 			=  113333.62 KB/sec
2016-07-15 17:00:45,085 - Perf_io - INFO - 	Avg throughput per process 			=  113333.62 KB/sec
2016-07-15 17:00:45,085 - Perf_io - INFO - 	Min xfer 					= 1048576.00 KB
2016-07-15 17:00:45,085 - Perf_io - INFO - 
2016-07-15 17:00:45,085 - Perf_io - INFO - 	Children see throughput for 1 re-readers 	= 6076833.50 KB/sec
2016-07-15 17:00:45,085 - Perf_io - INFO - 	Parent sees throughput for 1 re-readers 	= 6063863.86 KB/sec
2016-07-15 17:00:45,086 - Perf_io - INFO - 	Min throughput per process 			= 6076833.50 KB/sec
2016-07-15 17:00:45,086 - Perf_io - INFO - 	Max throughput per process 			= 6076833.50 KB/sec
2016-07-15 17:00:45,086 - Perf_io - INFO - 	Avg throughput per process 			= 6076833.50 KB/sec
2016-07-15 17:00:45,086 - Perf_io - INFO - 	Min xfer 					= 1048576.00 KB
2016-07-15 17:00:45,086 - Perf_io - INFO - 
2016-07-15 17:00:45,086 - Perf_io - INFO - 	Children see throughput for 1 random readers 	= 6378012.50 KB/sec
2016-07-15 17:00:45,086 - Perf_io - INFO - 	Parent sees throughput for 1 random readers 	= 6361176.92 KB/sec
2016-07-15 17:00:45,086 - Perf_io - INFO - 	Min throughput per process 			= 6378012.50 KB/sec
2016-07-15 17:00:45,086 - Perf_io - INFO - 	Max throughput per process 			= 6378012.50 KB/sec
2016-07-15 17:00:45,086 - Perf_io - INFO - 	Avg throughput per process 			= 6378012.50 KB/sec
2016-07-15 17:00:45,086 - Perf_io - INFO - 	Min xfer 					= 1048576.00 KB
2016-07-15 17:00:45,086 - Perf_io - INFO - 
2016-07-15 17:00:45,086 - Perf_io - INFO - 	Children see throughput for 1 random writers 	=   53893.41 KB/sec
2016-07-15 17:00:45,086 - Perf_io - INFO - 	Parent sees throughput for 1 random writers 	=   39987.66 KB/sec
2016-07-15 17:00:45,086 - Perf_io - INFO - 	Min throughput per process 			=   53893.41 KB/sec
2016-07-15 17:00:45,086 - Perf_io - INFO - 	Max throughput per process 			=   53893.41 KB/sec
2016-07-15 17:00:45,087 - Perf_io - INFO - 	Avg throughput per process 			=   53893.41 KB/sec
2016-07-15 17:00:45,087 - Perf_io - INFO - 	Min xfer 					= 1048576.00 KB
2016-07-15 17:00:45,087 - Perf_io - INFO - 
2016-07-15 17:00:45,087 - Perf_io - INFO - 
2016-07-15 17:00:45,087 - Perf_io - INFO - 
2016-07-15 17:00:45,087 - Perf_io - INFO - iozone test complete.
2016-07-15 17:02:09,009 - Perf_io - INFO - 	Iozone: Performance Test of File I/O
2016-07-15 17:02:09,010 - Perf_io - INFO - 	        Version $Revision: 3.414 $
2016-07-15 17:02:09,010 - Perf_io - INFO - 		Compiled for 64 bit mode.
2016-07-15 17:02:09,010 - Perf_io - INFO - 		Build: linux
2016-07-15 17:02:09,010 - Perf_io - INFO - 
2016-07-15 17:02:09,010 - Perf_io - INFO - 	Contributors:William Norcott, Don Capps, Isom Crawford, Kirby Collins
2016-07-15 17:02:09,010 - Perf_io - INFO - 	             Al Slater, Scott Rhine, Mike Wisner, Ken Goss
2016-07-15 17:02:09,010 - Perf_io - INFO - 	             Steve Landherr, Brad Smith, Mark Kelly, Dr. Alain CYR,
2016-07-15 17:02:09,010 - Perf_io - INFO - 	             Randy Dunlap, Mark Montague, Dan Million, Gavin Brebner,
2016-07-15 17:02:09,010 - Perf_io - INFO - 	             Jean-Marc Zucconi, Jeff Blomberg, Benny Halevy, Dave Boone,
2016-07-15 17:02:09,010 - Perf_io - INFO - 	             Erik Habbinga, Kris Strecker, Walter Wong, Joshua Root,
2016-07-15 17:02:09,010 - Perf_io - INFO - 	             Fabrice Bacchella, Zhenghua Xue, Qin Li, Darren Sawyer,
2016-07-15 17:02:09,011 - Perf_io - INFO - 	             Vangel Bojaxhi, Ben England.
2016-07-15 17:02:09,011 - Perf_io - INFO - 
2016-07-15 17:02:09,011 - Perf_io - INFO - 	Run began: Fri Jul 15 17:00:45 2016
2016-07-15 17:02:09,011 - Perf_io - INFO - 
2016-07-15 17:02:09,011 - Perf_io - INFO - 	File size set to 1048576 KB
2016-07-15 17:02:09,011 - Perf_io - INFO - 	Record Size 1024 KB
2016-07-15 17:02:09,011 - Perf_io - INFO - 	Command line used: /home/isoft_lp/Github/Lpbs-i/tmp/Perf_io/src/current/iozone -s 1G -i 0 -i 1 -i 2 -t 1 -r 1M
2016-07-15 17:02:09,011 - Perf_io - INFO - 	Output is in Kbytes/sec
2016-07-15 17:02:09,011 - Perf_io - INFO - 	Time Resolution = 0.000001 seconds.
2016-07-15 17:02:09,011 - Perf_io - INFO - 	Processor cache size set to 1024 Kbytes.
2016-07-15 17:02:09,011 - Perf_io - INFO - 	Processor cache line size set to 32 bytes.
2016-07-15 17:02:09,011 - Perf_io - INFO - 	File stride size set to 17 * record size.
2016-07-15 17:02:09,011 - Perf_io - INFO - 	Throughput test with 1 process
2016-07-15 17:02:09,011 - Perf_io - INFO - 	Each process writes a 1048576 Kbyte file in 1024 Kbyte records
2016-07-15 17:02:09,011 - Perf_io - INFO - 
2016-07-15 17:02:09,011 - Perf_io - INFO - 	Children see throughput for  1 initial writers 	=   66962.08 KB/sec
2016-07-15 17:02:09,011 - Perf_io - INFO - 	Parent sees throughput for  1 initial writers 	=   55020.63 KB/sec
2016-07-15 17:02:09,012 - Perf_io - INFO - 	Min throughput per process 			=   66962.08 KB/sec
2016-07-15 17:02:09,012 - Perf_io - INFO - 	Max throughput per process 			=   66962.08 KB/sec
2016-07-15 17:02:09,012 - Perf_io - INFO - 	Avg throughput per process 			=   66962.08 KB/sec
2016-07-15 17:02:09,012 - Perf_io - INFO - 	Min xfer 					= 1048576.00 KB
2016-07-15 17:02:09,012 - Perf_io - INFO - 
2016-07-15 17:02:09,012 - Perf_io - INFO - 	Children see throughput for  1 rewriters 	=   67884.05 KB/sec
2016-07-15 17:02:09,012 - Perf_io - INFO - 	Parent sees throughput for  1 rewriters 	=   53020.81 KB/sec
2016-07-15 17:02:09,012 - Perf_io - INFO - 	Min throughput per process 			=   67884.05 KB/sec
2016-07-15 17:02:09,012 - Perf_io - INFO - 	Max throughput per process 			=   67884.05 KB/sec
2016-07-15 17:02:09,012 - Perf_io - INFO - 	Avg throughput per process 			=   67884.05 KB/sec
2016-07-15 17:02:09,012 - Perf_io - INFO - 	Min xfer 					= 1048576.00 KB
2016-07-15 17:02:09,012 - Perf_io - INFO - 
2016-07-15 17:02:09,012 - Perf_io - INFO - 	Children see throughput for  1 readers 		= 6069026.50 KB/sec
2016-07-15 17:02:09,012 - Perf_io - INFO - 	Parent sees throughput for  1 readers 		= 4480406.21 KB/sec
2016-07-15 17:02:09,013 - Perf_io - INFO - 	Min throughput per process 			= 6069026.50 KB/sec
2016-07-15 17:02:09,013 - Perf_io - INFO - 	Max throughput per process 			= 6069026.50 KB/sec
2016-07-15 17:02:09,013 - Perf_io - INFO - 	Avg throughput per process 			= 6069026.50 KB/sec
2016-07-15 17:02:09,013 - Perf_io - INFO - 	Min xfer 					= 1048576.00 KB
2016-07-15 17:02:09,013 - Perf_io - INFO - 
2016-07-15 17:02:09,013 - Perf_io - INFO - 	Children see throughput for 1 re-readers 	= 5842369.00 KB/sec
2016-07-15 17:02:09,013 - Perf_io - INFO - 	Parent sees throughput for 1 re-readers 	= 4786990.41 KB/sec
2016-07-15 17:02:09,013 - Perf_io - INFO - 	Min throughput per process 			= 5842369.00 KB/sec
2016-07-15 17:02:09,013 - Perf_io - INFO - 	Max throughput per process 			= 5842369.00 KB/sec
2016-07-15 17:02:09,013 - Perf_io - INFO - 	Avg throughput per process 			= 5842369.00 KB/sec
2016-07-15 17:02:09,013 - Perf_io - INFO - 	Min xfer 					= 1048576.00 KB
2016-07-15 17:02:09,013 - Perf_io - INFO - 
2016-07-15 17:02:09,013 - Perf_io - INFO - 	Children see throughput for 1 random readers 	= 6024599.00 KB/sec
2016-07-15 17:02:09,013 - Perf_io - INFO - 	Parent sees throughput for 1 random readers 	= 6012237.16 KB/sec
2016-07-15 17:02:09,013 - Perf_io - INFO - 	Min throughput per process 			= 6024599.00 KB/sec
2016-07-15 17:02:09,014 - Perf_io - INFO - 	Max throughput per process 			= 6024599.00 KB/sec
2016-07-15 17:02:09,014 - Perf_io - INFO - 	Avg throughput per process 			= 6024599.00 KB/sec
2016-07-15 17:02:09,014 - Perf_io - INFO - 	Min xfer 					= 1048576.00 KB
2016-07-15 17:02:09,014 - Perf_io - INFO - 
2016-07-15 17:02:09,014 - Perf_io - INFO - 	Children see throughput for 1 random writers 	=   59891.75 KB/sec
2016-07-15 17:02:09,014 - Perf_io - INFO - 	Parent sees throughput for 1 random writers 	=   46354.53 KB/sec
2016-07-15 17:02:09,014 - Perf_io - INFO - 	Min throughput per process 			=   59891.75 KB/sec
2016-07-15 17:02:09,014 - Perf_io - INFO - 	Max throughput per process 			=   59891.75 KB/sec
2016-07-15 17:02:09,014 - Perf_io - INFO - 	Avg throughput per process 			=   59891.75 KB/sec
2016-07-15 17:02:09,014 - Perf_io - INFO - 	Min xfer 					= 1048576.00 KB
2016-07-15 17:02:09,014 - Perf_io - INFO - 
2016-07-15 17:02:09,014 - Perf_io - INFO - 
2016-07-15 17:02:09,014 - Perf_io - INFO - 
2016-07-15 17:02:09,015 - Perf_io - INFO - iozone test complete.
2016-07-15 17:03:29,681 - Perf_io - INFO - 	Iozone: Performance Test of File I/O
2016-07-15 17:03:29,682 - Perf_io - INFO - 	        Version $Revision: 3.414 $
2016-07-15 17:03:29,682 - Perf_io - INFO - 		Compiled for 64 bit mode.
2016-07-15 17:03:29,682 - Perf_io - INFO - 		Build: linux
2016-07-15 17:03:29,682 - Perf_io - INFO - 
2016-07-15 17:03:29,682 - Perf_io - INFO - 	Contributors:William Norcott, Don Capps, Isom Crawford, Kirby Collins
2016-07-15 17:03:29,682 - Perf_io - INFO - 	             Al Slater, Scott Rhine, Mike Wisner, Ken Goss
2016-07-15 17:03:29,682 - Perf_io - INFO - 	             Steve Landherr, Brad Smith, Mark Kelly, Dr. Alain CYR,
2016-07-15 17:03:29,682 - Perf_io - INFO - 	             Randy Dunlap, Mark Montague, Dan Million, Gavin Brebner,
2016-07-15 17:03:29,682 - Perf_io - INFO - 	             Jean-Marc Zucconi, Jeff Blomberg, Benny Halevy, Dave Boone,
2016-07-15 17:03:29,682 - Perf_io - INFO - 	             Erik Habbinga, Kris Strecker, Walter Wong, Joshua Root,
2016-07-15 17:03:29,682 - Perf_io - INFO - 	             Fabrice Bacchella, Zhenghua Xue, Qin Li, Darren Sawyer,
2016-07-15 17:03:29,682 - Perf_io - INFO - 	             Vangel Bojaxhi, Ben England.
2016-07-15 17:03:29,682 - Perf_io - INFO - 
2016-07-15 17:03:29,682 - Perf_io - INFO - 	Run began: Fri Jul 15 17:02:09 2016
2016-07-15 17:03:29,682 - Perf_io - INFO - 
2016-07-15 17:03:29,683 - Perf_io - INFO - 	File size set to 1048576 KB
2016-07-15 17:03:29,683 - Perf_io - INFO - 	Record Size 1024 KB
2016-07-15 17:03:29,683 - Perf_io - INFO - 	Command line used: /home/isoft_lp/Github/Lpbs-i/tmp/Perf_io/src/current/iozone -s 1G -i 0 -i 1 -i 2 -t 1 -r 1M
2016-07-15 17:03:29,683 - Perf_io - INFO - 	Output is in Kbytes/sec
2016-07-15 17:03:29,683 - Perf_io - INFO - 	Time Resolution = 0.000001 seconds.
2016-07-15 17:03:29,683 - Perf_io - INFO - 	Processor cache size set to 1024 Kbytes.
2016-07-15 17:03:29,683 - Perf_io - INFO - 	Processor cache line size set to 32 bytes.
2016-07-15 17:03:29,683 - Perf_io - INFO - 	File stride size set to 17 * record size.
2016-07-15 17:03:29,683 - Perf_io - INFO - 	Throughput test with 1 process
2016-07-15 17:03:29,683 - Perf_io - INFO - 	Each process writes a 1048576 Kbyte file in 1024 Kbyte records
2016-07-15 17:03:29,683 - Perf_io - INFO - 
2016-07-15 17:03:29,683 - Perf_io - INFO - 	Children see throughput for  1 initial writers 	=   74641.89 KB/sec
2016-07-15 17:03:29,684 - Perf_io - INFO - 	Parent sees throughput for  1 initial writers 	=   59809.47 KB/sec
2016-07-15 17:03:29,684 - Perf_io - INFO - 	Min throughput per process 			=   74641.89 KB/sec
2016-07-15 17:03:29,684 - Perf_io - INFO - 	Max throughput per process 			=   74641.89 KB/sec
2016-07-15 17:03:29,684 - Perf_io - INFO - 	Avg throughput per process 			=   74641.89 KB/sec
2016-07-15 17:03:29,684 - Perf_io - INFO - 	Min xfer 					= 1048576.00 KB
2016-07-15 17:03:29,684 - Perf_io - INFO - 
2016-07-15 17:03:29,684 - Perf_io - INFO - 	Children see throughput for  1 rewriters 	=   68960.43 KB/sec
2016-07-15 17:03:29,684 - Perf_io - INFO - 	Parent sees throughput for  1 rewriters 	=   57214.17 KB/sec
2016-07-15 17:03:29,684 - Perf_io - INFO - 	Min throughput per process 			=   68960.43 KB/sec
2016-07-15 17:03:29,684 - Perf_io - INFO - 	Max throughput per process 			=   68960.43 KB/sec
2016-07-15 17:03:29,684 - Perf_io - INFO - 	Avg throughput per process 			=   68960.43 KB/sec
2016-07-15 17:03:29,684 - Perf_io - INFO - 	Min xfer 					= 1048576.00 KB
2016-07-15 17:03:29,684 - Perf_io - INFO - 
2016-07-15 17:03:29,684 - Perf_io - INFO - 	Children see throughput for  1 readers 		= 4165015.00 KB/sec
2016-07-15 17:03:29,684 - Perf_io - INFO - 	Parent sees throughput for  1 readers 		= 2237993.66 KB/sec
2016-07-15 17:03:29,685 - Perf_io - INFO - 	Min throughput per process 			= 4165015.00 KB/sec
2016-07-15 17:03:29,685 - Perf_io - INFO - 	Max throughput per process 			= 4165015.00 KB/sec
2016-07-15 17:03:29,685 - Perf_io - INFO - 	Avg throughput per process 			= 4165015.00 KB/sec
2016-07-15 17:03:29,685 - Perf_io - INFO - 	Min xfer 					= 1048576.00 KB
2016-07-15 17:03:29,685 - Perf_io - INFO - 
2016-07-15 17:03:29,685 - Perf_io - INFO - 	Children see throughput for 1 re-readers 	= 6358822.50 KB/sec
2016-07-15 17:03:29,685 - Perf_io - INFO - 	Parent sees throughput for 1 re-readers 	= 6344668.03 KB/sec
2016-07-15 17:03:29,685 - Perf_io - INFO - 	Min throughput per process 			= 6358822.50 KB/sec
2016-07-15 17:03:29,685 - Perf_io - INFO - 	Max throughput per process 			= 6358822.50 KB/sec
2016-07-15 17:03:29,685 - Perf_io - INFO - 	Avg throughput per process 			= 6358822.50 KB/sec
2016-07-15 17:03:29,685 - Perf_io - INFO - 	Min xfer 					= 1048576.00 KB
2016-07-15 17:03:29,685 - Perf_io - INFO - 
2016-07-15 17:03:29,685 - Perf_io - INFO - 	Children see throughput for 1 random readers 	= 6024467.00 KB/sec
2016-07-15 17:03:29,685 - Perf_io - INFO - 	Parent sees throughput for 1 random readers 	= 5994528.49 KB/sec
2016-07-15 17:03:29,685 - Perf_io - INFO - 	Min throughput per process 			= 6024467.00 KB/sec
2016-07-15 17:03:29,685 - Perf_io - INFO - 	Max throughput per process 			= 6024467.00 KB/sec
2016-07-15 17:03:29,686 - Perf_io - INFO - 	Avg throughput per process 			= 6024467.00 KB/sec
2016-07-15 17:03:29,686 - Perf_io - INFO - 	Min xfer 					= 1048576.00 KB
2016-07-15 17:03:29,686 - Perf_io - INFO - 
2016-07-15 17:03:29,686 - Perf_io - INFO - 	Children see throughput for 1 random writers 	=   60320.33 KB/sec
2016-07-15 17:03:29,686 - Perf_io - INFO - 	Parent sees throughput for 1 random writers 	=   46712.64 KB/sec
2016-07-15 17:03:29,686 - Perf_io - INFO - 	Min throughput per process 			=   60320.33 KB/sec
2016-07-15 17:03:29,686 - Perf_io - INFO - 	Max throughput per process 			=   60320.33 KB/sec
2016-07-15 17:03:29,686 - Perf_io - INFO - 	Avg throughput per process 			=   60320.33 KB/sec
2016-07-15 17:03:29,686 - Perf_io - INFO - 	Min xfer 					= 1048576.00 KB
2016-07-15 17:03:29,686 - Perf_io - INFO - 
2016-07-15 17:03:29,686 - Perf_io - INFO - 
2016-07-15 17:03:29,686 - Perf_io - INFO - 
2016-07-15 17:03:29,686 - Perf_io - INFO - iozone test complete.
2016-07-15 17:03:29,754 - Perf_io - INFO - /home/isoft_lp/Github/Lpbs-i/resulttmp/performance
2016-07-15 17:03:29,754 - Perf_io - INFO - /home/isoft_lp/Github/Lpbs-i/finalresult/iSoft_Desktop_4.0
