2016-08-04 14:11:58,756 - Perf_graphics - INFO - {u'tarbal': u'linux-graphics.tar.gz', u'tag': u"'graphics'", u'resolution': u'1366,768', u'reboot': u'no', u'runtimes': u'3'}
2016-08-04 14:11:58,757 - Perf_graphics - INFO - /home/isoft_lp/Github/Lpbs-i/tmp/Perf_graphics/Run  1366 768
2016-08-04 14:32:19,699 - Perf_graphics - INFO - spawn ./glmark
2016-08-04 14:32:19,699 - Perf_graphics - INFO - ===================================================
2016-08-04 14:32:19,699 - Perf_graphics - INFO -     GLMark 08
2016-08-04 14:32:19,699 - Perf_graphics - INFO - ===================================================
2016-08-04 14:32:19,700 - Perf_graphics - INFO - Enter screen width:  1366
2016-08-04 14:32:19,700 - Perf_graphics - INFO - Enter screen height: 768
2016-08-04 14:32:19,700 - Perf_graphics - INFO - Enter screen bpp:    32
2016-08-04 14:32:19,700 - Perf_graphics - INFO - Enter '1' for fullscreen '0' for windowed: 0
2016-08-04 14:32:19,700 - Perf_graphics - INFO - ===================================================
2016-08-04 14:32:19,700 - Perf_graphics - INFO -     OpenGL Information
2016-08-04 14:32:19,700 - Perf_graphics - INFO -     GL_VENDOR:     Intel Open Source Technology Center
2016-08-04 14:32:19,700 - Perf_graphics - INFO -     GL_RENDERER:   Mesa DRI Intel(R) Haswell Mobile
2016-08-04 14:32:19,700 - Perf_graphics - INFO -     GL_VERSION:    3.0 Mesa 11.1.1
2016-08-04 14:32:19,700 - Perf_graphics - INFO - ===================================================
2016-08-04 14:32:19,700 - Perf_graphics - INFO - Precompilation
2016-08-04 14:32:19,700 - Perf_graphics - INFO -     No Precompilation             FPS: 59
2016-08-04 14:32:19,700 - Perf_graphics - INFO -     Build list                    FPS: 60
2016-08-04 14:32:19,700 - Perf_graphics - INFO -     Vertex array                  FPS: 60
2016-08-04 14:32:19,701 - Perf_graphics - INFO -     Vertex buffer object          FPS: 60
2016-08-04 14:32:19,701 - Perf_graphics - INFO - Texture filtering
2016-08-04 14:32:19,701 - Perf_graphics - INFO -     Nearest                       FPS: 59
2016-08-04 14:32:19,701 - Perf_graphics - INFO -     Linear                        FPS: 60
2016-08-04 14:32:19,701 - Perf_graphics - INFO -     Mipmapped                     FPS: 60
2016-08-04 14:32:19,701 - Perf_graphics - INFO - Shading
2016-08-04 14:32:19,701 - Perf_graphics - INFO -     Smooth shader model      FPS: 59
2016-08-04 14:32:19,701 - Perf_graphics - INFO -     GLSL per vertex lighting FPS: 60
2016-08-04 14:32:19,701 - Perf_graphics - INFO -     GLSL per pixel lighting  FPS: 60
2016-08-04 14:32:19,701 - Perf_graphics - INFO - ===================================================
2016-08-04 14:32:19,701 - Perf_graphics - INFO - Your GLMark08 Score is 374  ^_^
2016-08-04 14:32:19,701 - Perf_graphics - INFO - ===================================================
2016-08-04 14:32:19,701 - Perf_graphics - INFO - QLineEdit - 0.087 s
2016-08-04 14:32:19,702 - Perf_graphics - INFO - QComboBox - 1.021 s
2016-08-04 14:32:19,702 - Perf_graphics - INFO - QComboBoxEntry - 0.967 s
2016-08-04 14:32:19,702 - Perf_graphics - INFO - QSpinBox - 0.041 s
2016-08-04 14:32:19,702 - Perf_graphics - INFO - QProgressBar - 0.054 s
2016-08-04 14:32:19,702 - Perf_graphics - INFO - QPushButton - 0.049 s
2016-08-04 14:32:19,702 - Perf_graphics - INFO - QCheckbox - 0.043 s
2016-08-04 14:32:19,702 - Perf_graphics - INFO - QRadioButton - 0.091 s
2016-08-04 14:32:19,702 - Perf_graphics - INFO - QTextEdit add text - 0.192 s
2016-08-04 14:32:19,703 - Perf_graphics - INFO - QTextEdit scroll - 0.207 s
2016-08-04 14:32:19,703 - Perf_graphics - INFO - QPainter lines - 9.253 s
2016-08-04 14:32:19,703 - Perf_graphics - INFO - QPainter circles - 8.758 s
2016-08-04 14:32:19,703 - Perf_graphics - INFO - QPainter text - 3.458 s
2016-08-04 14:32:19,703 - Perf_graphics - INFO - QPainter pixmap - 0.078 s
2016-08-04 14:32:19,703 - Perf_graphics - INFO - Total: 24.299000 s
2016-08-04 14:32:19,703 - Perf_graphics - INFO - 
2016-08-04 14:32:19,704 - Perf_graphics - INFO - make all
2016-08-04 14:32:19,704 - Perf_graphics - INFO - make[1]: Entering directory '/home/isoft_lp/Github/Lpbs-i/tmp/Perf_graphics/unixbench-5.1.3'
2016-08-04 14:32:19,704 - Perf_graphics - INFO - Checking distribution of files
2016-08-04 14:32:19,704 - Perf_graphics - INFO - ./pgms  exists
2016-08-04 14:32:19,704 - Perf_graphics - INFO - ./src  exists
2016-08-04 14:32:19,704 - Perf_graphics - INFO - ./testdir  exists
2016-08-04 14:32:19,704 - Perf_graphics - INFO - ./tmp  exists
2016-08-04 14:32:19,705 - Perf_graphics - INFO - ./results  exists
2016-08-04 14:32:19,705 - Perf_graphics - INFO - make[1]: Leaving directory '/home/isoft_lp/Github/Lpbs-i/tmp/Perf_graphics/unixbench-5.1.3'
2016-08-04 14:32:19,705 - Perf_graphics - INFO - 
2016-08-04 14:32:19,705 - Perf_graphics - INFO -    #    #  #    #  #  #    #          #####   ######  #    #   ####   #    #
2016-08-04 14:32:19,705 - Perf_graphics - INFO -    #    #  ##   #  #   #  #           #    #  #       ##   #  #    #  #    #
2016-08-04 14:32:19,705 - Perf_graphics - INFO -    #    #  # #  #  #    ##            #####   #####   # #  #  #       ######
2016-08-04 14:32:19,705 - Perf_graphics - INFO -    #    #  #  # #  #    ##            #    #  #       #  # #  #       #    #
2016-08-04 14:32:19,705 - Perf_graphics - INFO -    #    #  #   ##  #   #  #           #    #  #       #   ##  #    #  #    #
2016-08-04 14:32:19,706 - Perf_graphics - INFO -     ####   #    #  #  #    #          #####   ######  #    #   ####   #    #
2016-08-04 14:32:19,706 - Perf_graphics - INFO - 
2016-08-04 14:32:19,706 - Perf_graphics - INFO -    Version 5.1.2                      Based on the Byte Magazine Unix Benchmark
2016-08-04 14:32:19,706 - Perf_graphics - INFO - 
2016-08-04 14:32:19,706 - Perf_graphics - INFO -    Multi-CPU version                  Version 5 revisions by Ian Smith,
2016-08-04 14:32:19,706 - Perf_graphics - INFO -                                       Sunnyvale, CA, USA
2016-08-04 14:32:19,706 - Perf_graphics - INFO -    December 22, 2007                  johantheghost at yahoo period com
2016-08-04 14:32:19,706 - Perf_graphics - INFO - 
2016-08-04 14:32:19,706 - Perf_graphics - INFO - 
2016-08-04 14:32:19,706 - Perf_graphics - INFO - 1 x 2D graphics: rectangles  1 2 3
2016-08-04 14:32:19,707 - Perf_graphics - INFO - 
2016-08-04 14:32:19,707 - Perf_graphics - INFO - 1 x 2D graphics: ellipses  1 2 3
2016-08-04 14:32:19,707 - Perf_graphics - INFO - 
2016-08-04 14:32:19,707 - Perf_graphics - INFO - 1 x 2D graphics: aa polygons  1 2 3
2016-08-04 14:32:19,707 - Perf_graphics - INFO - 
2016-08-04 14:32:19,707 - Perf_graphics - INFO - 1 x 2D graphics: text  1 2 3
2016-08-04 14:32:19,707 - Perf_graphics - INFO - 
2016-08-04 14:32:19,707 - Perf_graphics - INFO - 1 x 2D graphics: images and blits  1 2 3
2016-08-04 14:32:19,707 - Perf_graphics - INFO - 
2016-08-04 14:32:19,708 - Perf_graphics - INFO - 1 x 2D graphics: windows  1 2 3
2016-08-04 14:32:19,708 - Perf_graphics - INFO - 
2016-08-04 14:32:19,708 - Perf_graphics - INFO - 1 x 3D graphics: gears  1 2 3
2016-08-04 14:32:19,708 - Perf_graphics - INFO - 
2016-08-04 14:32:19,708 - Perf_graphics - INFO - ========================================================================
2016-08-04 14:32:19,708 - Perf_graphics - INFO -    BYTE UNIX Benchmarks (Version 5.1.2)
2016-08-04 14:32:19,708 - Perf_graphics - INFO - 
2016-08-04 14:32:19,708 - Perf_graphics - INFO -    System: isoft_lp: GNU/Linux
2016-08-04 14:32:19,708 - Perf_graphics - INFO -    OS: GNU/Linux -- 4.4.1-1 -- #1 SMP Tue Feb 2 14:09:15 CST 2016
2016-08-04 14:32:19,709 - Perf_graphics - INFO -    Machine: x86_64 (unknown)
2016-08-04 14:32:19,709 - Perf_graphics - INFO -    Language: en_US.utf8 (charmap="UTF-8", collate="UTF-8")
2016-08-04 14:32:19,709 - Perf_graphics - INFO -    CPU 0: Intel(R) Core(TM) i5-4200U CPU @ 1.60GHz (4589.8 bogomips)
2016-08-04 14:32:19,709 - Perf_graphics - INFO -           Hyper-Threading, x86-64, MMX, Physical Address Ext, SYSENTER/SYSEXIT, SYSCALL/SYSRET, Intel virtualization
2016-08-04 14:32:19,709 - Perf_graphics - INFO -    CPU 1: Intel(R) Core(TM) i5-4200U CPU @ 1.60GHz (4589.8 bogomips)
2016-08-04 14:32:19,709 - Perf_graphics - INFO -           Hyper-Threading, x86-64, MMX, Physical Address Ext, SYSENTER/SYSEXIT, SYSCALL/SYSRET, Intel virtualization
2016-08-04 14:32:19,709 - Perf_graphics - INFO -    CPU 2: Intel(R) Core(TM) i5-4200U CPU @ 1.60GHz (4589.8 bogomips)
2016-08-04 14:32:19,709 - Perf_graphics - INFO -           Hyper-Threading, x86-64, MMX, Physical Address Ext, SYSENTER/SYSEXIT, SYSCALL/SYSRET, Intel virtualization
2016-08-04 14:32:19,709 - Perf_graphics - INFO -    CPU 3: Intel(R) Core(TM) i5-4200U CPU @ 1.60GHz (4589.8 bogomips)
2016-08-04 14:32:19,710 - Perf_graphics - INFO -           Hyper-Threading, x86-64, MMX, Physical Address Ext, SYSENTER/SYSEXIT, SYSCALL/SYSRET, Intel virtualization
2016-08-04 14:32:19,710 - Perf_graphics - INFO -    14:15:18 up  6:22,  4 users,  load average: 2.39, 2.82, 2.20; runlevel 5
2016-08-04 14:32:19,710 - Perf_graphics - INFO - 
2016-08-04 14:32:19,710 - Perf_graphics - INFO - ------------------------------------------------------------------------
2016-08-04 14:32:19,710 - Perf_graphics - INFO - Benchmark Run: 四 8月 04 2016 14:15:18 - 14:32:19
2016-08-04 14:32:19,710 - Perf_graphics - INFO - 4 CPUs in system; running 1 parallel copy of tests
2016-08-04 14:32:19,710 - Perf_graphics - INFO - 
2016-08-04 14:32:19,710 - Perf_graphics - INFO - 2D graphics: aa polygons                       8940.4 score (51.7 s, 2 samples)
2016-08-04 14:32:19,710 - Perf_graphics - INFO - 2D graphics: ellipses                          2042.3 score (51.9 s, 2 samples)
2016-08-04 14:32:19,711 - Perf_graphics - INFO - 2D graphics: images and blits                332605.1 score (48.9 s, 2 samples)
2016-08-04 14:32:19,711 - Perf_graphics - INFO - 2D graphics: rectangles                        3226.3 score (54.9 s, 2 samples)
2016-08-04 14:32:19,711 - Perf_graphics - INFO - 2D graphics: text                            200574.5 score (32.2 s, 2 samples)
2016-08-04 14:32:19,711 - Perf_graphics - INFO - 2D graphics: windows                           1451.6 score (45.7 s, 2 samples)
2016-08-04 14:32:19,711 - Perf_graphics - INFO - 3D graphics: gears                               60.1 fps   (20.0 s, 2 samples)
2016-08-04 14:32:19,711 - Perf_graphics - INFO - 
2016-08-04 14:32:19,711 - Perf_graphics - INFO - 3D Graphics Benchmarks Index Values          BASELINE       RESULT    INDEX
2016-08-04 14:32:19,711 - Perf_graphics - INFO - 3D graphics: gears                               33.4         60.1     18.0
2016-08-04 14:32:19,711 - Perf_graphics - INFO -                                                                    ========
2016-08-04 14:32:19,712 - Perf_graphics - INFO - 3D Graphics Benchmarks Index Score                                     18.0
2016-08-04 14:32:19,712 - Perf_graphics - INFO - 
2016-08-04 14:32:19,712 - Perf_graphics - INFO - 2D Graphics Benchmarks Index Values          BASELINE       RESULT    INDEX
2016-08-04 14:32:19,712 - Perf_graphics - INFO - 2D graphics: aa polygons                         15.0       8940.4   5960.3
2016-08-04 14:32:19,712 - Perf_graphics - INFO - 2D graphics: ellipses                            15.0       2042.3   1361.5
2016-08-04 14:32:19,712 - Perf_graphics - INFO - 2D graphics: images and blits                    15.0     332605.1 221736.7
2016-08-04 14:32:19,712 - Perf_graphics - INFO - 2D graphics: rectangles                          15.0       3226.3   2150.9
2016-08-04 14:32:19,712 - Perf_graphics - INFO - 2D graphics: text                                15.0     200574.5 133716.3
2016-08-04 14:32:19,712 - Perf_graphics - INFO - 2D graphics: windows                             15.0       1451.6    967.7
2016-08-04 14:32:19,712 - Perf_graphics - INFO -                                                                    ========
2016-08-04 14:32:19,712 - Perf_graphics - INFO - 2D Graphics Benchmarks Index Score                                   8911.4
2016-08-04 14:32:19,712 - Perf_graphics - INFO - 
2016-08-04 14:32:19,712 - Perf_graphics - INFO - ------------------------------------------------------------------------
2016-08-04 14:32:19,713 - Perf_graphics - INFO - Benchmark Run: 四 8月 04 2016 14:32:19 - 14:32:19
2016-08-04 14:32:19,713 - Perf_graphics - INFO - 4 CPUs in system; running 4 parallel copies of tests
