2016-08-02 09:30:17,464 - Perf_cpu - INFO - /home/Lpbs-i/Setup.xml
2016-08-02 09:30:17,465 - Perf_cpu - INFO - /home/Lpbs-i/Test_parameter.xml
2016-08-02 09:30:17,472 - Perf_cpu - INFO - /home/Lpbs-i/Setup.xml
2016-08-02 09:30:17,527 - Perf_cpu - INFO - test is /home/Lpbs-i/tmp
2016-08-02 09:30:22,428 - Perf_cpu - INFO - checking build system type... x86_64-unknown-linux-gnu
2016-08-02 09:30:22,428 - Perf_cpu - INFO - checking host system type... x86_64-unknown-linux-gnu
2016-08-02 09:30:22,428 - Perf_cpu - INFO - checking target system type... x86_64-unknown-linux-gnu
2016-08-02 09:30:22,428 - Perf_cpu - INFO - checking for a BSD-compatible install... /usr/bin/install -c
2016-08-02 09:30:22,428 - Perf_cpu - INFO - checking whether build environment is sane... yes
2016-08-02 09:30:22,428 - Perf_cpu - INFO - checking for a thread-safe mkdir -p... /usr/bin/mkdir -p
2016-08-02 09:30:22,428 - Perf_cpu - INFO - checking for gawk... gawk
2016-08-02 09:30:22,428 - Perf_cpu - INFO - checking whether make sets $(MAKE)... yes
2016-08-02 09:30:22,428 - Perf_cpu - INFO - checking whether to compile with MySQL support... (cached) no
2016-08-02 09:30:22,428 - Perf_cpu - INFO - checking whether to compile with Oracle support... (cached) no
2016-08-02 09:30:22,429 - Perf_cpu - INFO - checking whether to compile with PostgreSQL support... (cached) no
2016-08-02 09:30:22,429 - Perf_cpu - INFO - checking for style of include used by make... GNU
2016-08-02 09:30:22,429 - Perf_cpu - INFO - checking for gcc... gcc
2016-08-02 09:30:22,429 - Perf_cpu - INFO - checking for C compiler default output file name... a.out
2016-08-02 09:30:22,429 - Perf_cpu - INFO - checking whether the C compiler works... yes
2016-08-02 09:30:22,429 - Perf_cpu - INFO - checking whether we are cross compiling... no
2016-08-02 09:30:22,429 - Perf_cpu - INFO - checking for suffix of executables...
2016-08-02 09:30:22,429 - Perf_cpu - INFO - checking for suffix of object files... o
2016-08-02 09:30:22,429 - Perf_cpu - INFO - checking whether we are using the GNU C compiler... yes
2016-08-02 09:30:22,429 - Perf_cpu - INFO - checking whether gcc accepts -g... yes
2016-08-02 09:30:22,429 - Perf_cpu - INFO - checking for gcc option to accept ISO C89... none needed
2016-08-02 09:30:22,429 - Perf_cpu - INFO - checking dependency style of gcc... gcc3
2016-08-02 09:30:22,429 - Perf_cpu - INFO - checking whether SHM_HUGETLB is declared... yes
2016-08-02 09:30:22,429 - Perf_cpu - INFO - checking whether O_SYNC is declared... yes
2016-08-02 09:30:22,429 - Perf_cpu - INFO - checking for gcc... (cached) gcc
2016-08-02 09:30:22,429 - Perf_cpu - INFO - checking whether we are using the GNU C compiler... (cached) yes
2016-08-02 09:30:22,429 - Perf_cpu - INFO - checking whether gcc accepts -g... (cached) yes
2016-08-02 09:30:22,429 - Perf_cpu - INFO - checking for gcc option to accept ISO C89... (cached) none needed
2016-08-02 09:30:22,429 - Perf_cpu - INFO - checking dependency style of gcc... (cached) gcc3
2016-08-02 09:30:22,429 - Perf_cpu - INFO - checking for a sed that does not truncate output... /usr/bin/sed
2016-08-02 09:30:22,429 - Perf_cpu - INFO - checking for grep that handles long lines and -e... /usr/bin/grep
2016-08-02 09:30:22,430 - Perf_cpu - INFO - checking for egrep... /usr/bin/grep -E
2016-08-02 09:30:22,430 - Perf_cpu - INFO - checking for fgrep... /usr/bin/grep -F
2016-08-02 09:30:22,430 - Perf_cpu - INFO - checking for ld used by gcc... /usr/bin/ld
2016-08-02 09:30:22,430 - Perf_cpu - INFO - checking if the linker (/usr/bin/ld) is GNU ld... yes
2016-08-02 09:30:22,430 - Perf_cpu - INFO - checking for BSD- or MS-compatible name lister (nm)... /usr/bin/nm -B
2016-08-02 09:30:22,430 - Perf_cpu - INFO - checking the name lister (/usr/bin/nm -B) interface... BSD nm
2016-08-02 09:30:22,430 - Perf_cpu - INFO - checking whether ln -s works... yes
2016-08-02 09:30:22,430 - Perf_cpu - INFO - checking the maximum length of command line arguments... 1572864
2016-08-02 09:30:22,430 - Perf_cpu - INFO - checking whether the shell understands some XSI constructs... yes
2016-08-02 09:30:22,430 - Perf_cpu - INFO - checking whether the shell understands "+="... yes
2016-08-02 09:30:22,430 - Perf_cpu - INFO - checking for /usr/bin/ld option to reload object files... -r
2016-08-02 09:30:22,430 - Perf_cpu - INFO - checking how to recognize dependent libraries... pass_all
2016-08-02 09:30:22,430 - Perf_cpu - INFO - checking for ar... ar
2016-08-02 09:30:22,430 - Perf_cpu - INFO - checking for strip... strip
2016-08-02 09:30:22,430 - Perf_cpu - INFO - checking for ranlib... ranlib
2016-08-02 09:30:22,430 - Perf_cpu - INFO - checking command to parse /usr/bin/nm -B output from gcc object... ok
2016-08-02 09:30:22,430 - Perf_cpu - INFO - checking how to run the C preprocessor... gcc -E
2016-08-02 09:30:22,430 - Perf_cpu - INFO - checking for ANSI C header files... yes
2016-08-02 09:30:22,430 - Perf_cpu - INFO - checking for sys/types.h... yes
2016-08-02 09:30:22,430 - Perf_cpu - INFO - checking for sys/stat.h... yes
2016-08-02 09:30:22,430 - Perf_cpu - INFO - checking for stdlib.h... yes
2016-08-02 09:30:22,431 - Perf_cpu - INFO - checking for string.h... yes
2016-08-02 09:30:22,431 - Perf_cpu - INFO - checking for memory.h... yes
2016-08-02 09:30:22,431 - Perf_cpu - INFO - checking for strings.h... yes
2016-08-02 09:30:22,431 - Perf_cpu - INFO - checking for inttypes.h... yes
2016-08-02 09:30:22,431 - Perf_cpu - INFO - checking for stdint.h... yes
2016-08-02 09:30:22,431 - Perf_cpu - INFO - checking for unistd.h... yes
2016-08-02 09:30:22,431 - Perf_cpu - INFO - checking for dlfcn.h... yes
2016-08-02 09:30:22,431 - Perf_cpu - INFO - checking for objdir... .libs
2016-08-02 09:30:22,431 - Perf_cpu - INFO - checking if gcc supports -fno-rtti -fno-exceptions... no
2016-08-02 09:30:22,431 - Perf_cpu - INFO - checking for gcc option to produce PIC... -fPIC -DPIC
2016-08-02 09:30:22,431 - Perf_cpu - INFO - checking if gcc PIC flag -fPIC -DPIC works... yes
2016-08-02 09:30:22,431 - Perf_cpu - INFO - checking if gcc static flag -static works... no
2016-08-02 09:30:22,431 - Perf_cpu - INFO - checking if gcc supports -c -o file.o... yes
2016-08-02 09:30:22,431 - Perf_cpu - INFO - checking if gcc supports -c -o file.o... (cached) yes
2016-08-02 09:30:22,431 - Perf_cpu - INFO - checking whether the gcc linker (/usr/bin/ld -m elf_x86_64) supports shared libraries... yes
2016-08-02 09:30:22,431 - Perf_cpu - INFO - checking whether -lc should be explicitly linked in... no
2016-08-02 09:30:22,431 - Perf_cpu - INFO - checking dynamic linker characteristics... GNU/Linux ld.so
2016-08-02 09:30:22,431 - Perf_cpu - INFO - checking how to hardcode library paths into programs... immediate
2016-08-02 09:30:22,431 - Perf_cpu - INFO - checking whether stripping libraries is possible... yes
2016-08-02 09:30:22,431 - Perf_cpu - INFO - checking if libtool supports shared libraries... yes
2016-08-02 09:30:22,431 - Perf_cpu - INFO - checking whether to build shared libraries... yes
2016-08-02 09:30:22,432 - Perf_cpu - INFO - checking whether to build static libraries... yes
2016-08-02 09:30:22,432 - Perf_cpu - INFO - checking for xsltproc... xsltproc
2016-08-02 09:30:22,432 - Perf_cpu - INFO - checking whether xsltproc works... no
2016-08-02 09:30:22,432 - Perf_cpu - INFO - checking for the pthreads library -lpthreads... no
2016-08-02 09:30:22,432 - Perf_cpu - INFO - checking whether pthreads work without any flags... no
2016-08-02 09:30:22,432 - Perf_cpu - INFO - checking whether pthreads work with -Kthread... no
2016-08-02 09:30:22,432 - Perf_cpu - INFO - checking whether pthreads work with -kthread... no
2016-08-02 09:30:22,432 - Perf_cpu - INFO - checking for the pthreads library -llthread... no
2016-08-02 09:30:22,432 - Perf_cpu - INFO - checking whether pthreads work with -pthread... yes
2016-08-02 09:30:22,432 - Perf_cpu - INFO - checking for joinable pthread attribute... PTHREAD_CREATE_JOINABLE
2016-08-02 09:30:22,432 - Perf_cpu - INFO - checking if more special flags are required for pthreads... no
2016-08-02 09:30:22,432 - Perf_cpu - INFO - checking for cc_r... gcc
2016-08-02 09:30:22,432 - Perf_cpu - INFO - checking for sqrt in -lm... yes
2016-08-02 09:30:22,432 - Perf_cpu - INFO - checking libaio.h usability... no
2016-08-02 09:30:22,432 - Perf_cpu - INFO - checking libaio.h presence... no
2016-08-02 09:30:22,432 - Perf_cpu - INFO - checking for libaio.h... no
2016-08-02 09:30:22,432 - Perf_cpu - INFO - checking for malloc in -lumem... no
2016-08-02 09:30:22,432 - Perf_cpu - INFO - checking for malloc in -lmtmalloc... no
2016-08-02 09:30:22,432 - Perf_cpu - INFO - checking for ANSI C header files... (cached) yes
2016-08-02 09:30:22,432 - Perf_cpu - INFO - checking errno.h usability... yes
2016-08-02 09:30:22,432 - Perf_cpu - INFO - checking errno.h presence... yes
2016-08-02 09:30:22,433 - Perf_cpu - INFO - checking for errno.h... yes
2016-08-02 09:30:22,433 - Perf_cpu - INFO - checking fcntl.h usability... yes
2016-08-02 09:30:22,433 - Perf_cpu - INFO - checking fcntl.h presence... yes
2016-08-02 09:30:22,433 - Perf_cpu - INFO - checking for fcntl.h... yes
2016-08-02 09:30:22,433 - Perf_cpu - INFO - checking math.h usability... yes
2016-08-02 09:30:22,433 - Perf_cpu - INFO - checking math.h presence... yes
2016-08-02 09:30:22,433 - Perf_cpu - INFO - checking for math.h... yes
2016-08-02 09:30:22,433 - Perf_cpu - INFO - checking pthread.h usability... yes
2016-08-02 09:30:22,433 - Perf_cpu - INFO - checking pthread.h presence... yes
2016-08-02 09:30:22,433 - Perf_cpu - INFO - checking for pthread.h... yes
2016-08-02 09:30:22,433 - Perf_cpu - INFO - checking sched.h usability... yes
2016-08-02 09:30:22,433 - Perf_cpu - INFO - checking sched.h presence... yes
2016-08-02 09:30:22,433 - Perf_cpu - INFO - checking for sched.h... yes
2016-08-02 09:30:22,433 - Perf_cpu - INFO - checking signal.h usability... yes
2016-08-02 09:30:22,433 - Perf_cpu - INFO - checking signal.h presence... yes
2016-08-02 09:30:22,433 - Perf_cpu - INFO - checking for signal.h... yes
2016-08-02 09:30:22,433 - Perf_cpu - INFO - checking for stdlib.h... (cached) yes
2016-08-02 09:30:22,433 - Perf_cpu - INFO - checking for string.h... (cached) yes
2016-08-02 09:30:22,433 - Perf_cpu - INFO - checking sys/aio.h usability... no
2016-08-02 09:30:22,433 - Perf_cpu - INFO - checking sys/aio.h presence... no
2016-08-02 09:30:22,433 - Perf_cpu - INFO - checking for sys/aio.h... no
2016-08-02 09:30:22,433 - Perf_cpu - INFO - checking sys/ipc.h usability... yes
2016-08-02 09:30:22,434 - Perf_cpu - INFO - checking sys/ipc.h presence... yes
2016-08-02 09:30:22,434 - Perf_cpu - INFO - checking for sys/ipc.h... yes
2016-08-02 09:30:22,434 - Perf_cpu - INFO - checking sys/time.h usability... yes
2016-08-02 09:30:22,434 - Perf_cpu - INFO - checking sys/time.h presence... yes
2016-08-02 09:30:22,434 - Perf_cpu - INFO - checking for sys/time.h... yes
2016-08-02 09:30:22,434 - Perf_cpu - INFO - checking sys/mman.h usability... yes
2016-08-02 09:30:22,434 - Perf_cpu - INFO - checking sys/mman.h presence... yes
2016-08-02 09:30:22,434 - Perf_cpu - INFO - checking for sys/mman.h... yes
2016-08-02 09:30:22,434 - Perf_cpu - INFO - checking sys/shm.h usability... yes
2016-08-02 09:30:22,434 - Perf_cpu - INFO - checking sys/shm.h presence... yes
2016-08-02 09:30:22,434 - Perf_cpu - INFO - checking for sys/shm.h... yes
2016-08-02 09:30:22,434 - Perf_cpu - INFO - checking thread.h usability... no
2016-08-02 09:30:22,434 - Perf_cpu - INFO - checking thread.h presence... no
2016-08-02 09:30:22,434 - Perf_cpu - INFO - checking for thread.h... no
2016-08-02 09:30:22,434 - Perf_cpu - INFO - checking for unistd.h... (cached) yes
2016-08-02 09:30:22,434 - Perf_cpu - INFO - checking for inline... inline
2016-08-02 09:30:22,434 - Perf_cpu - INFO - checking for off_t... yes
2016-08-02 09:30:22,434 - Perf_cpu - INFO - checking for size_t... yes
2016-08-02 09:30:22,434 - Perf_cpu - INFO - checking whether time.h and sys/time.h may both be included... yes
2016-08-02 09:30:22,434 - Perf_cpu - INFO - checking for special C compiler options needed for large files... no
2016-08-02 09:30:22,434 - Perf_cpu - INFO - checking for _FILE_OFFSET_BITS value needed for large files... no
2016-08-02 09:30:22,434 - Perf_cpu - INFO - checking for size_t... (cached) yes
2016-08-02 09:30:22,435 - Perf_cpu - INFO - checking size of size_t... 8
2016-08-02 09:30:22,435 - Perf_cpu - INFO - checking for stdlib.h... (cached) yes
2016-08-02 09:30:22,435 - Perf_cpu - INFO - checking for GNU libc compatible malloc... yes
2016-08-02 09:30:22,435 - Perf_cpu - INFO - checking for stdlib.h... (cached) yes
2016-08-02 09:30:22,435 - Perf_cpu - INFO - checking for unistd.h... (cached) yes
2016-08-02 09:30:22,435 - Perf_cpu - INFO - checking for getpagesize... yes
2016-08-02 09:30:22,435 - Perf_cpu - INFO - checking for working mmap... yes
2016-08-02 09:30:22,435 - Perf_cpu - INFO - checking whether strerror_r is declared... yes
2016-08-02 09:30:22,435 - Perf_cpu - INFO - checking for strerror_r... yes
2016-08-02 09:30:22,435 - Perf_cpu - INFO - checking whether strerror_r returns char *... no
2016-08-02 09:30:22,435 - Perf_cpu - INFO - checking whether clock_gettime is declared... yes
2016-08-02 09:30:22,435 - Perf_cpu - INFO - checking for library containing clock_gettime... none required
2016-08-02 09:30:22,435 - Perf_cpu - INFO - checking for alarm... yes
2016-08-02 09:30:22,435 - Perf_cpu - INFO - checking for fdatasync... yes
2016-08-02 09:30:22,435 - Perf_cpu - INFO - checking for gettimeofday... yes
2016-08-02 09:30:22,435 - Perf_cpu - INFO - checking for lrand48... yes
2016-08-02 09:30:22,435 - Perf_cpu - INFO - checking for memalign... yes
2016-08-02 09:30:22,435 - Perf_cpu - INFO - checking for memset... yes
2016-08-02 09:30:22,435 - Perf_cpu - INFO - checking for posix_memalign... yes
2016-08-02 09:30:22,435 - Perf_cpu - INFO - checking for pthread_yield... no
2016-08-02 09:30:22,435 - Perf_cpu - INFO - checking for setvbuf... yes
2016-08-02 09:30:22,436 - Perf_cpu - INFO - checking for sqrt... yes
2016-08-02 09:30:22,436 - Perf_cpu - INFO - checking for strdup... yes
2016-08-02 09:30:22,436 - Perf_cpu - INFO - checking for thr_setconcurrency... no
2016-08-02 09:30:22,436 - Perf_cpu - INFO - checking for valloc... yes
2016-08-02 09:30:22,436 - Perf_cpu - INFO - configure: creating ./config.status
2016-08-02 09:30:22,436 - Perf_cpu - INFO - config.status: creating Makefile
2016-08-02 09:30:22,436 - Perf_cpu - INFO - config.status: creating doc/xsl/Makefile
2016-08-02 09:30:22,436 - Perf_cpu - INFO - config.status: creating doc/xsl/catalog.xml
2016-08-02 09:30:22,436 - Perf_cpu - INFO - config.status: creating doc/Makefile
2016-08-02 09:30:22,436 - Perf_cpu - INFO - config.status: creating sysbench/Makefile
2016-08-02 09:30:22,436 - Perf_cpu - INFO - config.status: creating sysbench/drivers/Makefile
2016-08-02 09:30:22,436 - Perf_cpu - INFO - config.status: creating sysbench/drivers/mysql/Makefile
2016-08-02 09:30:22,436 - Perf_cpu - INFO - config.status: creating sysbench/drivers/oracle/Makefile
2016-08-02 09:30:22,436 - Perf_cpu - INFO - config.status: creating sysbench/drivers/pgsql/Makefile
2016-08-02 09:30:22,436 - Perf_cpu - INFO - config.status: creating sysbench/tests/Makefile
2016-08-02 09:30:22,436 - Perf_cpu - INFO - config.status: creating sysbench/tests/cpu/Makefile
2016-08-02 09:30:22,436 - Perf_cpu - INFO - config.status: creating sysbench/tests/fileio/Makefile
2016-08-02 09:30:22,436 - Perf_cpu - INFO - config.status: creating sysbench/tests/memory/Makefile
2016-08-02 09:30:22,436 - Perf_cpu - INFO - config.status: creating sysbench/tests/threads/Makefile
2016-08-02 09:30:22,436 - Perf_cpu - INFO - config.status: creating sysbench/tests/mutex/Makefile
2016-08-02 09:30:22,436 - Perf_cpu - INFO - config.status: creating sysbench/tests/oltp/Makefile
2016-08-02 09:30:22,436 - Perf_cpu - INFO - config.status: creating config/config.h
2016-08-02 09:30:22,437 - Perf_cpu - INFO - config.status: executing depfiles commands
2016-08-02 09:30:22,437 - Perf_cpu - INFO - config.status: executing libtool commands
2016-08-02 09:30:22,517 - Perf_cpu - INFO - Making clean in sysbench
2016-08-02 09:30:22,517 - Perf_cpu - INFO - make[1]: 进入目录“/home/Lpbs-i/tmp/Perf_cpu/sysbench”
2016-08-02 09:30:22,517 - Perf_cpu - INFO - Making clean in tests
2016-08-02 09:30:22,517 - Perf_cpu - INFO - make[2]: 进入目录“/home/Lpbs-i/tmp/Perf_cpu/sysbench/tests”
2016-08-02 09:30:22,518 - Perf_cpu - INFO - Making clean in oltp
2016-08-02 09:30:22,518 - Perf_cpu - INFO - make[3]: 进入目录“/home/Lpbs-i/tmp/Perf_cpu/sysbench/tests/oltp”
2016-08-02 09:30:22,518 - Perf_cpu - INFO - rm -rf .libs _libs
2016-08-02 09:30:22,518 - Perf_cpu - INFO - test -z "libsboltp.a" || rm -f libsboltp.a
2016-08-02 09:30:22,518 - Perf_cpu - INFO - rm -f *.o
2016-08-02 09:30:22,518 - Perf_cpu - INFO - rm -f *.lo
2016-08-02 09:30:22,518 - Perf_cpu - INFO - make[3]: 离开目录“/home/Lpbs-i/tmp/Perf_cpu/sysbench/tests/oltp”
2016-08-02 09:30:22,518 - Perf_cpu - INFO - Making clean in mutex
2016-08-02 09:30:22,518 - Perf_cpu - INFO - make[3]: 进入目录“/home/Lpbs-i/tmp/Perf_cpu/sysbench/tests/mutex”
2016-08-02 09:30:22,518 - Perf_cpu - INFO - rm -rf .libs _libs
2016-08-02 09:30:22,518 - Perf_cpu - INFO - test -z "libsbmutex.a" || rm -f libsbmutex.a
2016-08-02 09:30:22,518 - Perf_cpu - INFO - rm -f *.o
2016-08-02 09:30:22,518 - Perf_cpu - INFO - rm -f *.lo
2016-08-02 09:30:22,518 - Perf_cpu - INFO - make[3]: 离开目录“/home/Lpbs-i/tmp/Perf_cpu/sysbench/tests/mutex”
2016-08-02 09:30:22,518 - Perf_cpu - INFO - Making clean in threads
2016-08-02 09:30:22,518 - Perf_cpu - INFO - make[3]: 进入目录“/home/Lpbs-i/tmp/Perf_cpu/sysbench/tests/threads”
2016-08-02 09:30:22,518 - Perf_cpu - INFO - rm -rf .libs _libs
2016-08-02 09:30:22,518 - Perf_cpu - INFO - test -z "libsbthreads.a" || rm -f libsbthreads.a
2016-08-02 09:30:22,518 - Perf_cpu - INFO - rm -f *.o
2016-08-02 09:30:22,518 - Perf_cpu - INFO - rm -f *.lo
2016-08-02 09:30:22,519 - Perf_cpu - INFO - make[3]: 离开目录“/home/Lpbs-i/tmp/Perf_cpu/sysbench/tests/threads”
2016-08-02 09:30:22,519 - Perf_cpu - INFO - Making clean in memory
2016-08-02 09:30:22,519 - Perf_cpu - INFO - make[3]: 进入目录“/home/Lpbs-i/tmp/Perf_cpu/sysbench/tests/memory”
2016-08-02 09:30:22,519 - Perf_cpu - INFO - rm -rf .libs _libs
2016-08-02 09:30:22,519 - Perf_cpu - INFO - test -z "libsbmemory.a" || rm -f libsbmemory.a
2016-08-02 09:30:22,519 - Perf_cpu - INFO - rm -f *.o
2016-08-02 09:30:22,519 - Perf_cpu - INFO - rm -f *.lo
2016-08-02 09:30:22,519 - Perf_cpu - INFO - make[3]: 离开目录“/home/Lpbs-i/tmp/Perf_cpu/sysbench/tests/memory”
2016-08-02 09:30:22,519 - Perf_cpu - INFO - Making clean in fileio
2016-08-02 09:30:22,519 - Perf_cpu - INFO - make[3]: 进入目录“/home/Lpbs-i/tmp/Perf_cpu/sysbench/tests/fileio”
2016-08-02 09:30:22,519 - Perf_cpu - INFO - rm -rf .libs _libs
2016-08-02 09:30:22,519 - Perf_cpu - INFO - test -z "libsbfileio.a" || rm -f libsbfileio.a
2016-08-02 09:30:22,519 - Perf_cpu - INFO - rm -f *.o
2016-08-02 09:30:22,519 - Perf_cpu - INFO - rm -f *.lo
2016-08-02 09:30:22,519 - Perf_cpu - INFO - make[3]: 离开目录“/home/Lpbs-i/tmp/Perf_cpu/sysbench/tests/fileio”
2016-08-02 09:30:22,519 - Perf_cpu - INFO - Making clean in cpu
2016-08-02 09:30:22,519 - Perf_cpu - INFO - make[3]: 进入目录“/home/Lpbs-i/tmp/Perf_cpu/sysbench/tests/cpu”
2016-08-02 09:30:22,519 - Perf_cpu - INFO - rm -rf .libs _libs
2016-08-02 09:30:22,519 - Perf_cpu - INFO - test -z "libsbcpu.a" || rm -f libsbcpu.a
2016-08-02 09:30:22,519 - Perf_cpu - INFO - rm -f *.o
2016-08-02 09:30:22,519 - Perf_cpu - INFO - rm -f *.lo
2016-08-02 09:30:22,520 - Perf_cpu - INFO - make[3]: 离开目录“/home/Lpbs-i/tmp/Perf_cpu/sysbench/tests/cpu”
2016-08-02 09:30:22,520 - Perf_cpu - INFO - Making clean in .
2016-08-02 09:30:22,520 - Perf_cpu - INFO - make[3]: 进入目录“/home/Lpbs-i/tmp/Perf_cpu/sysbench/tests”
2016-08-02 09:30:22,520 - Perf_cpu - INFO - rm -rf .libs _libs
2016-08-02 09:30:22,520 - Perf_cpu - INFO - rm -f *.lo
2016-08-02 09:30:22,520 - Perf_cpu - INFO - make[3]: 离开目录“/home/Lpbs-i/tmp/Perf_cpu/sysbench/tests”
2016-08-02 09:30:22,520 - Perf_cpu - INFO - make[2]: 离开目录“/home/Lpbs-i/tmp/Perf_cpu/sysbench/tests”
2016-08-02 09:30:22,520 - Perf_cpu - INFO - Making clean in drivers
2016-08-02 09:30:22,520 - Perf_cpu - INFO - make[2]: 进入目录“/home/Lpbs-i/tmp/Perf_cpu/sysbench/drivers”
2016-08-02 09:30:22,520 - Perf_cpu - INFO - Making clean in .
2016-08-02 09:30:22,520 - Perf_cpu - INFO - make[3]: 进入目录“/home/Lpbs-i/tmp/Perf_cpu/sysbench/drivers”
2016-08-02 09:30:22,520 - Perf_cpu - INFO - rm -rf .libs _libs
2016-08-02 09:30:22,520 - Perf_cpu - INFO - rm -f *.lo
2016-08-02 09:30:22,520 - Perf_cpu - INFO - make[3]: 离开目录“/home/Lpbs-i/tmp/Perf_cpu/sysbench/drivers”
2016-08-02 09:30:22,520 - Perf_cpu - INFO - make[2]: 离开目录“/home/Lpbs-i/tmp/Perf_cpu/sysbench/drivers”
2016-08-02 09:30:22,520 - Perf_cpu - INFO - Making clean in .
2016-08-02 09:30:22,520 - Perf_cpu - INFO - make[2]: 进入目录“/home/Lpbs-i/tmp/Perf_cpu/sysbench”
2016-08-02 09:30:22,520 - Perf_cpu - INFO -  rm -f sysbench sysbench
2016-08-02 09:30:22,520 - Perf_cpu - INFO - rm -rf .libs _libs
2016-08-02 09:30:22,520 - Perf_cpu - INFO - rm -f *.o
2016-08-02 09:30:22,520 - Perf_cpu - INFO - rm -f *.lo
2016-08-02 09:30:22,521 - Perf_cpu - INFO - make[2]: 离开目录“/home/Lpbs-i/tmp/Perf_cpu/sysbench”
2016-08-02 09:30:22,521 - Perf_cpu - INFO - make[1]: 离开目录“/home/Lpbs-i/tmp/Perf_cpu/sysbench”
2016-08-02 09:30:22,521 - Perf_cpu - INFO - Making clean in doc
2016-08-02 09:30:22,521 - Perf_cpu - INFO - make[1]: 进入目录“/home/Lpbs-i/tmp/Perf_cpu/doc”
2016-08-02 09:30:22,521 - Perf_cpu - INFO - Making clean in xsl
2016-08-02 09:30:22,521 - Perf_cpu - INFO - make[2]: 进入目录“/home/Lpbs-i/tmp/Perf_cpu/doc/xsl”
2016-08-02 09:30:22,521 - Perf_cpu - INFO - rm -rf .libs _libs
2016-08-02 09:30:22,521 - Perf_cpu - INFO - rm -f *.lo
2016-08-02 09:30:22,521 - Perf_cpu - INFO - make[2]: 离开目录“/home/Lpbs-i/tmp/Perf_cpu/doc/xsl”
2016-08-02 09:30:22,521 - Perf_cpu - INFO - Making clean in .
2016-08-02 09:30:22,521 - Perf_cpu - INFO - make[2]: 进入目录“/home/Lpbs-i/tmp/Perf_cpu/doc”
2016-08-02 09:30:22,521 - Perf_cpu - INFO - rm -rf .libs _libs
2016-08-02 09:30:22,521 - Perf_cpu - INFO - rm -f -f *.html
2016-08-02 09:30:22,521 - Perf_cpu - INFO - rm -f *.lo
2016-08-02 09:30:22,521 - Perf_cpu - INFO - make[2]: 离开目录“/home/Lpbs-i/tmp/Perf_cpu/doc”
2016-08-02 09:30:22,521 - Perf_cpu - INFO - make[1]: 离开目录“/home/Lpbs-i/tmp/Perf_cpu/doc”
2016-08-02 09:30:22,521 - Perf_cpu - INFO - Making clean in .
2016-08-02 09:30:22,521 - Perf_cpu - INFO - make[1]: 进入目录“/home/Lpbs-i/tmp/Perf_cpu”
2016-08-02 09:30:22,521 - Perf_cpu - INFO - rm -rf .libs _libs
2016-08-02 09:30:22,521 - Perf_cpu - INFO - rm -f *.lo
2016-08-02 09:30:22,521 - Perf_cpu - INFO - make[1]: 离开目录“/home/Lpbs-i/tmp/Perf_cpu”
2016-08-02 09:30:24,091 - Perf_cpu - INFO - Making all in doc
2016-08-02 09:30:24,092 - Perf_cpu - INFO - make[1]: 进入目录“/home/Lpbs-i/tmp/Perf_cpu/doc”
2016-08-02 09:30:24,092 - Perf_cpu - INFO - Making all in xsl
2016-08-02 09:30:24,092 - Perf_cpu - INFO - make[2]: 进入目录“/home/Lpbs-i/tmp/Perf_cpu/doc/xsl”
2016-08-02 09:30:24,092 - Perf_cpu - INFO - make[2]: 对“all”无需做任何事。
2016-08-02 09:30:24,092 - Perf_cpu - INFO - make[2]: 离开目录“/home/Lpbs-i/tmp/Perf_cpu/doc/xsl”
2016-08-02 09:30:24,092 - Perf_cpu - INFO - make[2]: 进入目录“/home/Lpbs-i/tmp/Perf_cpu/doc”
2016-08-02 09:30:24,092 - Perf_cpu - INFO - touch manual.html
2016-08-02 09:30:24,092 - Perf_cpu - INFO - make[2]: 离开目录“/home/Lpbs-i/tmp/Perf_cpu/doc”
2016-08-02 09:30:24,092 - Perf_cpu - INFO - make[1]: 离开目录“/home/Lpbs-i/tmp/Perf_cpu/doc”
2016-08-02 09:30:24,092 - Perf_cpu - INFO - Making all in sysbench
2016-08-02 09:30:24,092 - Perf_cpu - INFO - make[1]: 进入目录“/home/Lpbs-i/tmp/Perf_cpu/sysbench”
2016-08-02 09:30:24,092 - Perf_cpu - INFO - Making all in drivers
2016-08-02 09:30:24,092 - Perf_cpu - INFO - make[2]: 进入目录“/home/Lpbs-i/tmp/Perf_cpu/sysbench/drivers”
2016-08-02 09:30:24,092 - Perf_cpu - INFO - make[3]: 进入目录“/home/Lpbs-i/tmp/Perf_cpu/sysbench/drivers”
2016-08-02 09:30:24,092 - Perf_cpu - INFO - make[3]: 对“all-am”无需做任何事。
2016-08-02 09:30:24,092 - Perf_cpu - INFO - make[3]: 离开目录“/home/Lpbs-i/tmp/Perf_cpu/sysbench/drivers”
2016-08-02 09:30:24,092 - Perf_cpu - INFO - make[2]: 离开目录“/home/Lpbs-i/tmp/Perf_cpu/sysbench/drivers”
2016-08-02 09:30:24,092 - Perf_cpu - INFO - Making all in tests
2016-08-02 09:30:24,092 - Perf_cpu - INFO - make[2]: 进入目录“/home/Lpbs-i/tmp/Perf_cpu/sysbench/tests”
2016-08-02 09:30:24,093 - Perf_cpu - INFO - Making all in cpu
2016-08-02 09:30:24,093 - Perf_cpu - INFO - make[3]: 进入目录“/home/Lpbs-i/tmp/Perf_cpu/sysbench/tests/cpu”
2016-08-02 09:30:24,093 - Perf_cpu - INFO - gcc -DHAVE_CONFIG_H -I. -I../../../config  -D_REENTRANT -D_XOPEN_SOURCE=500 -D_GNU_SOURCE -I../../../sysbench  -pthread -g -O2 -MT libsbcpu_a-sb_cpu.o -MD -MP -MF .deps/libsbcpu_a-sb_cpu.Tpo -c -o libsbcpu_a-sb_cpu.o `test -f 'sb_cpu.c' || echo './'`sb_cpu.c
2016-08-02 09:30:24,093 - Perf_cpu - INFO - mv -f .deps/libsbcpu_a-sb_cpu.Tpo .deps/libsbcpu_a-sb_cpu.Po
2016-08-02 09:30:24,093 - Perf_cpu - INFO - rm -f libsbcpu.a
2016-08-02 09:30:24,093 - Perf_cpu - INFO - ar cru libsbcpu.a libsbcpu_a-sb_cpu.o
2016-08-02 09:30:24,093 - Perf_cpu - INFO - ranlib libsbcpu.a
2016-08-02 09:30:24,093 - Perf_cpu - INFO - make[3]: 离开目录“/home/Lpbs-i/tmp/Perf_cpu/sysbench/tests/cpu”
2016-08-02 09:30:24,093 - Perf_cpu - INFO - Making all in fileio
2016-08-02 09:30:24,093 - Perf_cpu - INFO - make[3]: 进入目录“/home/Lpbs-i/tmp/Perf_cpu/sysbench/tests/fileio”
2016-08-02 09:30:24,093 - Perf_cpu - INFO - gcc -DHAVE_CONFIG_H -I. -I../../../config  -D_REENTRANT -D_XOPEN_SOURCE=500 -D_GNU_SOURCE -I../../../sysbench  -pthread -g -O2 -MT libsbfileio_a-sb_fileio.o -MD -MP -MF .deps/libsbfileio_a-sb_fileio.Tpo -c -o libsbfileio_a-sb_fileio.o `test -f 'sb_fileio.c' || echo './'`sb_fileio.c
2016-08-02 09:30:24,093 - Perf_cpu - INFO - mv -f .deps/libsbfileio_a-sb_fileio.Tpo .deps/libsbfileio_a-sb_fileio.Po
2016-08-02 09:30:24,093 - Perf_cpu - INFO - gcc -DHAVE_CONFIG_H -I. -I../../../config  -D_REENTRANT -D_XOPEN_SOURCE=500 -D_GNU_SOURCE -I../../../sysbench  -pthread -g -O2 -MT libsbfileio_a-crc32.o -MD -MP -MF .deps/libsbfileio_a-crc32.Tpo -c -o libsbfileio_a-crc32.o `test -f 'crc32.c' || echo './'`crc32.c
2016-08-02 09:30:24,093 - Perf_cpu - INFO - mv -f .deps/libsbfileio_a-crc32.Tpo .deps/libsbfileio_a-crc32.Po
2016-08-02 09:30:24,093 - Perf_cpu - INFO - rm -f libsbfileio.a
2016-08-02 09:30:24,093 - Perf_cpu - INFO - ar cru libsbfileio.a libsbfileio_a-sb_fileio.o libsbfileio_a-crc32.o
2016-08-02 09:30:24,093 - Perf_cpu - INFO - ranlib libsbfileio.a
2016-08-02 09:30:24,093 - Perf_cpu - INFO - make[3]: 离开目录“/home/Lpbs-i/tmp/Perf_cpu/sysbench/tests/fileio”
2016-08-02 09:30:24,093 - Perf_cpu - INFO - Making all in memory
2016-08-02 09:30:24,093 - Perf_cpu - INFO - make[3]: 进入目录“/home/Lpbs-i/tmp/Perf_cpu/sysbench/tests/memory”
2016-08-02 09:30:24,093 - Perf_cpu - INFO - gcc -DHAVE_CONFIG_H -I. -I../../../config  -D_REENTRANT -D_XOPEN_SOURCE=500 -D_GNU_SOURCE -I../../../sysbench  -pthread -g -O2 -MT libsbmemory_a-sb_memory.o -MD -MP -MF .deps/libsbmemory_a-sb_memory.Tpo -c -o libsbmemory_a-sb_memory.o `test -f 'sb_memory.c' || echo './'`sb_memory.c
2016-08-02 09:30:24,094 - Perf_cpu - INFO - mv -f .deps/libsbmemory_a-sb_memory.Tpo .deps/libsbmemory_a-sb_memory.Po
2016-08-02 09:30:24,094 - Perf_cpu - INFO - rm -f libsbmemory.a
2016-08-02 09:30:24,094 - Perf_cpu - INFO - ar cru libsbmemory.a libsbmemory_a-sb_memory.o
2016-08-02 09:30:24,094 - Perf_cpu - INFO - ranlib libsbmemory.a
2016-08-02 09:30:24,094 - Perf_cpu - INFO - make[3]: 离开目录“/home/Lpbs-i/tmp/Perf_cpu/sysbench/tests/memory”
2016-08-02 09:30:24,094 - Perf_cpu - INFO - Making all in threads
2016-08-02 09:30:24,094 - Perf_cpu - INFO - make[3]: 进入目录“/home/Lpbs-i/tmp/Perf_cpu/sysbench/tests/threads”
2016-08-02 09:30:24,094 - Perf_cpu - INFO - gcc -DHAVE_CONFIG_H -I. -I../../../config  -D_REENTRANT -D_XOPEN_SOURCE=500 -D_GNU_SOURCE -I../../../sysbench  -pthread -g -O2 -MT libsbthreads_a-sb_threads.o -MD -MP -MF .deps/libsbthreads_a-sb_threads.Tpo -c -o libsbthreads_a-sb_threads.o `test -f 'sb_threads.c' || echo './'`sb_threads.c
2016-08-02 09:30:24,094 - Perf_cpu - INFO - mv -f .deps/libsbthreads_a-sb_threads.Tpo .deps/libsbthreads_a-sb_threads.Po
2016-08-02 09:30:24,094 - Perf_cpu - INFO - rm -f libsbthreads.a
2016-08-02 09:30:24,094 - Perf_cpu - INFO - ar cru libsbthreads.a libsbthreads_a-sb_threads.o
2016-08-02 09:30:24,094 - Perf_cpu - INFO - ranlib libsbthreads.a
2016-08-02 09:30:24,094 - Perf_cpu - INFO - make[3]: 离开目录“/home/Lpbs-i/tmp/Perf_cpu/sysbench/tests/threads”
2016-08-02 09:30:24,094 - Perf_cpu - INFO - Making all in mutex
2016-08-02 09:30:24,094 - Perf_cpu - INFO - make[3]: 进入目录“/home/Lpbs-i/tmp/Perf_cpu/sysbench/tests/mutex”
2016-08-02 09:30:24,094 - Perf_cpu - INFO - gcc -DHAVE_CONFIG_H -I. -I../../../config  -D_REENTRANT -D_XOPEN_SOURCE=500 -D_GNU_SOURCE -I../../../sysbench  -pthread -g -O2 -MT libsbmutex_a-sb_mutex.o -MD -MP -MF .deps/libsbmutex_a-sb_mutex.Tpo -c -o libsbmutex_a-sb_mutex.o `test -f 'sb_mutex.c' || echo './'`sb_mutex.c
2016-08-02 09:30:24,094 - Perf_cpu - INFO - mv -f .deps/libsbmutex_a-sb_mutex.Tpo .deps/libsbmutex_a-sb_mutex.Po
2016-08-02 09:30:24,094 - Perf_cpu - INFO - rm -f libsbmutex.a
2016-08-02 09:30:24,094 - Perf_cpu - INFO - ar cru libsbmutex.a libsbmutex_a-sb_mutex.o
2016-08-02 09:30:24,094 - Perf_cpu - INFO - ranlib libsbmutex.a
2016-08-02 09:30:24,094 - Perf_cpu - INFO - make[3]: 离开目录“/home/Lpbs-i/tmp/Perf_cpu/sysbench/tests/mutex”
2016-08-02 09:30:24,095 - Perf_cpu - INFO - Making all in oltp
2016-08-02 09:30:24,095 - Perf_cpu - INFO - make[3]: 进入目录“/home/Lpbs-i/tmp/Perf_cpu/sysbench/tests/oltp”
2016-08-02 09:30:24,095 - Perf_cpu - INFO - gcc -DHAVE_CONFIG_H -I. -I../../../config  -I./.. -D_REENTRANT -D_XOPEN_SOURCE=500 -D_GNU_SOURCE -I../../../sysbench  -pthread -g -O2 -MT libsboltp_a-sb_oltp.o -MD -MP -MF .deps/libsboltp_a-sb_oltp.Tpo -c -o libsboltp_a-sb_oltp.o `test -f 'sb_oltp.c' || echo './'`sb_oltp.c
2016-08-02 09:30:24,095 - Perf_cpu - INFO - mv -f .deps/libsboltp_a-sb_oltp.Tpo .deps/libsboltp_a-sb_oltp.Po
2016-08-02 09:30:24,095 - Perf_cpu - INFO - rm -f libsboltp.a
2016-08-02 09:30:24,095 - Perf_cpu - INFO - ar cru libsboltp.a libsboltp_a-sb_oltp.o
2016-08-02 09:30:24,095 - Perf_cpu - INFO - ranlib libsboltp.a
2016-08-02 09:30:24,095 - Perf_cpu - INFO - make[3]: 离开目录“/home/Lpbs-i/tmp/Perf_cpu/sysbench/tests/oltp”
2016-08-02 09:30:24,095 - Perf_cpu - INFO - make[3]: 进入目录“/home/Lpbs-i/tmp/Perf_cpu/sysbench/tests”
2016-08-02 09:30:24,095 - Perf_cpu - INFO - make[3]: 对“all-am”无需做任何事。
2016-08-02 09:30:24,095 - Perf_cpu - INFO - make[3]: 离开目录“/home/Lpbs-i/tmp/Perf_cpu/sysbench/tests”
2016-08-02 09:30:24,095 - Perf_cpu - INFO - make[2]: 离开目录“/home/Lpbs-i/tmp/Perf_cpu/sysbench/tests”
2016-08-02 09:30:24,095 - Perf_cpu - INFO - Making all in .
2016-08-02 09:30:24,095 - Perf_cpu - INFO - make[2]: 进入目录“/home/Lpbs-i/tmp/Perf_cpu/sysbench”
2016-08-02 09:30:24,095 - Perf_cpu - INFO - gcc -DHAVE_CONFIG_H -I. -I../config  -D_REENTRANT -D_XOPEN_SOURCE=500 -D_GNU_SOURCE -I../sysbench  -pthread -g -O2 -MT sysbench.o -MD -MP -MF .deps/sysbench.Tpo -c -o sysbench.o sysbench.c
2016-08-02 09:30:24,095 - Perf_cpu - INFO - mv -f .deps/sysbench.Tpo .deps/sysbench.Po
2016-08-02 09:30:24,095 - Perf_cpu - INFO - gcc -DHAVE_CONFIG_H -I. -I../config  -D_REENTRANT -D_XOPEN_SOURCE=500 -D_GNU_SOURCE -I../sysbench  -pthread -g -O2 -MT sb_timer.o -MD -MP -MF .deps/sb_timer.Tpo -c -o sb_timer.o sb_timer.c
2016-08-02 09:30:24,095 - Perf_cpu - INFO - mv -f .deps/sb_timer.Tpo .deps/sb_timer.Po
2016-08-02 09:30:24,095 - Perf_cpu - INFO - gcc -DHAVE_CONFIG_H -I. -I../config  -D_REENTRANT -D_XOPEN_SOURCE=500 -D_GNU_SOURCE -I../sysbench  -pthread -g -O2 -MT sb_options.o -MD -MP -MF .deps/sb_options.Tpo -c -o sb_options.o sb_options.c
2016-08-02 09:30:24,095 - Perf_cpu - INFO - mv -f .deps/sb_options.Tpo .deps/sb_options.Po
2016-08-02 09:30:24,095 - Perf_cpu - INFO - gcc -DHAVE_CONFIG_H -I. -I../config  -D_REENTRANT -D_XOPEN_SOURCE=500 -D_GNU_SOURCE -I../sysbench  -pthread -g -O2 -MT sb_logger.o -MD -MP -MF .deps/sb_logger.Tpo -c -o sb_logger.o sb_logger.c
2016-08-02 09:30:24,096 - Perf_cpu - INFO - mv -f .deps/sb_logger.Tpo .deps/sb_logger.Po
2016-08-02 09:30:24,096 - Perf_cpu - INFO - gcc -DHAVE_CONFIG_H -I. -I../config  -D_REENTRANT -D_XOPEN_SOURCE=500 -D_GNU_SOURCE -I../sysbench  -pthread -g -O2 -MT db_driver.o -MD -MP -MF .deps/db_driver.Tpo -c -o db_driver.o db_driver.c
2016-08-02 09:30:24,096 - Perf_cpu - INFO - mv -f .deps/db_driver.Tpo .deps/db_driver.Po
2016-08-02 09:30:24,096 - Perf_cpu - INFO - /usr/bin/libtool --tag=CC   --mode=link gcc -pthread -g -O2      -o sysbench sysbench.o sb_timer.o sb_options.o sb_logger.o db_driver.o tests/fileio/libsbfileio.a tests/threads/libsbthreads.a tests/memory/libsbmemory.a tests/cpu/libsbcpu.a tests/oltp/libsboltp.a tests/mutex/libsbmutex.a    -lm
2016-08-02 09:30:24,096 - Perf_cpu - INFO - libtool: link: gcc -pthread -g -O2 -o sysbench sysbench.o sb_timer.o sb_options.o sb_logger.o db_driver.o  tests/fileio/libsbfileio.a tests/threads/libsbthreads.a tests/memory/libsbmemory.a tests/cpu/libsbcpu.a tests/oltp/libsboltp.a tests/mutex/libsbmutex.a -lm -pthread
2016-08-02 09:30:24,096 - Perf_cpu - INFO - make[2]: 离开目录“/home/Lpbs-i/tmp/Perf_cpu/sysbench”
2016-08-02 09:30:24,096 - Perf_cpu - INFO - make[1]: 离开目录“/home/Lpbs-i/tmp/Perf_cpu/sysbench”
2016-08-02 09:30:24,096 - Perf_cpu - INFO - make[1]: 进入目录“/home/Lpbs-i/tmp/Perf_cpu”
2016-08-02 09:30:24,096 - Perf_cpu - INFO - make[1]: 对“all-am”无需做任何事。
2016-08-02 09:30:24,096 - Perf_cpu - INFO - make[1]: 离开目录“/home/Lpbs-i/tmp/Perf_cpu”
2016-08-02 09:30:24,199 - Perf_cpu - INFO - Making install in doc
2016-08-02 09:30:24,200 - Perf_cpu - INFO - make[1]: 进入目录“/home/Lpbs-i/tmp/Perf_cpu/doc”
2016-08-02 09:30:24,200 - Perf_cpu - INFO - Making install in xsl
2016-08-02 09:30:24,200 - Perf_cpu - INFO - make[2]: 进入目录“/home/Lpbs-i/tmp/Perf_cpu/doc/xsl”
2016-08-02 09:30:24,200 - Perf_cpu - INFO - make[3]: 进入目录“/home/Lpbs-i/tmp/Perf_cpu/doc/xsl”
2016-08-02 09:30:24,200 - Perf_cpu - INFO - make[3]: 对“install-exec-am”无需做任何事。
2016-08-02 09:30:24,200 - Perf_cpu - INFO - make[3]: 对“install-data-am”无需做任何事。
2016-08-02 09:30:24,200 - Perf_cpu - INFO - make[3]: 离开目录“/home/Lpbs-i/tmp/Perf_cpu/doc/xsl”
2016-08-02 09:30:24,200 - Perf_cpu - INFO - make[2]: 离开目录“/home/Lpbs-i/tmp/Perf_cpu/doc/xsl”
2016-08-02 09:30:24,200 - Perf_cpu - INFO - make[2]: 进入目录“/home/Lpbs-i/tmp/Perf_cpu/doc”
2016-08-02 09:30:24,200 - Perf_cpu - INFO - make[3]: 进入目录“/home/Lpbs-i/tmp/Perf_cpu/doc”
2016-08-02 09:30:24,200 - Perf_cpu - INFO - make[3]: 对“install-exec-am”无需做任何事。
2016-08-02 09:30:24,200 - Perf_cpu - INFO - test -z "/usr/local/share/doc/sysbench" || /usr/bin/mkdir -p "/usr/local/share/doc/sysbench"
2016-08-02 09:30:24,200 - Perf_cpu - INFO -  /usr/bin/install -c -m 644 'manual.html' '/usr/local/share/doc/sysbench/manual.html'
2016-08-02 09:30:24,200 - Perf_cpu - INFO - make[3]: 离开目录“/home/Lpbs-i/tmp/Perf_cpu/doc”
2016-08-02 09:30:24,200 - Perf_cpu - INFO - make[2]: 离开目录“/home/Lpbs-i/tmp/Perf_cpu/doc”
2016-08-02 09:30:24,200 - Perf_cpu - INFO - make[1]: 离开目录“/home/Lpbs-i/tmp/Perf_cpu/doc”
2016-08-02 09:30:24,200 - Perf_cpu - INFO - Making install in sysbench
2016-08-02 09:30:24,200 - Perf_cpu - INFO - make[1]: 进入目录“/home/Lpbs-i/tmp/Perf_cpu/sysbench”
2016-08-02 09:30:24,200 - Perf_cpu - INFO - Making install in drivers
2016-08-02 09:30:24,200 - Perf_cpu - INFO - make[2]: 进入目录“/home/Lpbs-i/tmp/Perf_cpu/sysbench/drivers”
2016-08-02 09:30:24,200 - Perf_cpu - INFO - make[3]: 进入目录“/home/Lpbs-i/tmp/Perf_cpu/sysbench/drivers”
2016-08-02 09:30:24,201 - Perf_cpu - INFO - make[4]: 进入目录“/home/Lpbs-i/tmp/Perf_cpu/sysbench/drivers”
2016-08-02 09:30:24,201 - Perf_cpu - INFO - make[4]: 对“install-exec-am”无需做任何事。
2016-08-02 09:30:24,201 - Perf_cpu - INFO - make[4]: 对“install-data-am”无需做任何事。
2016-08-02 09:30:24,201 - Perf_cpu - INFO - make[4]: 离开目录“/home/Lpbs-i/tmp/Perf_cpu/sysbench/drivers”
2016-08-02 09:30:24,201 - Perf_cpu - INFO - make[3]: 离开目录“/home/Lpbs-i/tmp/Perf_cpu/sysbench/drivers”
2016-08-02 09:30:24,201 - Perf_cpu - INFO - make[2]: 离开目录“/home/Lpbs-i/tmp/Perf_cpu/sysbench/drivers”
2016-08-02 09:30:24,201 - Perf_cpu - INFO - Making install in tests
2016-08-02 09:30:24,201 - Perf_cpu - INFO - make[2]: 进入目录“/home/Lpbs-i/tmp/Perf_cpu/sysbench/tests”
2016-08-02 09:30:24,201 - Perf_cpu - INFO - Making install in cpu
2016-08-02 09:30:24,201 - Perf_cpu - INFO - make[3]: 进入目录“/home/Lpbs-i/tmp/Perf_cpu/sysbench/tests/cpu”
2016-08-02 09:30:24,201 - Perf_cpu - INFO - make[4]: 进入目录“/home/Lpbs-i/tmp/Perf_cpu/sysbench/tests/cpu”
2016-08-02 09:30:24,201 - Perf_cpu - INFO - make[4]: 对“install-exec-am”无需做任何事。
2016-08-02 09:30:24,201 - Perf_cpu - INFO - make[4]: 对“install-data-am”无需做任何事。
2016-08-02 09:30:24,201 - Perf_cpu - INFO - make[4]: 离开目录“/home/Lpbs-i/tmp/Perf_cpu/sysbench/tests/cpu”
2016-08-02 09:30:24,201 - Perf_cpu - INFO - make[3]: 离开目录“/home/Lpbs-i/tmp/Perf_cpu/sysbench/tests/cpu”
2016-08-02 09:30:24,201 - Perf_cpu - INFO - Making install in fileio
2016-08-02 09:30:24,201 - Perf_cpu - INFO - make[3]: 进入目录“/home/Lpbs-i/tmp/Perf_cpu/sysbench/tests/fileio”
2016-08-02 09:30:24,201 - Perf_cpu - INFO - make[4]: 进入目录“/home/Lpbs-i/tmp/Perf_cpu/sysbench/tests/fileio”
2016-08-02 09:30:24,201 - Perf_cpu - INFO - make[4]: 对“install-exec-am”无需做任何事。
2016-08-02 09:30:24,201 - Perf_cpu - INFO - make[4]: 对“install-data-am”无需做任何事。
2016-08-02 09:30:24,202 - Perf_cpu - INFO - make[4]: 离开目录“/home/Lpbs-i/tmp/Perf_cpu/sysbench/tests/fileio”
2016-08-02 09:30:24,202 - Perf_cpu - INFO - make[3]: 离开目录“/home/Lpbs-i/tmp/Perf_cpu/sysbench/tests/fileio”
2016-08-02 09:30:24,202 - Perf_cpu - INFO - Making install in memory
2016-08-02 09:30:24,202 - Perf_cpu - INFO - make[3]: 进入目录“/home/Lpbs-i/tmp/Perf_cpu/sysbench/tests/memory”
2016-08-02 09:30:24,202 - Perf_cpu - INFO - make[4]: 进入目录“/home/Lpbs-i/tmp/Perf_cpu/sysbench/tests/memory”
2016-08-02 09:30:24,202 - Perf_cpu - INFO - make[4]: 对“install-exec-am”无需做任何事。
2016-08-02 09:30:24,202 - Perf_cpu - INFO - make[4]: 对“install-data-am”无需做任何事。
2016-08-02 09:30:24,202 - Perf_cpu - INFO - make[4]: 离开目录“/home/Lpbs-i/tmp/Perf_cpu/sysbench/tests/memory”
2016-08-02 09:30:24,202 - Perf_cpu - INFO - make[3]: 离开目录“/home/Lpbs-i/tmp/Perf_cpu/sysbench/tests/memory”
2016-08-02 09:30:24,202 - Perf_cpu - INFO - Making install in threads
2016-08-02 09:30:24,202 - Perf_cpu - INFO - make[3]: 进入目录“/home/Lpbs-i/tmp/Perf_cpu/sysbench/tests/threads”
2016-08-02 09:30:24,202 - Perf_cpu - INFO - make[4]: 进入目录“/home/Lpbs-i/tmp/Perf_cpu/sysbench/tests/threads”
2016-08-02 09:30:24,202 - Perf_cpu - INFO - make[4]: 对“install-exec-am”无需做任何事。
2016-08-02 09:30:24,202 - Perf_cpu - INFO - make[4]: 对“install-data-am”无需做任何事。
2016-08-02 09:30:24,202 - Perf_cpu - INFO - make[4]: 离开目录“/home/Lpbs-i/tmp/Perf_cpu/sysbench/tests/threads”
2016-08-02 09:30:24,202 - Perf_cpu - INFO - make[3]: 离开目录“/home/Lpbs-i/tmp/Perf_cpu/sysbench/tests/threads”
2016-08-02 09:30:24,202 - Perf_cpu - INFO - Making install in mutex
2016-08-02 09:30:24,202 - Perf_cpu - INFO - make[3]: 进入目录“/home/Lpbs-i/tmp/Perf_cpu/sysbench/tests/mutex”
2016-08-02 09:30:24,202 - Perf_cpu - INFO - make[4]: 进入目录“/home/Lpbs-i/tmp/Perf_cpu/sysbench/tests/mutex”
2016-08-02 09:30:24,202 - Perf_cpu - INFO - make[4]: 对“install-exec-am”无需做任何事。
2016-08-02 09:30:24,202 - Perf_cpu - INFO - make[4]: 对“install-data-am”无需做任何事。
2016-08-02 09:30:24,203 - Perf_cpu - INFO - make[4]: 离开目录“/home/Lpbs-i/tmp/Perf_cpu/sysbench/tests/mutex”
2016-08-02 09:30:24,203 - Perf_cpu - INFO - make[3]: 离开目录“/home/Lpbs-i/tmp/Perf_cpu/sysbench/tests/mutex”
2016-08-02 09:30:24,203 - Perf_cpu - INFO - Making install in oltp
2016-08-02 09:30:24,203 - Perf_cpu - INFO - make[3]: 进入目录“/home/Lpbs-i/tmp/Perf_cpu/sysbench/tests/oltp”
2016-08-02 09:30:24,203 - Perf_cpu - INFO - make[4]: 进入目录“/home/Lpbs-i/tmp/Perf_cpu/sysbench/tests/oltp”
2016-08-02 09:30:24,203 - Perf_cpu - INFO - make[4]: 对“install-exec-am”无需做任何事。
2016-08-02 09:30:24,203 - Perf_cpu - INFO - make[4]: 对“install-data-am”无需做任何事。
2016-08-02 09:30:24,203 - Perf_cpu - INFO - make[4]: 离开目录“/home/Lpbs-i/tmp/Perf_cpu/sysbench/tests/oltp”
2016-08-02 09:30:24,203 - Perf_cpu - INFO - make[3]: 离开目录“/home/Lpbs-i/tmp/Perf_cpu/sysbench/tests/oltp”
2016-08-02 09:30:24,203 - Perf_cpu - INFO - make[3]: 进入目录“/home/Lpbs-i/tmp/Perf_cpu/sysbench/tests”
2016-08-02 09:30:24,203 - Perf_cpu - INFO - make[4]: 进入目录“/home/Lpbs-i/tmp/Perf_cpu/sysbench/tests”
2016-08-02 09:30:24,203 - Perf_cpu - INFO - make[4]: 对“install-exec-am”无需做任何事。
2016-08-02 09:30:24,203 - Perf_cpu - INFO - make[4]: 对“install-data-am”无需做任何事。
2016-08-02 09:30:24,203 - Perf_cpu - INFO - make[4]: 离开目录“/home/Lpbs-i/tmp/Perf_cpu/sysbench/tests”
2016-08-02 09:30:24,203 - Perf_cpu - INFO - make[3]: 离开目录“/home/Lpbs-i/tmp/Perf_cpu/sysbench/tests”
2016-08-02 09:30:24,203 - Perf_cpu - INFO - make[2]: 离开目录“/home/Lpbs-i/tmp/Perf_cpu/sysbench/tests”
2016-08-02 09:30:24,203 - Perf_cpu - INFO - Making install in .
2016-08-02 09:30:24,203 - Perf_cpu - INFO - make[2]: 进入目录“/home/Lpbs-i/tmp/Perf_cpu/sysbench”
2016-08-02 09:30:24,203 - Perf_cpu - INFO - make[3]: 进入目录“/home/Lpbs-i/tmp/Perf_cpu/sysbench”
2016-08-02 09:30:24,203 - Perf_cpu - INFO - test -z "/usr/local/bin" || /usr/bin/mkdir -p "/usr/local/bin"
2016-08-02 09:30:24,203 - Perf_cpu - INFO -   /usr/bin/libtool   --mode=install /usr/bin/install -c 'sysbench' '/usr/local/bin/sysbench'
2016-08-02 09:30:24,204 - Perf_cpu - INFO - libtool: install: /usr/bin/install -c sysbench /usr/local/bin/sysbench
2016-08-02 09:30:24,204 - Perf_cpu - INFO - make[3]: 对“install-data-am”无需做任何事。
2016-08-02 09:30:24,204 - Perf_cpu - INFO - make[3]: 离开目录“/home/Lpbs-i/tmp/Perf_cpu/sysbench”
2016-08-02 09:30:24,204 - Perf_cpu - INFO - make[2]: 离开目录“/home/Lpbs-i/tmp/Perf_cpu/sysbench”
2016-08-02 09:30:24,204 - Perf_cpu - INFO - make[1]: 离开目录“/home/Lpbs-i/tmp/Perf_cpu/sysbench”
2016-08-02 09:30:24,204 - Perf_cpu - INFO - make[1]: 进入目录“/home/Lpbs-i/tmp/Perf_cpu”
2016-08-02 09:30:24,204 - Perf_cpu - INFO - make[2]: 进入目录“/home/Lpbs-i/tmp/Perf_cpu”
2016-08-02 09:30:24,204 - Perf_cpu - INFO - make[2]: 对“install-exec-am”无需做任何事。
2016-08-02 09:30:24,204 - Perf_cpu - INFO - make[2]: 对“install-data-am”无需做任何事。
2016-08-02 09:30:24,204 - Perf_cpu - INFO - make[2]: 离开目录“/home/Lpbs-i/tmp/Perf_cpu”
2016-08-02 09:30:24,204 - Perf_cpu - INFO - make[1]: 离开目录“/home/Lpbs-i/tmp/Perf_cpu”
2016-08-02 09:30:24,205 - Perf_cpu - INFO - {u'cpu_max_prime': u'10000,20000,30000', u'test_type': u'cpu', u'reboot': u'no', u'runtimes': u'3', u'tag': u'cpu', u'tarbal': u'sysbench-0.4.12.tar.gz'}
2016-08-02 09:30:24,206 - Perf_cpu - INFO - /home/Lpbs-i/tmp/Perf_cpu/sysbench/sysbench --test=cpu --cpu-max-prime=10000 run
2016-08-02 09:30:33,866 - Perf_cpu - INFO - sysbench 0.4.12:  multi-threaded system evaluation benchmark
2016-08-02 09:30:33,867 - Perf_cpu - INFO - 
2016-08-02 09:30:33,867 - Perf_cpu - INFO - Running the test with following options:
2016-08-02 09:30:33,867 - Perf_cpu - INFO - Number of threads: 1
2016-08-02 09:30:33,867 - Perf_cpu - INFO - 
2016-08-02 09:30:33,867 - Perf_cpu - INFO - Doing CPU performance benchmark
2016-08-02 09:30:33,867 - Perf_cpu - INFO - 
2016-08-02 09:30:33,867 - Perf_cpu - INFO - Threads started!
2016-08-02 09:30:33,867 - Perf_cpu - INFO - Done.
2016-08-02 09:30:33,867 - Perf_cpu - INFO - 
2016-08-02 09:30:33,867 - Perf_cpu - INFO - Maximum prime number checked in CPU test: 10000
2016-08-02 09:30:33,867 - Perf_cpu - INFO - 
2016-08-02 09:30:33,867 - Perf_cpu - INFO - 
2016-08-02 09:30:33,868 - Perf_cpu - INFO - Test execution summary:
2016-08-02 09:30:33,868 - Perf_cpu - INFO -     total time:                          9.6578s
2016-08-02 09:30:33,868 - Perf_cpu - INFO -     total number of events:              10000
2016-08-02 09:30:33,868 - Perf_cpu - INFO -     total time taken by event execution: 9.6571
2016-08-02 09:30:33,868 - Perf_cpu - INFO -     per-request statistics:
2016-08-02 09:30:33,868 - Perf_cpu - INFO -          min:                                  0.96ms
2016-08-02 09:30:33,868 - Perf_cpu - INFO -          avg:                                  0.97ms
2016-08-02 09:30:33,868 - Perf_cpu - INFO -          max:                                  1.07ms
2016-08-02 09:30:33,868 - Perf_cpu - INFO -          approx.  95 percentile:               0.98ms
2016-08-02 09:30:33,868 - Perf_cpu - INFO - 
2016-08-02 09:30:33,868 - Perf_cpu - INFO - Threads fairness:
2016-08-02 09:30:33,868 - Perf_cpu - INFO -     events (avg/stddev):           10000.0000/0.00
2016-08-02 09:30:33,868 - Perf_cpu - INFO -     execution time (avg/stddev):   9.6571/0.00
2016-08-02 09:30:43,521 - Perf_cpu - INFO - sysbench 0.4.12:  multi-threaded system evaluation benchmark
2016-08-02 09:30:43,521 - Perf_cpu - INFO - 
2016-08-02 09:30:43,521 - Perf_cpu - INFO - Running the test with following options:
2016-08-02 09:30:43,521 - Perf_cpu - INFO - Number of threads: 1
2016-08-02 09:30:43,521 - Perf_cpu - INFO - 
2016-08-02 09:30:43,522 - Perf_cpu - INFO - Doing CPU performance benchmark
2016-08-02 09:30:43,522 - Perf_cpu - INFO - 
2016-08-02 09:30:43,522 - Perf_cpu - INFO - Threads started!
2016-08-02 09:30:43,522 - Perf_cpu - INFO - Done.
2016-08-02 09:30:43,522 - Perf_cpu - INFO - 
2016-08-02 09:30:43,522 - Perf_cpu - INFO - Maximum prime number checked in CPU test: 10000
2016-08-02 09:30:43,522 - Perf_cpu - INFO - 
2016-08-02 09:30:43,522 - Perf_cpu - INFO - 
2016-08-02 09:30:43,522 - Perf_cpu - INFO - Test execution summary:
2016-08-02 09:30:43,522 - Perf_cpu - INFO -     total time:                          9.6499s
2016-08-02 09:30:43,522 - Perf_cpu - INFO -     total number of events:              10000
2016-08-02 09:30:43,522 - Perf_cpu - INFO -     total time taken by event execution: 9.6491
2016-08-02 09:30:43,522 - Perf_cpu - INFO -     per-request statistics:
2016-08-02 09:30:43,523 - Perf_cpu - INFO -          min:                                  0.96ms
2016-08-02 09:30:43,523 - Perf_cpu - INFO -          avg:                                  0.96ms
2016-08-02 09:30:43,523 - Perf_cpu - INFO -          max:                                  1.02ms
2016-08-02 09:30:43,523 - Perf_cpu - INFO -          approx.  95 percentile:               0.97ms
2016-08-02 09:30:43,523 - Perf_cpu - INFO - 
2016-08-02 09:30:43,523 - Perf_cpu - INFO - Threads fairness:
2016-08-02 09:30:43,523 - Perf_cpu - INFO -     events (avg/stddev):           10000.0000/0.00
2016-08-02 09:30:43,523 - Perf_cpu - INFO -     execution time (avg/stddev):   9.6491/0.00
2016-08-02 09:30:53,171 - Perf_cpu - INFO - sysbench 0.4.12:  multi-threaded system evaluation benchmark
2016-08-02 09:30:53,171 - Perf_cpu - INFO - 
2016-08-02 09:30:53,171 - Perf_cpu - INFO - Running the test with following options:
2016-08-02 09:30:53,171 - Perf_cpu - INFO - Number of threads: 1
2016-08-02 09:30:53,171 - Perf_cpu - INFO - 
2016-08-02 09:30:53,171 - Perf_cpu - INFO - Doing CPU performance benchmark
2016-08-02 09:30:53,171 - Perf_cpu - INFO - 
2016-08-02 09:30:53,171 - Perf_cpu - INFO - Threads started!
2016-08-02 09:30:53,171 - Perf_cpu - INFO - Done.
2016-08-02 09:30:53,171 - Perf_cpu - INFO - 
2016-08-02 09:30:53,171 - Perf_cpu - INFO - Maximum prime number checked in CPU test: 10000
2016-08-02 09:30:53,171 - Perf_cpu - INFO - 
2016-08-02 09:30:53,172 - Perf_cpu - INFO - 
2016-08-02 09:30:53,172 - Perf_cpu - INFO - Test execution summary:
2016-08-02 09:30:53,172 - Perf_cpu - INFO -     total time:                          9.6448s
2016-08-02 09:30:53,172 - Perf_cpu - INFO -     total number of events:              10000
2016-08-02 09:30:53,172 - Perf_cpu - INFO -     total time taken by event execution: 9.6441
2016-08-02 09:30:53,172 - Perf_cpu - INFO -     per-request statistics:
2016-08-02 09:30:53,172 - Perf_cpu - INFO -          min:                                  0.96ms
2016-08-02 09:30:53,172 - Perf_cpu - INFO -          avg:                                  0.96ms
2016-08-02 09:30:53,172 - Perf_cpu - INFO -          max:                                  1.02ms
2016-08-02 09:30:53,172 - Perf_cpu - INFO -          approx.  95 percentile:               0.97ms
2016-08-02 09:30:53,172 - Perf_cpu - INFO - 
2016-08-02 09:30:53,172 - Perf_cpu - INFO - Threads fairness:
2016-08-02 09:30:53,172 - Perf_cpu - INFO -     events (avg/stddev):           10000.0000/0.00
2016-08-02 09:30:53,172 - Perf_cpu - INFO -     execution time (avg/stddev):   9.6441/0.00
2016-08-02 09:30:53,173 - Perf_cpu - INFO - /home/Lpbs-i/tmp/Perf_cpu/sysbench/sysbench --test=cpu --cpu-max-prime=20000 run
2016-08-02 09:31:18,139 - Perf_cpu - INFO - sysbench 0.4.12:  multi-threaded system evaluation benchmark
2016-08-02 09:31:18,139 - Perf_cpu - INFO - 
2016-08-02 09:31:18,139 - Perf_cpu - INFO - Running the test with following options:
2016-08-02 09:31:18,140 - Perf_cpu - INFO - Number of threads: 1
2016-08-02 09:31:18,140 - Perf_cpu - INFO - 
2016-08-02 09:31:18,140 - Perf_cpu - INFO - Doing CPU performance benchmark
2016-08-02 09:31:18,140 - Perf_cpu - INFO - 
2016-08-02 09:31:18,140 - Perf_cpu - INFO - Threads started!
2016-08-02 09:31:18,140 - Perf_cpu - INFO - Done.
2016-08-02 09:31:18,140 - Perf_cpu - INFO - 
2016-08-02 09:31:18,140 - Perf_cpu - INFO - Maximum prime number checked in CPU test: 20000
2016-08-02 09:31:18,140 - Perf_cpu - INFO - 
2016-08-02 09:31:18,140 - Perf_cpu - INFO - 
2016-08-02 09:31:18,140 - Perf_cpu - INFO - Test execution summary:
2016-08-02 09:31:18,140 - Perf_cpu - INFO -     total time:                          24.9634s
2016-08-02 09:31:18,140 - Perf_cpu - INFO -     total number of events:              10000
2016-08-02 09:31:18,141 - Perf_cpu - INFO -     total time taken by event execution: 24.9627
2016-08-02 09:31:18,141 - Perf_cpu - INFO -     per-request statistics:
2016-08-02 09:31:18,141 - Perf_cpu - INFO -          min:                                  2.49ms
2016-08-02 09:31:18,141 - Perf_cpu - INFO -          avg:                                  2.50ms
2016-08-02 09:31:18,141 - Perf_cpu - INFO -          max:                                  2.64ms
2016-08-02 09:31:18,141 - Perf_cpu - INFO -          approx.  95 percentile:               2.51ms
2016-08-02 09:31:18,141 - Perf_cpu - INFO - 
2016-08-02 09:31:18,141 - Perf_cpu - INFO - Threads fairness:
2016-08-02 09:31:18,141 - Perf_cpu - INFO -     events (avg/stddev):           10000.0000/0.00
2016-08-02 09:31:18,141 - Perf_cpu - INFO -     execution time (avg/stddev):   24.9627/0.00
2016-08-02 09:31:43,132 - Perf_cpu - INFO - sysbench 0.4.12:  multi-threaded system evaluation benchmark
2016-08-02 09:31:43,132 - Perf_cpu - INFO - 
2016-08-02 09:31:43,132 - Perf_cpu - INFO - Running the test with following options:
2016-08-02 09:31:43,132 - Perf_cpu - INFO - Number of threads: 1
2016-08-02 09:31:43,132 - Perf_cpu - INFO - 
2016-08-02 09:31:43,132 - Perf_cpu - INFO - Doing CPU performance benchmark
2016-08-02 09:31:43,132 - Perf_cpu - INFO - 
2016-08-02 09:31:43,133 - Perf_cpu - INFO - Threads started!
2016-08-02 09:31:43,133 - Perf_cpu - INFO - Done.
2016-08-02 09:31:43,133 - Perf_cpu - INFO - 
2016-08-02 09:31:43,133 - Perf_cpu - INFO - Maximum prime number checked in CPU test: 20000
2016-08-02 09:31:43,133 - Perf_cpu - INFO - 
2016-08-02 09:31:43,133 - Perf_cpu - INFO - 
2016-08-02 09:31:43,133 - Perf_cpu - INFO - Test execution summary:
2016-08-02 09:31:43,133 - Perf_cpu - INFO -     total time:                          24.9879s
2016-08-02 09:31:43,133 - Perf_cpu - INFO -     total number of events:              10000
2016-08-02 09:31:43,133 - Perf_cpu - INFO -     total time taken by event execution: 24.9872
2016-08-02 09:31:43,133 - Perf_cpu - INFO -     per-request statistics:
2016-08-02 09:31:43,133 - Perf_cpu - INFO -          min:                                  2.49ms
2016-08-02 09:31:43,133 - Perf_cpu - INFO -          avg:                                  2.50ms
2016-08-02 09:31:43,134 - Perf_cpu - INFO -          max:                                  2.62ms
2016-08-02 09:31:43,134 - Perf_cpu - INFO -          approx.  95 percentile:               2.57ms
2016-08-02 09:31:43,134 - Perf_cpu - INFO - 
2016-08-02 09:31:43,134 - Perf_cpu - INFO - Threads fairness:
2016-08-02 09:31:43,134 - Perf_cpu - INFO -     events (avg/stddev):           10000.0000/0.00
2016-08-02 09:31:43,134 - Perf_cpu - INFO -     execution time (avg/stddev):   24.9872/0.00
2016-08-02 09:32:08,083 - Perf_cpu - INFO - sysbench 0.4.12:  multi-threaded system evaluation benchmark
2016-08-02 09:32:08,083 - Perf_cpu - INFO - 
2016-08-02 09:32:08,083 - Perf_cpu - INFO - Running the test with following options:
2016-08-02 09:32:08,083 - Perf_cpu - INFO - Number of threads: 1
2016-08-02 09:32:08,083 - Perf_cpu - INFO - 
2016-08-02 09:32:08,083 - Perf_cpu - INFO - Doing CPU performance benchmark
2016-08-02 09:32:08,083 - Perf_cpu - INFO - 
2016-08-02 09:32:08,084 - Perf_cpu - INFO - Threads started!
2016-08-02 09:32:08,084 - Perf_cpu - INFO - Done.
2016-08-02 09:32:08,084 - Perf_cpu - INFO - 
2016-08-02 09:32:08,084 - Perf_cpu - INFO - Maximum prime number checked in CPU test: 20000
2016-08-02 09:32:08,084 - Perf_cpu - INFO - 
2016-08-02 09:32:08,084 - Perf_cpu - INFO - 
2016-08-02 09:32:08,084 - Perf_cpu - INFO - Test execution summary:
2016-08-02 09:32:08,084 - Perf_cpu - INFO -     total time:                          24.9462s
2016-08-02 09:32:08,084 - Perf_cpu - INFO -     total number of events:              10000
2016-08-02 09:32:08,084 - Perf_cpu - INFO -     total time taken by event execution: 24.9454
2016-08-02 09:32:08,084 - Perf_cpu - INFO -     per-request statistics:
2016-08-02 09:32:08,084 - Perf_cpu - INFO -          min:                                  2.49ms
2016-08-02 09:32:08,084 - Perf_cpu - INFO -          avg:                                  2.49ms
2016-08-02 09:32:08,085 - Perf_cpu - INFO -          max:                                  2.61ms
2016-08-02 09:32:08,085 - Perf_cpu - INFO -          approx.  95 percentile:               2.51ms
2016-08-02 09:32:08,085 - Perf_cpu - INFO - 
2016-08-02 09:32:08,085 - Perf_cpu - INFO - Threads fairness:
2016-08-02 09:32:08,085 - Perf_cpu - INFO -     events (avg/stddev):           10000.0000/0.00
2016-08-02 09:32:08,085 - Perf_cpu - INFO -     execution time (avg/stddev):   24.9454/0.00
2016-08-02 09:32:08,085 - Perf_cpu - INFO - /home/Lpbs-i/tmp/Perf_cpu/sysbench/sysbench --test=cpu --cpu-max-prime=30000 run
2016-08-02 09:32:51,765 - Perf_cpu - INFO - sysbench 0.4.12:  multi-threaded system evaluation benchmark
2016-08-02 09:32:51,765 - Perf_cpu - INFO - 
2016-08-02 09:32:51,765 - Perf_cpu - INFO - Running the test with following options:
2016-08-02 09:32:51,765 - Perf_cpu - INFO - Number of threads: 1
2016-08-02 09:32:51,765 - Perf_cpu - INFO - 
2016-08-02 09:32:51,765 - Perf_cpu - INFO - Doing CPU performance benchmark
2016-08-02 09:32:51,765 - Perf_cpu - INFO - 
2016-08-02 09:32:51,765 - Perf_cpu - INFO - Threads started!
2016-08-02 09:32:51,766 - Perf_cpu - INFO - Done.
2016-08-02 09:32:51,766 - Perf_cpu - INFO - 
2016-08-02 09:32:51,766 - Perf_cpu - INFO - Maximum prime number checked in CPU test: 30000
2016-08-02 09:32:51,766 - Perf_cpu - INFO - 
2016-08-02 09:32:51,766 - Perf_cpu - INFO - 
2016-08-02 09:32:51,766 - Perf_cpu - INFO - Test execution summary:
2016-08-02 09:32:51,766 - Perf_cpu - INFO -     total time:                          43.6764s
2016-08-02 09:32:51,766 - Perf_cpu - INFO -     total number of events:              10000
2016-08-02 09:32:51,766 - Perf_cpu - INFO -     total time taken by event execution: 43.6756
2016-08-02 09:32:51,766 - Perf_cpu - INFO -     per-request statistics:
2016-08-02 09:32:51,766 - Perf_cpu - INFO -          min:                                  4.34ms
2016-08-02 09:32:51,766 - Perf_cpu - INFO -          avg:                                  4.37ms
2016-08-02 09:32:51,766 - Perf_cpu - INFO -          max:                                  4.56ms
2016-08-02 09:32:51,766 - Perf_cpu - INFO -          approx.  95 percentile:               4.48ms
2016-08-02 09:32:51,767 - Perf_cpu - INFO - 
2016-08-02 09:32:51,767 - Perf_cpu - INFO - Threads fairness:
2016-08-02 09:32:51,767 - Perf_cpu - INFO -     events (avg/stddev):           10000.0000/0.00
2016-08-02 09:32:51,767 - Perf_cpu - INFO -     execution time (avg/stddev):   43.6756/0.00
2016-08-02 09:33:35,366 - Perf_cpu - INFO - sysbench 0.4.12:  multi-threaded system evaluation benchmark
2016-08-02 09:33:35,367 - Perf_cpu - INFO - 
2016-08-02 09:33:35,367 - Perf_cpu - INFO - Running the test with following options:
2016-08-02 09:33:35,367 - Perf_cpu - INFO - Number of threads: 1
2016-08-02 09:33:35,367 - Perf_cpu - INFO - 
2016-08-02 09:33:35,367 - Perf_cpu - INFO - Doing CPU performance benchmark
2016-08-02 09:33:35,367 - Perf_cpu - INFO - 
2016-08-02 09:33:35,367 - Perf_cpu - INFO - Threads started!
2016-08-02 09:33:35,367 - Perf_cpu - INFO - Done.
2016-08-02 09:33:35,367 - Perf_cpu - INFO - 
2016-08-02 09:33:35,367 - Perf_cpu - INFO - Maximum prime number checked in CPU test: 30000
2016-08-02 09:33:35,367 - Perf_cpu - INFO - 
2016-08-02 09:33:35,367 - Perf_cpu - INFO - 
2016-08-02 09:33:35,367 - Perf_cpu - INFO - Test execution summary:
2016-08-02 09:33:35,368 - Perf_cpu - INFO -     total time:                          43.5967s
2016-08-02 09:33:35,368 - Perf_cpu - INFO -     total number of events:              10000
2016-08-02 09:33:35,368 - Perf_cpu - INFO -     total time taken by event execution: 43.5960
2016-08-02 09:33:35,368 - Perf_cpu - INFO -     per-request statistics:
2016-08-02 09:33:35,368 - Perf_cpu - INFO -          min:                                  4.34ms
2016-08-02 09:33:35,368 - Perf_cpu - INFO -          avg:                                  4.36ms
2016-08-02 09:33:35,368 - Perf_cpu - INFO -          max:                                  4.53ms
2016-08-02 09:33:35,368 - Perf_cpu - INFO -          approx.  95 percentile:               4.48ms
2016-08-02 09:33:35,368 - Perf_cpu - INFO - 
2016-08-02 09:33:35,368 - Perf_cpu - INFO - Threads fairness:
2016-08-02 09:33:35,368 - Perf_cpu - INFO -     events (avg/stddev):           10000.0000/0.00
2016-08-02 09:33:35,368 - Perf_cpu - INFO -     execution time (avg/stddev):   43.5960/0.00
2016-08-02 09:34:18,875 - Perf_cpu - INFO - sysbench 0.4.12:  multi-threaded system evaluation benchmark
2016-08-02 09:34:18,876 - Perf_cpu - INFO - 
2016-08-02 09:34:18,876 - Perf_cpu - INFO - Running the test with following options:
2016-08-02 09:34:18,876 - Perf_cpu - INFO - Number of threads: 1
2016-08-02 09:34:18,876 - Perf_cpu - INFO - 
2016-08-02 09:34:18,876 - Perf_cpu - INFO - Doing CPU performance benchmark
2016-08-02 09:34:18,876 - Perf_cpu - INFO - 
2016-08-02 09:34:18,876 - Perf_cpu - INFO - Threads started!
2016-08-02 09:34:18,876 - Perf_cpu - INFO - Done.
2016-08-02 09:34:18,876 - Perf_cpu - INFO - 
2016-08-02 09:34:18,876 - Perf_cpu - INFO - Maximum prime number checked in CPU test: 30000
2016-08-02 09:34:18,876 - Perf_cpu - INFO - 
2016-08-02 09:34:18,876 - Perf_cpu - INFO - 
2016-08-02 09:34:18,877 - Perf_cpu - INFO - Test execution summary:
2016-08-02 09:34:18,877 - Perf_cpu - INFO -     total time:                          43.5042s
2016-08-02 09:34:18,877 - Perf_cpu - INFO -     total number of events:              10000
2016-08-02 09:34:18,877 - Perf_cpu - INFO -     total time taken by event execution: 43.5035
2016-08-02 09:34:18,877 - Perf_cpu - INFO -     per-request statistics:
2016-08-02 09:34:18,877 - Perf_cpu - INFO -          min:                                  4.34ms
2016-08-02 09:34:18,877 - Perf_cpu - INFO -          avg:                                  4.35ms
2016-08-02 09:34:18,877 - Perf_cpu - INFO -          max:                                  4.57ms
2016-08-02 09:34:18,877 - Perf_cpu - INFO -          approx.  95 percentile:               4.37ms
2016-08-02 09:34:18,877 - Perf_cpu - INFO - 
2016-08-02 09:34:18,877 - Perf_cpu - INFO - Threads fairness:
2016-08-02 09:34:18,877 - Perf_cpu - INFO -     events (avg/stddev):           10000.0000/0.00
2016-08-02 09:34:18,877 - Perf_cpu - INFO -     execution time (avg/stddev):   43.5035/0.00
