2016-08-02 09:34:29,194 - Perf_io - INFO - /home/Lpbs-i/Setup.xml
2016-08-02 09:34:29,194 - Perf_io - INFO - /home/Lpbs-i/Test_parameter.xml
2016-08-02 09:34:29,198 - Perf_io - INFO - /home/Lpbs-i/Setup.xml
2016-08-02 09:34:29,299 - Perf_io - INFO - test is /home/Lpbs-i/tmp
2016-08-02 09:34:29,326 - Perf_io - INFO - rm -f *.o iozone fileop pit_server
2016-08-02 09:34:35,924 - Perf_io - INFO - 
2016-08-02 09:34:35,924 - Perf_io - INFO - Building iozone for Linux
2016-08-02 09:34:35,924 - Perf_io - INFO - 
2016-08-02 09:34:35,924 - Perf_io - INFO - cc -Wall -c -O3 -Dunix -DHAVE_ANSIC_C -DASYNC_IO -DHAVE_PREAD \
2016-08-02 09:34:35,924 - Perf_io - INFO - 	-DSHARED_MEM -Dlinux -D_LARGEFILE64_SOURCE  iozone.c \
2016-08-02 09:34:35,924 - Perf_io - INFO - 	-DNAME='"linux"' -o iozone_linux.o
2016-08-02 09:34:35,924 - Perf_io - INFO - cc -Wall -c -O3 -Dunix -DHAVE_ANSIC_C -DASYNC_IO -D_LARGEFILE64_SOURCE \
2016-08-02 09:34:35,924 - Perf_io - INFO - 	-DSHARED_MEM -Dlinux  libbif.c -o libbif.o
2016-08-02 09:34:35,924 - Perf_io - INFO - cc -Wall -c -O3 -Dunix -Dlinux -DHAVE_ANSIC_C -DASYNC_IO \
2016-08-02 09:34:35,924 - Perf_io - INFO - 	-D_LARGEFILE64_SOURCE  libasync.c  -o libasync.o
2016-08-02 09:34:35,924 - Perf_io - INFO - 
2016-08-02 09:34:35,924 - Perf_io - INFO - Building fileop for Linux
2016-08-02 09:34:35,924 - Perf_io - INFO - 
2016-08-02 09:34:35,925 - Perf_io - INFO - cc -Wall -c -O3  fileop.c -o fileop_linux.o
2016-08-02 09:34:35,925 - Perf_io - INFO - 
2016-08-02 09:34:35,925 - Perf_io - INFO - Building the pit_server
2016-08-02 09:34:35,925 - Perf_io - INFO - 
2016-08-02 09:34:35,925 - Perf_io - INFO - cc -c   pit_server.c  -o pit_server.o
2016-08-02 09:34:35,925 - Perf_io - INFO - cc  -O3  iozone_linux.o libasync.o libbif.o -lpthread \
2016-08-02 09:34:35,925 - Perf_io - INFO - 	-lrt -o iozone
2016-08-02 09:34:35,925 - Perf_io - INFO - cc  -O3 -Dlinux fileop_linux.o -o fileop
2016-08-02 09:34:35,925 - Perf_io - INFO - cc  -O3 -Dlinux pit_server.o -o pit_server
2016-08-02 09:34:35,930 - Perf_io - INFO - {u'i': u'0,1,2', u'tag': u"'io'", u'reboot': u'no', u'runtimes': u'3', u's': u'1G', u'r': u'1M', u't': u'1', u'tarbal': u'iozone-3.414.tar.gz'}
2016-08-02 09:34:35,930 - Perf_io - INFO - -s 1G  -i 0 -i 1 -i 2 -t 1 -r 1M
2016-08-02 09:34:35,930 - Perf_io - INFO - /home/Lpbs-i/tmp/Perf_io/src/current/iozone -s 1G  -i 0 -i 1 -i 2 -t 1 -r 1M
2016-08-02 09:35:25,917 - Perf_io - INFO - 	Iozone: Performance Test of File I/O
2016-08-02 09:35:25,917 - Perf_io - INFO - 	        Version $Revision: 3.414 $
2016-08-02 09:35:25,917 - Perf_io - INFO - 		Compiled for 64 bit mode.
2016-08-02 09:35:25,918 - Perf_io - INFO - 		Build: linux
2016-08-02 09:35:25,918 - Perf_io - INFO - 
2016-08-02 09:35:25,918 - Perf_io - INFO - 	Contributors:William Norcott, Don Capps, Isom Crawford, Kirby Collins
2016-08-02 09:35:25,918 - Perf_io - INFO - 	             Al Slater, Scott Rhine, Mike Wisner, Ken Goss
2016-08-02 09:35:25,918 - Perf_io - INFO - 	             Steve Landherr, Brad Smith, Mark Kelly, Dr. Alain CYR,
2016-08-02 09:35:25,918 - Perf_io - INFO - 	             Randy Dunlap, Mark Montague, Dan Million, Gavin Brebner,
2016-08-02 09:35:25,918 - Perf_io - INFO - 	             Jean-Marc Zucconi, Jeff Blomberg, Benny Halevy, Dave Boone,
2016-08-02 09:35:25,918 - Perf_io - INFO - 	             Erik Habbinga, Kris Strecker, Walter Wong, Joshua Root,
2016-08-02 09:35:25,918 - Perf_io - INFO - 	             Fabrice Bacchella, Zhenghua Xue, Qin Li, Darren Sawyer,
2016-08-02 09:35:25,918 - Perf_io - INFO - 	             Vangel Bojaxhi, Ben England.
2016-08-02 09:35:25,918 - Perf_io - INFO - 
2016-08-02 09:35:25,918 - Perf_io - INFO - 	Run began: Tue Aug  2 09:34:35 2016
2016-08-02 09:35:25,918 - Perf_io - INFO - 
2016-08-02 09:35:25,919 - Perf_io - INFO - 	File size set to 1048576 KB
2016-08-02 09:35:25,919 - Perf_io - INFO - 	Record Size 1024 KB
2016-08-02 09:35:25,919 - Perf_io - INFO - 	Command line used: /home/Lpbs-i/tmp/Perf_io/src/current/iozone -s 1G -i 0 -i 1 -i 2 -t 1 -r 1M
2016-08-02 09:35:25,919 - Perf_io - INFO - 	Output is in Kbytes/sec
2016-08-02 09:35:25,919 - Perf_io - INFO - 	Time Resolution = 0.000001 seconds.
2016-08-02 09:35:25,919 - Perf_io - INFO - 	Processor cache size set to 1024 Kbytes.
2016-08-02 09:35:25,919 - Perf_io - INFO - 	Processor cache line size set to 32 bytes.
2016-08-02 09:35:25,919 - Perf_io - INFO - 	File stride size set to 17 * record size.
2016-08-02 09:35:25,919 - Perf_io - INFO - 	Throughput test with 1 process
2016-08-02 09:35:25,919 - Perf_io - INFO - 	Each process writes a 1048576 Kbyte file in 1024 Kbyte records
2016-08-02 09:35:25,919 - Perf_io - INFO - 
2016-08-02 09:35:25,919 - Perf_io - INFO - 	Children see throughput for  1 initial writers 	=  508834.94 KB/sec
2016-08-02 09:35:25,919 - Perf_io - INFO - 	Parent sees throughput for  1 initial writers 	=  112307.51 KB/sec
2016-08-02 09:35:25,920 - Perf_io - INFO - 	Min throughput per process 			=  508834.94 KB/sec
2016-08-02 09:35:25,920 - Perf_io - INFO - 	Max throughput per process 			=  508834.94 KB/sec
2016-08-02 09:35:25,920 - Perf_io - INFO - 	Avg throughput per process 			=  508834.94 KB/sec
2016-08-02 09:35:25,920 - Perf_io - INFO - 	Min xfer 					= 1048576.00 KB
2016-08-02 09:35:25,920 - Perf_io - INFO - 
2016-08-02 09:35:25,920 - Perf_io - INFO - 	Children see throughput for  1 rewriters 	=  650886.38 KB/sec
2016-08-02 09:35:25,920 - Perf_io - INFO - 	Parent sees throughput for  1 rewriters 	=  120290.90 KB/sec
2016-08-02 09:35:25,920 - Perf_io - INFO - 	Min throughput per process 			=  650886.38 KB/sec
2016-08-02 09:35:25,920 - Perf_io - INFO - 	Max throughput per process 			=  650886.38 KB/sec
2016-08-02 09:35:25,920 - Perf_io - INFO - 	Avg throughput per process 			=  650886.38 KB/sec
2016-08-02 09:35:25,920 - Perf_io - INFO - 	Min xfer 					= 1048576.00 KB
2016-08-02 09:35:25,920 - Perf_io - INFO - 
2016-08-02 09:35:25,920 - Perf_io - INFO - 	Children see throughput for  1 readers 		= 9916458.00 KB/sec
2016-08-02 09:35:25,920 - Perf_io - INFO - 	Parent sees throughput for  1 readers 		= 4377952.56 KB/sec
2016-08-02 09:35:25,921 - Perf_io - INFO - 	Min throughput per process 			= 9916458.00 KB/sec
2016-08-02 09:35:25,921 - Perf_io - INFO - 	Max throughput per process 			= 9916458.00 KB/sec
2016-08-02 09:35:25,921 - Perf_io - INFO - 	Avg throughput per process 			= 9916458.00 KB/sec
2016-08-02 09:35:25,921 - Perf_io - INFO - 	Min xfer 					= 1048576.00 KB
2016-08-02 09:35:25,921 - Perf_io - INFO - 
2016-08-02 09:35:25,921 - Perf_io - INFO - 	Children see throughput for 1 re-readers 	= 10024339.00 KB/sec
2016-08-02 09:35:25,921 - Perf_io - INFO - 	Parent sees throughput for 1 re-readers 	= 8315556.85 KB/sec
2016-08-02 09:35:25,921 - Perf_io - INFO - 	Min throughput per process 			= 10024339.00 KB/sec
2016-08-02 09:35:25,921 - Perf_io - INFO - 	Max throughput per process 			= 10024339.00 KB/sec
2016-08-02 09:35:25,921 - Perf_io - INFO - 	Avg throughput per process 			= 10024339.00 KB/sec
2016-08-02 09:35:25,921 - Perf_io - INFO - 	Min xfer 					= 1048576.00 KB
2016-08-02 09:35:25,921 - Perf_io - INFO - 
2016-08-02 09:35:25,921 - Perf_io - INFO - 	Children see throughput for 1 random readers 	= 9953353.00 KB/sec
2016-08-02 09:35:25,921 - Perf_io - INFO - 	Parent sees throughput for 1 random readers 	= 8709385.76 KB/sec
2016-08-02 09:35:25,922 - Perf_io - INFO - 	Min throughput per process 			= 9953353.00 KB/sec
2016-08-02 09:35:25,922 - Perf_io - INFO - 	Max throughput per process 			= 9953353.00 KB/sec
2016-08-02 09:35:25,922 - Perf_io - INFO - 	Avg throughput per process 			= 9953353.00 KB/sec
2016-08-02 09:35:25,922 - Perf_io - INFO - 	Min xfer 					= 1048576.00 KB
2016-08-02 09:35:25,922 - Perf_io - INFO - 
2016-08-02 09:35:25,922 - Perf_io - INFO - 	Children see throughput for 1 random writers 	=  573050.31 KB/sec
2016-08-02 09:35:25,922 - Perf_io - INFO - 	Parent sees throughput for 1 random writers 	=   94711.21 KB/sec
2016-08-02 09:35:25,922 - Perf_io - INFO - 	Min throughput per process 			=  573050.31 KB/sec
2016-08-02 09:35:25,922 - Perf_io - INFO - 	Max throughput per process 			=  573050.31 KB/sec
2016-08-02 09:35:25,922 - Perf_io - INFO - 	Avg throughput per process 			=  573050.31 KB/sec
2016-08-02 09:35:25,922 - Perf_io - INFO - 	Min xfer 					= 1048576.00 KB
2016-08-02 09:35:25,922 - Perf_io - INFO - 
2016-08-02 09:35:25,922 - Perf_io - INFO - 
2016-08-02 09:35:25,923 - Perf_io - INFO - 
2016-08-02 09:35:25,923 - Perf_io - INFO - iozone test complete.
2016-08-02 09:36:15,341 - Perf_io - INFO - 	Iozone: Performance Test of File I/O
2016-08-02 09:36:15,341 - Perf_io - INFO - 	        Version $Revision: 3.414 $
2016-08-02 09:36:15,342 - Perf_io - INFO - 		Compiled for 64 bit mode.
2016-08-02 09:36:15,342 - Perf_io - INFO - 		Build: linux
2016-08-02 09:36:15,342 - Perf_io - INFO - 
2016-08-02 09:36:15,342 - Perf_io - INFO - 	Contributors:William Norcott, Don Capps, Isom Crawford, Kirby Collins
2016-08-02 09:36:15,342 - Perf_io - INFO - 	             Al Slater, Scott Rhine, Mike Wisner, Ken Goss
2016-08-02 09:36:15,342 - Perf_io - INFO - 	             Steve Landherr, Brad Smith, Mark Kelly, Dr. Alain CYR,
2016-08-02 09:36:15,342 - Perf_io - INFO - 	             Randy Dunlap, Mark Montague, Dan Million, Gavin Brebner,
2016-08-02 09:36:15,342 - Perf_io - INFO - 	             Jean-Marc Zucconi, Jeff Blomberg, Benny Halevy, Dave Boone,
2016-08-02 09:36:15,342 - Perf_io - INFO - 	             Erik Habbinga, Kris Strecker, Walter Wong, Joshua Root,
2016-08-02 09:36:15,342 - Perf_io - INFO - 	             Fabrice Bacchella, Zhenghua Xue, Qin Li, Darren Sawyer,
2016-08-02 09:36:15,342 - Perf_io - INFO - 	             Vangel Bojaxhi, Ben England.
2016-08-02 09:36:15,342 - Perf_io - INFO - 
2016-08-02 09:36:15,342 - Perf_io - INFO - 	Run began: Tue Aug  2 09:35:25 2016
2016-08-02 09:36:15,342 - Perf_io - INFO - 
2016-08-02 09:36:15,343 - Perf_io - INFO - 	File size set to 1048576 KB
2016-08-02 09:36:15,343 - Perf_io - INFO - 	Record Size 1024 KB
2016-08-02 09:36:15,343 - Perf_io - INFO - 	Command line used: /home/Lpbs-i/tmp/Perf_io/src/current/iozone -s 1G -i 0 -i 1 -i 2 -t 1 -r 1M
2016-08-02 09:36:15,343 - Perf_io - INFO - 	Output is in Kbytes/sec
2016-08-02 09:36:15,343 - Perf_io - INFO - 	Time Resolution = 0.000001 seconds.
2016-08-02 09:36:15,343 - Perf_io - INFO - 	Processor cache size set to 1024 Kbytes.
2016-08-02 09:36:15,343 - Perf_io - INFO - 	Processor cache line size set to 32 bytes.
2016-08-02 09:36:15,343 - Perf_io - INFO - 	File stride size set to 17 * record size.
2016-08-02 09:36:15,343 - Perf_io - INFO - 	Throughput test with 1 process
2016-08-02 09:36:15,343 - Perf_io - INFO - 	Each process writes a 1048576 Kbyte file in 1024 Kbyte records
2016-08-02 09:36:15,343 - Perf_io - INFO - 
2016-08-02 09:36:15,343 - Perf_io - INFO - 	Children see throughput for  1 initial writers 	=  486321.59 KB/sec
2016-08-02 09:36:15,343 - Perf_io - INFO - 	Parent sees throughput for  1 initial writers 	=  115850.71 KB/sec
2016-08-02 09:36:15,344 - Perf_io - INFO - 	Min throughput per process 			=  486321.59 KB/sec
2016-08-02 09:36:15,344 - Perf_io - INFO - 	Max throughput per process 			=  486321.59 KB/sec
2016-08-02 09:36:15,344 - Perf_io - INFO - 	Avg throughput per process 			=  486321.59 KB/sec
2016-08-02 09:36:15,344 - Perf_io - INFO - 	Min xfer 					= 1048576.00 KB
2016-08-02 09:36:15,344 - Perf_io - INFO - 
2016-08-02 09:36:15,344 - Perf_io - INFO - 	Children see throughput for  1 rewriters 	=  631457.75 KB/sec
2016-08-02 09:36:15,344 - Perf_io - INFO - 	Parent sees throughput for  1 rewriters 	=  122169.92 KB/sec
2016-08-02 09:36:15,344 - Perf_io - INFO - 	Min throughput per process 			=  631457.75 KB/sec
2016-08-02 09:36:15,344 - Perf_io - INFO - 	Max throughput per process 			=  631457.75 KB/sec
2016-08-02 09:36:15,344 - Perf_io - INFO - 	Avg throughput per process 			=  631457.75 KB/sec
2016-08-02 09:36:15,344 - Perf_io - INFO - 	Min xfer 					= 1048576.00 KB
2016-08-02 09:36:15,344 - Perf_io - INFO - 
2016-08-02 09:36:15,344 - Perf_io - INFO - 	Children see throughput for  1 readers 		= 9961198.00 KB/sec
2016-08-02 09:36:15,344 - Perf_io - INFO - 	Parent sees throughput for  1 readers 		= 4378536.60 KB/sec
2016-08-02 09:36:15,345 - Perf_io - INFO - 	Min throughput per process 			= 9961198.00 KB/sec
2016-08-02 09:36:15,345 - Perf_io - INFO - 	Max throughput per process 			= 9961198.00 KB/sec
2016-08-02 09:36:15,345 - Perf_io - INFO - 	Avg throughput per process 			= 9961198.00 KB/sec
2016-08-02 09:36:15,345 - Perf_io - INFO - 	Min xfer 					= 1048576.00 KB
2016-08-02 09:36:15,345 - Perf_io - INFO - 
2016-08-02 09:36:15,345 - Perf_io - INFO - 	Children see throughput for 1 re-readers 	= 10004523.00 KB/sec
2016-08-02 09:36:15,345 - Perf_io - INFO - 	Parent sees throughput for 1 re-readers 	= 8905545.64 KB/sec
2016-08-02 09:36:15,345 - Perf_io - INFO - 	Min throughput per process 			= 10004523.00 KB/sec
2016-08-02 09:36:15,345 - Perf_io - INFO - 	Max throughput per process 			= 10004523.00 KB/sec
2016-08-02 09:36:15,345 - Perf_io - INFO - 	Avg throughput per process 			= 10004523.00 KB/sec
2016-08-02 09:36:15,345 - Perf_io - INFO - 	Min xfer 					= 1048576.00 KB
2016-08-02 09:36:15,345 - Perf_io - INFO - 
2016-08-02 09:36:15,345 - Perf_io - INFO - 	Children see throughput for 1 random readers 	= 9934692.00 KB/sec
2016-08-02 09:36:15,346 - Perf_io - INFO - 	Parent sees throughput for 1 random readers 	= 8688034.62 KB/sec
2016-08-02 09:36:15,346 - Perf_io - INFO - 	Min throughput per process 			= 9934692.00 KB/sec
2016-08-02 09:36:15,346 - Perf_io - INFO - 	Max throughput per process 			= 9934692.00 KB/sec
2016-08-02 09:36:15,346 - Perf_io - INFO - 	Avg throughput per process 			= 9934692.00 KB/sec
2016-08-02 09:36:15,346 - Perf_io - INFO - 	Min xfer 					= 1048576.00 KB
2016-08-02 09:36:15,346 - Perf_io - INFO - 
2016-08-02 09:36:15,346 - Perf_io - INFO - 	Children see throughput for 1 random writers 	=  555348.38 KB/sec
2016-08-02 09:36:15,346 - Perf_io - INFO - 	Parent sees throughput for 1 random writers 	=   95936.85 KB/sec
2016-08-02 09:36:15,346 - Perf_io - INFO - 	Min throughput per process 			=  555348.38 KB/sec
2016-08-02 09:36:15,346 - Perf_io - INFO - 	Max throughput per process 			=  555348.38 KB/sec
2016-08-02 09:36:15,346 - Perf_io - INFO - 	Avg throughput per process 			=  555348.38 KB/sec
2016-08-02 09:36:15,346 - Perf_io - INFO - 	Min xfer 					= 1048576.00 KB
2016-08-02 09:36:15,346 - Perf_io - INFO - 
2016-08-02 09:36:15,346 - Perf_io - INFO - 
2016-08-02 09:36:15,347 - Perf_io - INFO - 
2016-08-02 09:36:15,347 - Perf_io - INFO - iozone test complete.
2016-08-02 09:37:04,569 - Perf_io - INFO - 	Iozone: Performance Test of File I/O
2016-08-02 09:37:04,569 - Perf_io - INFO - 	        Version $Revision: 3.414 $
2016-08-02 09:37:04,569 - Perf_io - INFO - 		Compiled for 64 bit mode.
2016-08-02 09:37:04,569 - Perf_io - INFO - 		Build: linux
2016-08-02 09:37:04,569 - Perf_io - INFO - 
2016-08-02 09:37:04,569 - Perf_io - INFO - 	Contributors:William Norcott, Don Capps, Isom Crawford, Kirby Collins
2016-08-02 09:37:04,569 - Perf_io - INFO - 	             Al Slater, Scott Rhine, Mike Wisner, Ken Goss
2016-08-02 09:37:04,569 - Perf_io - INFO - 	             Steve Landherr, Brad Smith, Mark Kelly, Dr. Alain CYR,
2016-08-02 09:37:04,569 - Perf_io - INFO - 	             Randy Dunlap, Mark Montague, Dan Million, Gavin Brebner,
2016-08-02 09:37:04,569 - Perf_io - INFO - 	             Jean-Marc Zucconi, Jeff Blomberg, Benny Halevy, Dave Boone,
2016-08-02 09:37:04,569 - Perf_io - INFO - 	             Erik Habbinga, Kris Strecker, Walter Wong, Joshua Root,
2016-08-02 09:37:04,569 - Perf_io - INFO - 	             Fabrice Bacchella, Zhenghua Xue, Qin Li, Darren Sawyer,
2016-08-02 09:37:04,570 - Perf_io - INFO - 	             Vangel Bojaxhi, Ben England.
2016-08-02 09:37:04,570 - Perf_io - INFO - 
2016-08-02 09:37:04,570 - Perf_io - INFO - 	Run began: Tue Aug  2 09:36:15 2016
2016-08-02 09:37:04,570 - Perf_io - INFO - 
2016-08-02 09:37:04,570 - Perf_io - INFO - 	File size set to 1048576 KB
2016-08-02 09:37:04,570 - Perf_io - INFO - 	Record Size 1024 KB
2016-08-02 09:37:04,570 - Perf_io - INFO - 	Command line used: /home/Lpbs-i/tmp/Perf_io/src/current/iozone -s 1G -i 0 -i 1 -i 2 -t 1 -r 1M
2016-08-02 09:37:04,570 - Perf_io - INFO - 	Output is in Kbytes/sec
2016-08-02 09:37:04,570 - Perf_io - INFO - 	Time Resolution = 0.000001 seconds.
2016-08-02 09:37:04,570 - Perf_io - INFO - 	Processor cache size set to 1024 Kbytes.
2016-08-02 09:37:04,570 - Perf_io - INFO - 	Processor cache line size set to 32 bytes.
2016-08-02 09:37:04,570 - Perf_io - INFO - 	File stride size set to 17 * record size.
2016-08-02 09:37:04,570 - Perf_io - INFO - 	Throughput test with 1 process
2016-08-02 09:37:04,571 - Perf_io - INFO - 	Each process writes a 1048576 Kbyte file in 1024 Kbyte records
2016-08-02 09:37:04,571 - Perf_io - INFO - 
2016-08-02 09:37:04,571 - Perf_io - INFO - 	Children see throughput for  1 initial writers 	=  482520.97 KB/sec
2016-08-02 09:37:04,571 - Perf_io - INFO - 	Parent sees throughput for  1 initial writers 	=  117353.92 KB/sec
2016-08-02 09:37:04,571 - Perf_io - INFO - 	Min throughput per process 			=  482520.97 KB/sec
2016-08-02 09:37:04,571 - Perf_io - INFO - 	Max throughput per process 			=  482520.97 KB/sec
2016-08-02 09:37:04,571 - Perf_io - INFO - 	Avg throughput per process 			=  482520.97 KB/sec
2016-08-02 09:37:04,571 - Perf_io - INFO - 	Min xfer 					= 1048576.00 KB
2016-08-02 09:37:04,571 - Perf_io - INFO - 
2016-08-02 09:37:04,571 - Perf_io - INFO - 	Children see throughput for  1 rewriters 	=  615162.56 KB/sec
2016-08-02 09:37:04,571 - Perf_io - INFO - 	Parent sees throughput for  1 rewriters 	=  123515.16 KB/sec
2016-08-02 09:37:04,571 - Perf_io - INFO - 	Min throughput per process 			=  615162.56 KB/sec
2016-08-02 09:37:04,571 - Perf_io - INFO - 	Max throughput per process 			=  615162.56 KB/sec
2016-08-02 09:37:04,572 - Perf_io - INFO - 	Avg throughput per process 			=  615162.56 KB/sec
2016-08-02 09:37:04,572 - Perf_io - INFO - 	Min xfer 					= 1048576.00 KB
2016-08-02 09:37:04,572 - Perf_io - INFO - 
2016-08-02 09:37:04,572 - Perf_io - INFO - 	Children see throughput for  1 readers 		= 9988822.00 KB/sec
2016-08-02 09:37:04,572 - Perf_io - INFO - 	Parent sees throughput for  1 readers 		= 6371221.38 KB/sec
2016-08-02 09:37:04,572 - Perf_io - INFO - 	Min throughput per process 			= 9988822.00 KB/sec
2016-08-02 09:37:04,572 - Perf_io - INFO - 	Max throughput per process 			= 9988822.00 KB/sec
2016-08-02 09:37:04,572 - Perf_io - INFO - 	Avg throughput per process 			= 9988822.00 KB/sec
2016-08-02 09:37:04,572 - Perf_io - INFO - 	Min xfer 					= 1048576.00 KB
2016-08-02 09:37:04,572 - Perf_io - INFO - 
2016-08-02 09:37:04,572 - Perf_io - INFO - 	Children see throughput for 1 re-readers 	= 9979597.00 KB/sec
2016-08-02 09:37:04,572 - Perf_io - INFO - 	Parent sees throughput for 1 re-readers 	= 8230203.86 KB/sec
2016-08-02 09:37:04,572 - Perf_io - INFO - 	Min throughput per process 			= 9979597.00 KB/sec
2016-08-02 09:37:04,572 - Perf_io - INFO - 	Max throughput per process 			= 9979597.00 KB/sec
2016-08-02 09:37:04,573 - Perf_io - INFO - 	Avg throughput per process 			= 9979597.00 KB/sec
2016-08-02 09:37:04,573 - Perf_io - INFO - 	Min xfer 					= 1048576.00 KB
2016-08-02 09:37:04,573 - Perf_io - INFO - 
2016-08-02 09:37:04,573 - Perf_io - INFO - 	Children see throughput for 1 random readers 	= 9934019.00 KB/sec
2016-08-02 09:37:04,573 - Perf_io - INFO - 	Parent sees throughput for 1 random readers 	= 9884010.09 KB/sec
2016-08-02 09:37:04,573 - Perf_io - INFO - 	Min throughput per process 			= 9934019.00 KB/sec
2016-08-02 09:37:04,573 - Perf_io - INFO - 	Max throughput per process 			= 9934019.00 KB/sec
2016-08-02 09:37:04,573 - Perf_io - INFO - 	Avg throughput per process 			= 9934019.00 KB/sec
2016-08-02 09:37:04,573 - Perf_io - INFO - 	Min xfer 					= 1048576.00 KB
2016-08-02 09:37:04,573 - Perf_io - INFO - 
2016-08-02 09:37:04,573 - Perf_io - INFO - 	Children see throughput for 1 random writers 	=  546473.75 KB/sec
2016-08-02 09:37:04,573 - Perf_io - INFO - 	Parent sees throughput for 1 random writers 	=   95056.68 KB/sec
2016-08-02 09:37:04,573 - Perf_io - INFO - 	Min throughput per process 			=  546473.75 KB/sec
2016-08-02 09:37:04,574 - Perf_io - INFO - 	Max throughput per process 			=  546473.75 KB/sec
2016-08-02 09:37:04,574 - Perf_io - INFO - 	Avg throughput per process 			=  546473.75 KB/sec
2016-08-02 09:37:04,574 - Perf_io - INFO - 	Min xfer 					= 1048576.00 KB
2016-08-02 09:37:04,574 - Perf_io - INFO - 
2016-08-02 09:37:04,574 - Perf_io - INFO - 
2016-08-02 09:37:04,574 - Perf_io - INFO - 
2016-08-02 09:37:04,574 - Perf_io - INFO - iozone test complete.
