2016-07-15 16:58:26,419 - Perf_mem - INFO - /home/isoft_lp/Github/Lpbs-i/Setup.xml
2016-07-15 16:58:26,434 - Perf_mem - INFO - /home/isoft_lp/Github/Lpbs-i/Setup.xml
2016-07-15 16:58:26,439 - Perf_mem - INFO - test is /home/isoft_lp/Github/Lpbs-i/tmp
2016-07-15 16:58:33,991 - Perf_mem - INFO - checking build system type... x86_64-unknown-linux-gnu
2016-07-15 16:58:33,992 - Perf_mem - INFO - checking host system type... x86_64-unknown-linux-gnu
2016-07-15 16:58:33,992 - Perf_mem - INFO - checking target system type... x86_64-unknown-linux-gnu
2016-07-15 16:58:33,992 - Perf_mem - INFO - checking for a BSD-compatible install... /bin/install -c
2016-07-15 16:58:33,992 - Perf_mem - INFO - checking whether build environment is sane... yes
2016-07-15 16:58:33,992 - Perf_mem - INFO - checking for a thread-safe mkdir -p... /bin/mkdir -p
2016-07-15 16:58:33,992 - Perf_mem - INFO - checking for gawk... gawk
2016-07-15 16:58:33,992 - Perf_mem - INFO - checking whether make sets $(MAKE)... yes
2016-07-15 16:58:33,992 - Perf_mem - INFO - checking whether to compile with MySQL support... (cached) no
2016-07-15 16:58:33,992 - Perf_mem - INFO - checking whether to compile with Oracle support... (cached) no
2016-07-15 16:58:33,992 - Perf_mem - INFO - checking whether to compile with PostgreSQL support... (cached) no
2016-07-15 16:58:33,992 - Perf_mem - INFO - checking for style of include used by make... GNU
2016-07-15 16:58:33,992 - Perf_mem - INFO - checking for gcc... gcc
2016-07-15 16:58:33,992 - Perf_mem - INFO - checking for C compiler default output file name... a.out
2016-07-15 16:58:33,992 - Perf_mem - INFO - checking whether the C compiler works... yes
2016-07-15 16:58:33,992 - Perf_mem - INFO - checking whether we are cross compiling... no
2016-07-15 16:58:33,992 - Perf_mem - INFO - checking for suffix of executables...
2016-07-15 16:58:33,992 - Perf_mem - INFO - checking for suffix of object files... o
2016-07-15 16:58:33,992 - Perf_mem - INFO - checking whether we are using the GNU C compiler... yes
2016-07-15 16:58:33,992 - Perf_mem - INFO - checking whether gcc accepts -g... yes
2016-07-15 16:58:33,992 - Perf_mem - INFO - checking for gcc option to accept ISO C89... none needed
2016-07-15 16:58:33,992 - Perf_mem - INFO - checking dependency style of gcc... gcc3
2016-07-15 16:58:33,992 - Perf_mem - INFO - checking whether SHM_HUGETLB is declared... yes
2016-07-15 16:58:33,993 - Perf_mem - INFO - checking whether O_SYNC is declared... yes
2016-07-15 16:58:33,993 - Perf_mem - INFO - checking for gcc... (cached) gcc
2016-07-15 16:58:33,993 - Perf_mem - INFO - checking whether we are using the GNU C compiler... (cached) yes
2016-07-15 16:58:33,993 - Perf_mem - INFO - checking whether gcc accepts -g... (cached) yes
2016-07-15 16:58:33,993 - Perf_mem - INFO - checking for gcc option to accept ISO C89... (cached) none needed
2016-07-15 16:58:33,993 - Perf_mem - INFO - checking dependency style of gcc... (cached) gcc3
2016-07-15 16:58:33,993 - Perf_mem - INFO - checking for a sed that does not truncate output... /bin/sed
2016-07-15 16:58:33,993 - Perf_mem - INFO - checking for grep that handles long lines and -e... /bin/grep
2016-07-15 16:58:33,993 - Perf_mem - INFO - checking for egrep... /bin/grep -E
2016-07-15 16:58:33,993 - Perf_mem - INFO - checking for fgrep... /bin/grep -F
2016-07-15 16:58:33,993 - Perf_mem - INFO - checking for ld used by gcc... /usr/x86_64-isoft-linux/bin/ld
2016-07-15 16:58:33,993 - Perf_mem - INFO - checking if the linker (/usr/x86_64-isoft-linux/bin/ld) is GNU ld... yes
2016-07-15 16:58:33,993 - Perf_mem - INFO - checking for BSD- or MS-compatible name lister (nm)... /bin/nm -B
2016-07-15 16:58:33,993 - Perf_mem - INFO - checking the name lister (/bin/nm -B) interface... BSD nm
2016-07-15 16:58:33,993 - Perf_mem - INFO - checking whether ln -s works... yes
2016-07-15 16:58:33,993 - Perf_mem - INFO - checking the maximum length of command line arguments... 1572864
2016-07-15 16:58:33,993 - Perf_mem - INFO - checking whether the shell understands some XSI constructs... yes
2016-07-15 16:58:33,993 - Perf_mem - INFO - checking whether the shell understands "+="... yes
2016-07-15 16:58:33,993 - Perf_mem - INFO - checking for /usr/x86_64-isoft-linux/bin/ld option to reload object files... -r
2016-07-15 16:58:33,993 - Perf_mem - INFO - checking how to recognize dependent libraries... pass_all
2016-07-15 16:58:33,993 - Perf_mem - INFO - checking for ar... ar
2016-07-15 16:58:33,993 - Perf_mem - INFO - checking for strip... strip
2016-07-15 16:58:33,993 - Perf_mem - INFO - checking for ranlib... ranlib
2016-07-15 16:58:33,993 - Perf_mem - INFO - checking command to parse /bin/nm -B output from gcc object... ok
2016-07-15 16:58:33,994 - Perf_mem - INFO - checking how to run the C preprocessor... gcc -E
2016-07-15 16:58:33,994 - Perf_mem - INFO - checking for ANSI C header files... yes
2016-07-15 16:58:33,994 - Perf_mem - INFO - checking for sys/types.h... yes
2016-07-15 16:58:33,994 - Perf_mem - INFO - checking for sys/stat.h... yes
2016-07-15 16:58:33,994 - Perf_mem - INFO - checking for stdlib.h... yes
2016-07-15 16:58:33,994 - Perf_mem - INFO - checking for string.h... yes
2016-07-15 16:58:33,994 - Perf_mem - INFO - checking for memory.h... yes
2016-07-15 16:58:33,994 - Perf_mem - INFO - checking for strings.h... yes
2016-07-15 16:58:33,994 - Perf_mem - INFO - checking for inttypes.h... yes
2016-07-15 16:58:33,994 - Perf_mem - INFO - checking for stdint.h... yes
2016-07-15 16:58:33,994 - Perf_mem - INFO - checking for unistd.h... yes
2016-07-15 16:58:33,994 - Perf_mem - INFO - checking for dlfcn.h... yes
2016-07-15 16:58:33,994 - Perf_mem - INFO - checking for objdir... .libs
2016-07-15 16:58:33,994 - Perf_mem - INFO - checking if gcc supports -fno-rtti -fno-exceptions... no
2016-07-15 16:58:33,994 - Perf_mem - INFO - checking for gcc option to produce PIC... -fPIC -DPIC
2016-07-15 16:58:33,994 - Perf_mem - INFO - checking if gcc PIC flag -fPIC -DPIC works... yes
2016-07-15 16:58:33,994 - Perf_mem - INFO - checking if gcc static flag -static works... yes
2016-07-15 16:58:33,994 - Perf_mem - INFO - checking if gcc supports -c -o file.o... yes
2016-07-15 16:58:33,994 - Perf_mem - INFO - checking if gcc supports -c -o file.o... (cached) yes
2016-07-15 16:58:33,994 - Perf_mem - INFO - checking whether the gcc linker (/usr/x86_64-isoft-linux/bin/ld -m elf_x86_64) supports shared libraries... yes
2016-07-15 16:58:33,994 - Perf_mem - INFO - checking whether -lc should be explicitly linked in... no
2016-07-15 16:58:33,994 - Perf_mem - INFO - checking dynamic linker characteristics... GNU/Linux ld.so
2016-07-15 16:58:33,994 - Perf_mem - INFO - checking how to hardcode library paths into programs... immediate
2016-07-15 16:58:33,994 - Perf_mem - INFO - checking whether stripping libraries is possible... yes
2016-07-15 16:58:33,994 - Perf_mem - INFO - checking if libtool supports shared libraries... yes
2016-07-15 16:58:33,995 - Perf_mem - INFO - checking whether to build shared libraries... yes
2016-07-15 16:58:33,995 - Perf_mem - INFO - checking whether to build static libraries... yes
2016-07-15 16:58:33,995 - Perf_mem - INFO - checking for xsltproc... xsltproc
2016-07-15 16:58:33,995 - Perf_mem - INFO - checking whether xsltproc works... yes
2016-07-15 16:58:33,995 - Perf_mem - INFO - checking for the pthreads library -lpthreads... no
2016-07-15 16:58:33,995 - Perf_mem - INFO - checking whether pthreads work without any flags... no
2016-07-15 16:58:33,995 - Perf_mem - INFO - checking whether pthreads work with -Kthread... no
2016-07-15 16:58:33,995 - Perf_mem - INFO - checking whether pthreads work with -kthread... no
2016-07-15 16:58:33,995 - Perf_mem - INFO - checking for the pthreads library -llthread... no
2016-07-15 16:58:33,995 - Perf_mem - INFO - checking whether pthreads work with -pthread... yes
2016-07-15 16:58:33,995 - Perf_mem - INFO - checking for joinable pthread attribute... PTHREAD_CREATE_JOINABLE
2016-07-15 16:58:33,995 - Perf_mem - INFO - checking if more special flags are required for pthreads... no
2016-07-15 16:58:33,995 - Perf_mem - INFO - checking for cc_r... gcc
2016-07-15 16:58:33,995 - Perf_mem - INFO - checking for sqrt in -lm... yes
2016-07-15 16:58:33,995 - Perf_mem - INFO - checking libaio.h usability... yes
2016-07-15 16:58:33,995 - Perf_mem - INFO - checking libaio.h presence... yes
2016-07-15 16:58:33,995 - Perf_mem - INFO - checking for libaio.h... yes
2016-07-15 16:58:33,995 - Perf_mem - INFO - checking for io_queue_init in -laio... yes
2016-07-15 16:58:33,995 - Perf_mem - INFO - checking if io_getevents() has an old interface... no
2016-07-15 16:58:33,995 - Perf_mem - INFO - checking for malloc in -lumem... no
2016-07-15 16:58:33,995 - Perf_mem - INFO - checking for malloc in -lmtmalloc... no
2016-07-15 16:58:33,995 - Perf_mem - INFO - checking for ANSI C header files... (cached) yes
2016-07-15 16:58:33,995 - Perf_mem - INFO - checking errno.h usability... yes
2016-07-15 16:58:33,995 - Perf_mem - INFO - checking errno.h presence... yes
2016-07-15 16:58:33,996 - Perf_mem - INFO - checking for errno.h... yes
2016-07-15 16:58:33,996 - Perf_mem - INFO - checking fcntl.h usability... yes
2016-07-15 16:58:33,996 - Perf_mem - INFO - checking fcntl.h presence... yes
2016-07-15 16:58:33,996 - Perf_mem - INFO - checking for fcntl.h... yes
2016-07-15 16:58:33,996 - Perf_mem - INFO - checking math.h usability... yes
2016-07-15 16:58:33,996 - Perf_mem - INFO - checking math.h presence... yes
2016-07-15 16:58:33,996 - Perf_mem - INFO - checking for math.h... yes
2016-07-15 16:58:33,996 - Perf_mem - INFO - checking pthread.h usability... yes
2016-07-15 16:58:33,996 - Perf_mem - INFO - checking pthread.h presence... yes
2016-07-15 16:58:33,996 - Perf_mem - INFO - checking for pthread.h... yes
2016-07-15 16:58:33,996 - Perf_mem - INFO - checking sched.h usability... yes
2016-07-15 16:58:33,996 - Perf_mem - INFO - checking sched.h presence... yes
2016-07-15 16:58:33,996 - Perf_mem - INFO - checking for sched.h... yes
2016-07-15 16:58:33,996 - Perf_mem - INFO - checking signal.h usability... yes
2016-07-15 16:58:33,996 - Perf_mem - INFO - checking signal.h presence... yes
2016-07-15 16:58:33,996 - Perf_mem - INFO - checking for signal.h... yes
2016-07-15 16:58:33,996 - Perf_mem - INFO - checking for stdlib.h... (cached) yes
2016-07-15 16:58:33,996 - Perf_mem - INFO - checking for string.h... (cached) yes
2016-07-15 16:58:33,996 - Perf_mem - INFO - checking sys/aio.h usability... no
2016-07-15 16:58:33,996 - Perf_mem - INFO - checking sys/aio.h presence... no
2016-07-15 16:58:33,996 - Perf_mem - INFO - checking for sys/aio.h... no
2016-07-15 16:58:33,996 - Perf_mem - INFO - checking sys/ipc.h usability... yes
2016-07-15 16:58:33,996 - Perf_mem - INFO - checking sys/ipc.h presence... yes
2016-07-15 16:58:33,996 - Perf_mem - INFO - checking for sys/ipc.h... yes
2016-07-15 16:58:33,996 - Perf_mem - INFO - checking sys/time.h usability... yes
2016-07-15 16:58:33,997 - Perf_mem - INFO - checking sys/time.h presence... yes
2016-07-15 16:58:33,997 - Perf_mem - INFO - checking for sys/time.h... yes
2016-07-15 16:58:33,997 - Perf_mem - INFO - checking sys/mman.h usability... yes
2016-07-15 16:58:33,997 - Perf_mem - INFO - checking sys/mman.h presence... yes
2016-07-15 16:58:33,997 - Perf_mem - INFO - checking for sys/mman.h... yes
2016-07-15 16:58:33,997 - Perf_mem - INFO - checking sys/shm.h usability... yes
2016-07-15 16:58:33,997 - Perf_mem - INFO - checking sys/shm.h presence... yes
2016-07-15 16:58:33,997 - Perf_mem - INFO - checking for sys/shm.h... yes
2016-07-15 16:58:33,997 - Perf_mem - INFO - checking thread.h usability... no
2016-07-15 16:58:33,997 - Perf_mem - INFO - checking thread.h presence... no
2016-07-15 16:58:33,997 - Perf_mem - INFO - checking for thread.h... no
2016-07-15 16:58:33,997 - Perf_mem - INFO - checking for unistd.h... (cached) yes
2016-07-15 16:58:33,997 - Perf_mem - INFO - checking for inline... inline
2016-07-15 16:58:33,997 - Perf_mem - INFO - checking for off_t... yes
2016-07-15 16:58:33,997 - Perf_mem - INFO - checking for size_t... yes
2016-07-15 16:58:33,997 - Perf_mem - INFO - checking whether time.h and sys/time.h may both be included... yes
2016-07-15 16:58:33,997 - Perf_mem - INFO - checking for special C compiler options needed for large files... no
2016-07-15 16:58:33,997 - Perf_mem - INFO - checking for _FILE_OFFSET_BITS value needed for large files... no
2016-07-15 16:58:33,997 - Perf_mem - INFO - checking for size_t... (cached) yes
2016-07-15 16:58:33,997 - Perf_mem - INFO - checking size of size_t... 8
2016-07-15 16:58:33,997 - Perf_mem - INFO - checking for stdlib.h... (cached) yes
2016-07-15 16:58:33,997 - Perf_mem - INFO - checking for GNU libc compatible malloc... yes
2016-07-15 16:58:33,997 - Perf_mem - INFO - checking for stdlib.h... (cached) yes
2016-07-15 16:58:33,997 - Perf_mem - INFO - checking for unistd.h... (cached) yes
2016-07-15 16:58:33,997 - Perf_mem - INFO - checking for getpagesize... yes
2016-07-15 16:58:33,998 - Perf_mem - INFO - checking for working mmap... yes
2016-07-15 16:58:33,998 - Perf_mem - INFO - checking whether strerror_r is declared... yes
2016-07-15 16:58:33,998 - Perf_mem - INFO - checking for strerror_r... yes
2016-07-15 16:58:33,998 - Perf_mem - INFO - checking whether strerror_r returns char *... no
2016-07-15 16:58:33,998 - Perf_mem - INFO - checking whether clock_gettime is declared... yes
2016-07-15 16:58:33,998 - Perf_mem - INFO - checking for library containing clock_gettime... none required
2016-07-15 16:58:33,998 - Perf_mem - INFO - checking for alarm... yes
2016-07-15 16:58:33,998 - Perf_mem - INFO - checking for fdatasync... yes
2016-07-15 16:58:33,998 - Perf_mem - INFO - checking for gettimeofday... yes
2016-07-15 16:58:33,998 - Perf_mem - INFO - checking for lrand48... yes
2016-07-15 16:58:33,998 - Perf_mem - INFO - checking for memalign... yes
2016-07-15 16:58:33,998 - Perf_mem - INFO - checking for memset... yes
2016-07-15 16:58:33,998 - Perf_mem - INFO - checking for posix_memalign... yes
2016-07-15 16:58:33,998 - Perf_mem - INFO - checking for pthread_yield... no
2016-07-15 16:58:33,998 - Perf_mem - INFO - checking for setvbuf... yes
2016-07-15 16:58:33,998 - Perf_mem - INFO - checking for sqrt... yes
2016-07-15 16:58:33,998 - Perf_mem - INFO - checking for strdup... yes
2016-07-15 16:58:33,998 - Perf_mem - INFO - checking for thr_setconcurrency... no
2016-07-15 16:58:33,998 - Perf_mem - INFO - checking for valloc... yes
2016-07-15 16:58:33,999 - Perf_mem - INFO - configure: creating ./config.status
2016-07-15 16:58:33,999 - Perf_mem - INFO - config.status: creating Makefile
2016-07-15 16:58:33,999 - Perf_mem - INFO - config.status: creating doc/xsl/Makefile
2016-07-15 16:58:33,999 - Perf_mem - INFO - config.status: creating doc/xsl/catalog.xml
2016-07-15 16:58:33,999 - Perf_mem - INFO - config.status: creating doc/Makefile
2016-07-15 16:58:33,999 - Perf_mem - INFO - config.status: creating sysbench/Makefile
2016-07-15 16:58:33,999 - Perf_mem - INFO - config.status: creating sysbench/drivers/Makefile
2016-07-15 16:58:33,999 - Perf_mem - INFO - config.status: creating sysbench/drivers/mysql/Makefile
2016-07-15 16:58:33,999 - Perf_mem - INFO - config.status: creating sysbench/drivers/oracle/Makefile
2016-07-15 16:58:33,999 - Perf_mem - INFO - config.status: creating sysbench/drivers/pgsql/Makefile
2016-07-15 16:58:33,999 - Perf_mem - INFO - config.status: creating sysbench/tests/Makefile
2016-07-15 16:58:33,999 - Perf_mem - INFO - config.status: creating sysbench/tests/cpu/Makefile
2016-07-15 16:58:33,999 - Perf_mem - INFO - config.status: creating sysbench/tests/fileio/Makefile
2016-07-15 16:58:33,999 - Perf_mem - INFO - config.status: creating sysbench/tests/memory/Makefile
2016-07-15 16:58:33,999 - Perf_mem - INFO - config.status: creating sysbench/tests/threads/Makefile
2016-07-15 16:58:33,999 - Perf_mem - INFO - config.status: creating sysbench/tests/mutex/Makefile
2016-07-15 16:58:33,999 - Perf_mem - INFO - config.status: creating sysbench/tests/oltp/Makefile
2016-07-15 16:58:33,999 - Perf_mem - INFO - config.status: creating config/config.h
2016-07-15 16:58:33,999 - Perf_mem - INFO - config.status: executing depfiles commands
2016-07-15 16:58:33,999 - Perf_mem - INFO - config.status: executing libtool commands
2016-07-15 16:58:34,166 - Perf_mem - INFO - Making clean in sysbench
2016-07-15 16:58:34,166 - Perf_mem - INFO - make[1]: Entering directory '/home/isoft_lp/Github/Lpbs-i/tmp/Perf_mem/sysbench'
2016-07-15 16:58:34,166 - Perf_mem - INFO - Making clean in tests
2016-07-15 16:58:34,166 - Perf_mem - INFO - make[2]: Entering directory '/home/isoft_lp/Github/Lpbs-i/tmp/Perf_mem/sysbench/tests'
2016-07-15 16:58:34,167 - Perf_mem - INFO - Making clean in oltp
2016-07-15 16:58:34,167 - Perf_mem - INFO - make[3]: Entering directory '/home/isoft_lp/Github/Lpbs-i/tmp/Perf_mem/sysbench/tests/oltp'
2016-07-15 16:58:34,167 - Perf_mem - INFO - rm -rf .libs _libs
2016-07-15 16:58:34,167 - Perf_mem - INFO - test -z "libsboltp.a" || rm -f libsboltp.a
2016-07-15 16:58:34,167 - Perf_mem - INFO - rm -f *.o
2016-07-15 16:58:34,167 - Perf_mem - INFO - rm -f *.lo
2016-07-15 16:58:34,167 - Perf_mem - INFO - make[3]: Leaving directory '/home/isoft_lp/Github/Lpbs-i/tmp/Perf_mem/sysbench/tests/oltp'
2016-07-15 16:58:34,167 - Perf_mem - INFO - Making clean in mutex
2016-07-15 16:58:34,167 - Perf_mem - INFO - make[3]: Entering directory '/home/isoft_lp/Github/Lpbs-i/tmp/Perf_mem/sysbench/tests/mutex'
2016-07-15 16:58:34,167 - Perf_mem - INFO - rm -rf .libs _libs
2016-07-15 16:58:34,167 - Perf_mem - INFO - test -z "libsbmutex.a" || rm -f libsbmutex.a
2016-07-15 16:58:34,167 - Perf_mem - INFO - rm -f *.o
2016-07-15 16:58:34,167 - Perf_mem - INFO - rm -f *.lo
2016-07-15 16:58:34,167 - Perf_mem - INFO - make[3]: Leaving directory '/home/isoft_lp/Github/Lpbs-i/tmp/Perf_mem/sysbench/tests/mutex'
2016-07-15 16:58:34,167 - Perf_mem - INFO - Making clean in threads
2016-07-15 16:58:34,167 - Perf_mem - INFO - make[3]: Entering directory '/home/isoft_lp/Github/Lpbs-i/tmp/Perf_mem/sysbench/tests/threads'
2016-07-15 16:58:34,167 - Perf_mem - INFO - rm -rf .libs _libs
2016-07-15 16:58:34,167 - Perf_mem - INFO - test -z "libsbthreads.a" || rm -f libsbthreads.a
2016-07-15 16:58:34,167 - Perf_mem - INFO - rm -f *.o
2016-07-15 16:58:34,167 - Perf_mem - INFO - rm -f *.lo
2016-07-15 16:58:34,167 - Perf_mem - INFO - make[3]: Leaving directory '/home/isoft_lp/Github/Lpbs-i/tmp/Perf_mem/sysbench/tests/threads'
2016-07-15 16:58:34,167 - Perf_mem - INFO - Making clean in memory
2016-07-15 16:58:34,167 - Perf_mem - INFO - make[3]: Entering directory '/home/isoft_lp/Github/Lpbs-i/tmp/Perf_mem/sysbench/tests/memory'
2016-07-15 16:58:34,168 - Perf_mem - INFO - rm -rf .libs _libs
2016-07-15 16:58:34,168 - Perf_mem - INFO - test -z "libsbmemory.a" || rm -f libsbmemory.a
2016-07-15 16:58:34,168 - Perf_mem - INFO - rm -f *.o
2016-07-15 16:58:34,168 - Perf_mem - INFO - rm -f *.lo
2016-07-15 16:58:34,168 - Perf_mem - INFO - make[3]: Leaving directory '/home/isoft_lp/Github/Lpbs-i/tmp/Perf_mem/sysbench/tests/memory'
2016-07-15 16:58:34,168 - Perf_mem - INFO - Making clean in fileio
2016-07-15 16:58:34,168 - Perf_mem - INFO - make[3]: Entering directory '/home/isoft_lp/Github/Lpbs-i/tmp/Perf_mem/sysbench/tests/fileio'
2016-07-15 16:58:34,168 - Perf_mem - INFO - rm -rf .libs _libs
2016-07-15 16:58:34,168 - Perf_mem - INFO - test -z "libsbfileio.a" || rm -f libsbfileio.a
2016-07-15 16:58:34,168 - Perf_mem - INFO - rm -f *.o
2016-07-15 16:58:34,168 - Perf_mem - INFO - rm -f *.lo
2016-07-15 16:58:34,168 - Perf_mem - INFO - make[3]: Leaving directory '/home/isoft_lp/Github/Lpbs-i/tmp/Perf_mem/sysbench/tests/fileio'
2016-07-15 16:58:34,168 - Perf_mem - INFO - Making clean in cpu
2016-07-15 16:58:34,168 - Perf_mem - INFO - make[3]: Entering directory '/home/isoft_lp/Github/Lpbs-i/tmp/Perf_mem/sysbench/tests/cpu'
2016-07-15 16:58:34,168 - Perf_mem - INFO - rm -rf .libs _libs
2016-07-15 16:58:34,168 - Perf_mem - INFO - test -z "libsbcpu.a" || rm -f libsbcpu.a
2016-07-15 16:58:34,168 - Perf_mem - INFO - rm -f *.o
2016-07-15 16:58:34,168 - Perf_mem - INFO - rm -f *.lo
2016-07-15 16:58:34,168 - Perf_mem - INFO - make[3]: Leaving directory '/home/isoft_lp/Github/Lpbs-i/tmp/Perf_mem/sysbench/tests/cpu'
2016-07-15 16:58:34,168 - Perf_mem - INFO - Making clean in .
2016-07-15 16:58:34,168 - Perf_mem - INFO - make[3]: Entering directory '/home/isoft_lp/Github/Lpbs-i/tmp/Perf_mem/sysbench/tests'
2016-07-15 16:58:34,168 - Perf_mem - INFO - rm -rf .libs _libs
2016-07-15 16:58:34,168 - Perf_mem - INFO - rm -f *.lo
2016-07-15 16:58:34,169 - Perf_mem - INFO - make[3]: Leaving directory '/home/isoft_lp/Github/Lpbs-i/tmp/Perf_mem/sysbench/tests'
2016-07-15 16:58:34,169 - Perf_mem - INFO - make[2]: Leaving directory '/home/isoft_lp/Github/Lpbs-i/tmp/Perf_mem/sysbench/tests'
2016-07-15 16:58:34,169 - Perf_mem - INFO - Making clean in drivers
2016-07-15 16:58:34,169 - Perf_mem - INFO - make[2]: Entering directory '/home/isoft_lp/Github/Lpbs-i/tmp/Perf_mem/sysbench/drivers'
2016-07-15 16:58:34,169 - Perf_mem - INFO - Making clean in .
2016-07-15 16:58:34,169 - Perf_mem - INFO - make[3]: Entering directory '/home/isoft_lp/Github/Lpbs-i/tmp/Perf_mem/sysbench/drivers'
2016-07-15 16:58:34,169 - Perf_mem - INFO - rm -rf .libs _libs
2016-07-15 16:58:34,169 - Perf_mem - INFO - rm -f *.lo
2016-07-15 16:58:34,169 - Perf_mem - INFO - make[3]: Leaving directory '/home/isoft_lp/Github/Lpbs-i/tmp/Perf_mem/sysbench/drivers'
2016-07-15 16:58:34,169 - Perf_mem - INFO - make[2]: Leaving directory '/home/isoft_lp/Github/Lpbs-i/tmp/Perf_mem/sysbench/drivers'
2016-07-15 16:58:34,169 - Perf_mem - INFO - Making clean in .
2016-07-15 16:58:34,169 - Perf_mem - INFO - make[2]: Entering directory '/home/isoft_lp/Github/Lpbs-i/tmp/Perf_mem/sysbench'
2016-07-15 16:58:34,169 - Perf_mem - INFO -  rm -f sysbench sysbench
2016-07-15 16:58:34,169 - Perf_mem - INFO - rm -rf .libs _libs
2016-07-15 16:58:34,169 - Perf_mem - INFO - rm -f *.o
2016-07-15 16:58:34,169 - Perf_mem - INFO - rm -f *.lo
2016-07-15 16:58:34,169 - Perf_mem - INFO - make[2]: Leaving directory '/home/isoft_lp/Github/Lpbs-i/tmp/Perf_mem/sysbench'
2016-07-15 16:58:34,169 - Perf_mem - INFO - make[1]: Leaving directory '/home/isoft_lp/Github/Lpbs-i/tmp/Perf_mem/sysbench'
2016-07-15 16:58:34,169 - Perf_mem - INFO - Making clean in doc
2016-07-15 16:58:34,169 - Perf_mem - INFO - make[1]: Entering directory '/home/isoft_lp/Github/Lpbs-i/tmp/Perf_mem/doc'
2016-07-15 16:58:34,169 - Perf_mem - INFO - Making clean in xsl
2016-07-15 16:58:34,169 - Perf_mem - INFO - make[2]: Entering directory '/home/isoft_lp/Github/Lpbs-i/tmp/Perf_mem/doc/xsl'
2016-07-15 16:58:34,169 - Perf_mem - INFO - rm -rf .libs _libs
2016-07-15 16:58:34,169 - Perf_mem - INFO - rm -f *.lo
2016-07-15 16:58:34,170 - Perf_mem - INFO - make[2]: Leaving directory '/home/isoft_lp/Github/Lpbs-i/tmp/Perf_mem/doc/xsl'
2016-07-15 16:58:34,170 - Perf_mem - INFO - Making clean in .
2016-07-15 16:58:34,170 - Perf_mem - INFO - make[2]: Entering directory '/home/isoft_lp/Github/Lpbs-i/tmp/Perf_mem/doc'
2016-07-15 16:58:34,170 - Perf_mem - INFO - rm -rf .libs _libs
2016-07-15 16:58:34,170 - Perf_mem - INFO - rm -f -f *.html
2016-07-15 16:58:34,170 - Perf_mem - INFO - rm -f *.lo
2016-07-15 16:58:34,170 - Perf_mem - INFO - make[2]: Leaving directory '/home/isoft_lp/Github/Lpbs-i/tmp/Perf_mem/doc'
2016-07-15 16:58:34,170 - Perf_mem - INFO - make[1]: Leaving directory '/home/isoft_lp/Github/Lpbs-i/tmp/Perf_mem/doc'
2016-07-15 16:58:34,170 - Perf_mem - INFO - Making clean in .
2016-07-15 16:58:34,170 - Perf_mem - INFO - make[1]: Entering directory '/home/isoft_lp/Github/Lpbs-i/tmp/Perf_mem'
2016-07-15 16:58:34,170 - Perf_mem - INFO - rm -rf .libs _libs
2016-07-15 16:58:34,170 - Perf_mem - INFO - rm -f *.lo
2016-07-15 16:58:34,170 - Perf_mem - INFO - make[1]: Leaving directory '/home/isoft_lp/Github/Lpbs-i/tmp/Perf_mem'
2016-07-15 16:58:40,290 - Perf_mem - INFO - Making all in doc
2016-07-15 16:58:40,290 - Perf_mem - INFO - make[1]: Entering directory '/home/isoft_lp/Github/Lpbs-i/tmp/Perf_mem/doc'
2016-07-15 16:58:40,290 - Perf_mem - INFO - Making all in xsl
2016-07-15 16:58:40,290 - Perf_mem - INFO - make[2]: Entering directory '/home/isoft_lp/Github/Lpbs-i/tmp/Perf_mem/doc/xsl'
2016-07-15 16:58:40,290 - Perf_mem - INFO - make[2]: Nothing to be done for 'all'.
2016-07-15 16:58:40,290 - Perf_mem - INFO - make[2]: Leaving directory '/home/isoft_lp/Github/Lpbs-i/tmp/Perf_mem/doc/xsl'
2016-07-15 16:58:40,290 - Perf_mem - INFO - make[2]: Entering directory '/home/isoft_lp/Github/Lpbs-i/tmp/Perf_mem/doc'
2016-07-15 16:58:40,290 - Perf_mem - INFO - XML_CATALOG_FILES=./xsl/catalog.xml xsltproc --nonet -o manual.html ./xsl/xhtml.xsl ../doc/manual.xml
2016-07-15 16:58:40,290 - Perf_mem - INFO - make[2]: Leaving directory '/home/isoft_lp/Github/Lpbs-i/tmp/Perf_mem/doc'
2016-07-15 16:58:40,290 - Perf_mem - INFO - make[1]: Leaving directory '/home/isoft_lp/Github/Lpbs-i/tmp/Perf_mem/doc'
2016-07-15 16:58:40,290 - Perf_mem - INFO - Making all in sysbench
2016-07-15 16:58:40,290 - Perf_mem - INFO - make[1]: Entering directory '/home/isoft_lp/Github/Lpbs-i/tmp/Perf_mem/sysbench'
2016-07-15 16:58:40,290 - Perf_mem - INFO - Making all in drivers
2016-07-15 16:58:40,290 - Perf_mem - INFO - make[2]: Entering directory '/home/isoft_lp/Github/Lpbs-i/tmp/Perf_mem/sysbench/drivers'
2016-07-15 16:58:40,290 - Perf_mem - INFO - make[3]: Entering directory '/home/isoft_lp/Github/Lpbs-i/tmp/Perf_mem/sysbench/drivers'
2016-07-15 16:58:40,290 - Perf_mem - INFO - make[3]: Nothing to be done for 'all-am'.
2016-07-15 16:58:40,290 - Perf_mem - INFO - make[3]: Leaving directory '/home/isoft_lp/Github/Lpbs-i/tmp/Perf_mem/sysbench/drivers'
2016-07-15 16:58:40,290 - Perf_mem - INFO - make[2]: Leaving directory '/home/isoft_lp/Github/Lpbs-i/tmp/Perf_mem/sysbench/drivers'
2016-07-15 16:58:40,290 - Perf_mem - INFO - Making all in tests
2016-07-15 16:58:40,290 - Perf_mem - INFO - make[2]: Entering directory '/home/isoft_lp/Github/Lpbs-i/tmp/Perf_mem/sysbench/tests'
2016-07-15 16:58:40,291 - Perf_mem - INFO - Making all in cpu
2016-07-15 16:58:40,291 - Perf_mem - INFO - make[3]: Entering directory '/home/isoft_lp/Github/Lpbs-i/tmp/Perf_mem/sysbench/tests/cpu'
2016-07-15 16:58:40,291 - Perf_mem - INFO - gcc -DHAVE_CONFIG_H -I. -I../../../config  -D_REENTRANT -D_XOPEN_SOURCE=500 -D_GNU_SOURCE -I../../../sysbench  -pthread -g -O2 -MT libsbcpu_a-sb_cpu.o -MD -MP -MF .deps/libsbcpu_a-sb_cpu.Tpo -c -o libsbcpu_a-sb_cpu.o `test -f 'sb_cpu.c' || echo './'`sb_cpu.c
2016-07-15 16:58:40,291 - Perf_mem - INFO - mv -f .deps/libsbcpu_a-sb_cpu.Tpo .deps/libsbcpu_a-sb_cpu.Po
2016-07-15 16:58:40,291 - Perf_mem - INFO - rm -f libsbcpu.a
2016-07-15 16:58:40,291 - Perf_mem - INFO - ar cru libsbcpu.a libsbcpu_a-sb_cpu.o
2016-07-15 16:58:40,291 - Perf_mem - INFO - ranlib libsbcpu.a
2016-07-15 16:58:40,291 - Perf_mem - INFO - make[3]: Leaving directory '/home/isoft_lp/Github/Lpbs-i/tmp/Perf_mem/sysbench/tests/cpu'
2016-07-15 16:58:40,291 - Perf_mem - INFO - Making all in fileio
2016-07-15 16:58:40,291 - Perf_mem - INFO - make[3]: Entering directory '/home/isoft_lp/Github/Lpbs-i/tmp/Perf_mem/sysbench/tests/fileio'
2016-07-15 16:58:40,291 - Perf_mem - INFO - gcc -DHAVE_CONFIG_H -I. -I../../../config  -D_REENTRANT -D_XOPEN_SOURCE=500 -D_GNU_SOURCE -I../../../sysbench  -pthread -g -O2 -MT libsbfileio_a-sb_fileio.o -MD -MP -MF .deps/libsbfileio_a-sb_fileio.Tpo -c -o libsbfileio_a-sb_fileio.o `test -f 'sb_fileio.c' || echo './'`sb_fileio.c
2016-07-15 16:58:40,291 - Perf_mem - INFO - mv -f .deps/libsbfileio_a-sb_fileio.Tpo .deps/libsbfileio_a-sb_fileio.Po
2016-07-15 16:58:40,291 - Perf_mem - INFO - gcc -DHAVE_CONFIG_H -I. -I../../../config  -D_REENTRANT -D_XOPEN_SOURCE=500 -D_GNU_SOURCE -I../../../sysbench  -pthread -g -O2 -MT libsbfileio_a-crc32.o -MD -MP -MF .deps/libsbfileio_a-crc32.Tpo -c -o libsbfileio_a-crc32.o `test -f 'crc32.c' || echo './'`crc32.c
2016-07-15 16:58:40,291 - Perf_mem - INFO - mv -f .deps/libsbfileio_a-crc32.Tpo .deps/libsbfileio_a-crc32.Po
2016-07-15 16:58:40,291 - Perf_mem - INFO - rm -f libsbfileio.a
2016-07-15 16:58:40,291 - Perf_mem - INFO - ar cru libsbfileio.a libsbfileio_a-sb_fileio.o libsbfileio_a-crc32.o
2016-07-15 16:58:40,291 - Perf_mem - INFO - ranlib libsbfileio.a
2016-07-15 16:58:40,291 - Perf_mem - INFO - make[3]: Leaving directory '/home/isoft_lp/Github/Lpbs-i/tmp/Perf_mem/sysbench/tests/fileio'
2016-07-15 16:58:40,291 - Perf_mem - INFO - Making all in memory
2016-07-15 16:58:40,291 - Perf_mem - INFO - make[3]: Entering directory '/home/isoft_lp/Github/Lpbs-i/tmp/Perf_mem/sysbench/tests/memory'
2016-07-15 16:58:40,291 - Perf_mem - INFO - gcc -DHAVE_CONFIG_H -I. -I../../../config  -D_REENTRANT -D_XOPEN_SOURCE=500 -D_GNU_SOURCE -I../../../sysbench  -pthread -g -O2 -MT libsbmemory_a-sb_memory.o -MD -MP -MF .deps/libsbmemory_a-sb_memory.Tpo -c -o libsbmemory_a-sb_memory.o `test -f 'sb_memory.c' || echo './'`sb_memory.c
2016-07-15 16:58:40,291 - Perf_mem - INFO - mv -f .deps/libsbmemory_a-sb_memory.Tpo .deps/libsbmemory_a-sb_memory.Po
2016-07-15 16:58:40,291 - Perf_mem - INFO - rm -f libsbmemory.a
2016-07-15 16:58:40,291 - Perf_mem - INFO - ar cru libsbmemory.a libsbmemory_a-sb_memory.o
2016-07-15 16:58:40,291 - Perf_mem - INFO - ranlib libsbmemory.a
2016-07-15 16:58:40,291 - Perf_mem - INFO - make[3]: Leaving directory '/home/isoft_lp/Github/Lpbs-i/tmp/Perf_mem/sysbench/tests/memory'
2016-07-15 16:58:40,291 - Perf_mem - INFO - Making all in threads
2016-07-15 16:58:40,292 - Perf_mem - INFO - make[3]: Entering directory '/home/isoft_lp/Github/Lpbs-i/tmp/Perf_mem/sysbench/tests/threads'
2016-07-15 16:58:40,292 - Perf_mem - INFO - gcc -DHAVE_CONFIG_H -I. -I../../../config  -D_REENTRANT -D_XOPEN_SOURCE=500 -D_GNU_SOURCE -I../../../sysbench  -pthread -g -O2 -MT libsbthreads_a-sb_threads.o -MD -MP -MF .deps/libsbthreads_a-sb_threads.Tpo -c -o libsbthreads_a-sb_threads.o `test -f 'sb_threads.c' || echo './'`sb_threads.c
2016-07-15 16:58:40,292 - Perf_mem - INFO - mv -f .deps/libsbthreads_a-sb_threads.Tpo .deps/libsbthreads_a-sb_threads.Po
2016-07-15 16:58:40,292 - Perf_mem - INFO - rm -f libsbthreads.a
2016-07-15 16:58:40,292 - Perf_mem - INFO - ar cru libsbthreads.a libsbthreads_a-sb_threads.o
2016-07-15 16:58:40,292 - Perf_mem - INFO - ranlib libsbthreads.a
2016-07-15 16:58:40,292 - Perf_mem - INFO - make[3]: Leaving directory '/home/isoft_lp/Github/Lpbs-i/tmp/Perf_mem/sysbench/tests/threads'
2016-07-15 16:58:40,292 - Perf_mem - INFO - Making all in mutex
2016-07-15 16:58:40,292 - Perf_mem - INFO - make[3]: Entering directory '/home/isoft_lp/Github/Lpbs-i/tmp/Perf_mem/sysbench/tests/mutex'
2016-07-15 16:58:40,292 - Perf_mem - INFO - gcc -DHAVE_CONFIG_H -I. -I../../../config  -D_REENTRANT -D_XOPEN_SOURCE=500 -D_GNU_SOURCE -I../../../sysbench  -pthread -g -O2 -MT libsbmutex_a-sb_mutex.o -MD -MP -MF .deps/libsbmutex_a-sb_mutex.Tpo -c -o libsbmutex_a-sb_mutex.o `test -f 'sb_mutex.c' || echo './'`sb_mutex.c
2016-07-15 16:58:40,292 - Perf_mem - INFO - mv -f .deps/libsbmutex_a-sb_mutex.Tpo .deps/libsbmutex_a-sb_mutex.Po
2016-07-15 16:58:40,292 - Perf_mem - INFO - rm -f libsbmutex.a
2016-07-15 16:58:40,292 - Perf_mem - INFO - ar cru libsbmutex.a libsbmutex_a-sb_mutex.o
2016-07-15 16:58:40,292 - Perf_mem - INFO - ranlib libsbmutex.a
2016-07-15 16:58:40,292 - Perf_mem - INFO - make[3]: Leaving directory '/home/isoft_lp/Github/Lpbs-i/tmp/Perf_mem/sysbench/tests/mutex'
2016-07-15 16:58:40,292 - Perf_mem - INFO - Making all in oltp
2016-07-15 16:58:40,292 - Perf_mem - INFO - make[3]: Entering directory '/home/isoft_lp/Github/Lpbs-i/tmp/Perf_mem/sysbench/tests/oltp'
2016-07-15 16:58:40,292 - Perf_mem - INFO - gcc -DHAVE_CONFIG_H -I. -I../../../config  -I./.. -D_REENTRANT -D_XOPEN_SOURCE=500 -D_GNU_SOURCE -I../../../sysbench  -pthread -g -O2 -MT libsboltp_a-sb_oltp.o -MD -MP -MF .deps/libsboltp_a-sb_oltp.Tpo -c -o libsboltp_a-sb_oltp.o `test -f 'sb_oltp.c' || echo './'`sb_oltp.c
2016-07-15 16:58:40,292 - Perf_mem - INFO - mv -f .deps/libsboltp_a-sb_oltp.Tpo .deps/libsboltp_a-sb_oltp.Po
2016-07-15 16:58:40,292 - Perf_mem - INFO - rm -f libsboltp.a
2016-07-15 16:58:40,292 - Perf_mem - INFO - ar cru libsboltp.a libsboltp_a-sb_oltp.o
2016-07-15 16:58:40,292 - Perf_mem - INFO - ranlib libsboltp.a
2016-07-15 16:58:40,292 - Perf_mem - INFO - make[3]: Leaving directory '/home/isoft_lp/Github/Lpbs-i/tmp/Perf_mem/sysbench/tests/oltp'
2016-07-15 16:58:40,292 - Perf_mem - INFO - make[3]: Entering directory '/home/isoft_lp/Github/Lpbs-i/tmp/Perf_mem/sysbench/tests'
2016-07-15 16:58:40,292 - Perf_mem - INFO - make[3]: Nothing to be done for 'all-am'.
2016-07-15 16:58:40,292 - Perf_mem - INFO - make[3]: Leaving directory '/home/isoft_lp/Github/Lpbs-i/tmp/Perf_mem/sysbench/tests'
2016-07-15 16:58:40,292 - Perf_mem - INFO - make[2]: Leaving directory '/home/isoft_lp/Github/Lpbs-i/tmp/Perf_mem/sysbench/tests'
2016-07-15 16:58:40,293 - Perf_mem - INFO - Making all in .
2016-07-15 16:58:40,293 - Perf_mem - INFO - make[2]: Entering directory '/home/isoft_lp/Github/Lpbs-i/tmp/Perf_mem/sysbench'
2016-07-15 16:58:40,293 - Perf_mem - INFO - gcc -DHAVE_CONFIG_H -I. -I../config  -D_REENTRANT -D_XOPEN_SOURCE=500 -D_GNU_SOURCE -I../sysbench  -pthread -g -O2 -MT sysbench.o -MD -MP -MF .deps/sysbench.Tpo -c -o sysbench.o sysbench.c
2016-07-15 16:58:40,293 - Perf_mem - INFO - mv -f .deps/sysbench.Tpo .deps/sysbench.Po
2016-07-15 16:58:40,293 - Perf_mem - INFO - gcc -DHAVE_CONFIG_H -I. -I../config  -D_REENTRANT -D_XOPEN_SOURCE=500 -D_GNU_SOURCE -I../sysbench  -pthread -g -O2 -MT sb_timer.o -MD -MP -MF .deps/sb_timer.Tpo -c -o sb_timer.o sb_timer.c
2016-07-15 16:58:40,293 - Perf_mem - INFO - mv -f .deps/sb_timer.Tpo .deps/sb_timer.Po
2016-07-15 16:58:40,293 - Perf_mem - INFO - gcc -DHAVE_CONFIG_H -I. -I../config  -D_REENTRANT -D_XOPEN_SOURCE=500 -D_GNU_SOURCE -I../sysbench  -pthread -g -O2 -MT sb_options.o -MD -MP -MF .deps/sb_options.Tpo -c -o sb_options.o sb_options.c
2016-07-15 16:58:40,293 - Perf_mem - INFO - mv -f .deps/sb_options.Tpo .deps/sb_options.Po
2016-07-15 16:58:40,293 - Perf_mem - INFO - gcc -DHAVE_CONFIG_H -I. -I../config  -D_REENTRANT -D_XOPEN_SOURCE=500 -D_GNU_SOURCE -I../sysbench  -pthread -g -O2 -MT sb_logger.o -MD -MP -MF .deps/sb_logger.Tpo -c -o sb_logger.o sb_logger.c
2016-07-15 16:58:40,293 - Perf_mem - INFO - mv -f .deps/sb_logger.Tpo .deps/sb_logger.Po
2016-07-15 16:58:40,293 - Perf_mem - INFO - gcc -DHAVE_CONFIG_H -I. -I../config  -D_REENTRANT -D_XOPEN_SOURCE=500 -D_GNU_SOURCE -I../sysbench  -pthread -g -O2 -MT db_driver.o -MD -MP -MF .deps/db_driver.Tpo -c -o db_driver.o db_driver.c
2016-07-15 16:58:40,293 - Perf_mem - INFO - mv -f .deps/db_driver.Tpo .deps/db_driver.Po
2016-07-15 16:58:40,293 - Perf_mem - INFO - /usr/bin/libtool --tag=CC   --mode=link gcc -pthread -g -O2      -o sysbench sysbench.o sb_timer.o sb_options.o sb_logger.o db_driver.o tests/fileio/libsbfileio.a tests/threads/libsbthreads.a tests/memory/libsbmemory.a tests/cpu/libsbcpu.a tests/oltp/libsboltp.a tests/mutex/libsbmutex.a    -laio -lm
2016-07-15 16:58:40,293 - Perf_mem - INFO - libtool: link: gcc -pthread -g -O2 -o sysbench sysbench.o sb_timer.o sb_options.o sb_logger.o db_driver.o  tests/fileio/libsbfileio.a tests/threads/libsbthreads.a tests/memory/libsbmemory.a tests/cpu/libsbcpu.a tests/oltp/libsboltp.a tests/mutex/libsbmutex.a -laio -lm -pthread
2016-07-15 16:58:40,293 - Perf_mem - INFO - make[2]: Leaving directory '/home/isoft_lp/Github/Lpbs-i/tmp/Perf_mem/sysbench'
2016-07-15 16:58:40,293 - Perf_mem - INFO - make[1]: Leaving directory '/home/isoft_lp/Github/Lpbs-i/tmp/Perf_mem/sysbench'
2016-07-15 16:58:40,293 - Perf_mem - INFO - make[1]: Entering directory '/home/isoft_lp/Github/Lpbs-i/tmp/Perf_mem'
2016-07-15 16:58:40,293 - Perf_mem - INFO - make[1]: Nothing to be done for 'all-am'.
2016-07-15 16:58:40,293 - Perf_mem - INFO - make[1]: Leaving directory '/home/isoft_lp/Github/Lpbs-i/tmp/Perf_mem'
2016-07-15 16:58:40,457 - Perf_mem - INFO - Making install in doc
2016-07-15 16:58:40,457 - Perf_mem - INFO - make[1]: Entering directory '/home/isoft_lp/Github/Lpbs-i/tmp/Perf_mem/doc'
2016-07-15 16:58:40,457 - Perf_mem - INFO - Making install in xsl
2016-07-15 16:58:40,458 - Perf_mem - INFO - make[2]: Entering directory '/home/isoft_lp/Github/Lpbs-i/tmp/Perf_mem/doc/xsl'
2016-07-15 16:58:40,458 - Perf_mem - INFO - make[3]: Entering directory '/home/isoft_lp/Github/Lpbs-i/tmp/Perf_mem/doc/xsl'
2016-07-15 16:58:40,458 - Perf_mem - INFO - make[3]: Nothing to be done for 'install-exec-am'.
2016-07-15 16:58:40,458 - Perf_mem - INFO - make[3]: Nothing to be done for 'install-data-am'.
2016-07-15 16:58:40,458 - Perf_mem - INFO - make[3]: Leaving directory '/home/isoft_lp/Github/Lpbs-i/tmp/Perf_mem/doc/xsl'
2016-07-15 16:58:40,458 - Perf_mem - INFO - make[2]: Leaving directory '/home/isoft_lp/Github/Lpbs-i/tmp/Perf_mem/doc/xsl'
2016-07-15 16:58:40,458 - Perf_mem - INFO - make[2]: Entering directory '/home/isoft_lp/Github/Lpbs-i/tmp/Perf_mem/doc'
2016-07-15 16:58:40,458 - Perf_mem - INFO - make[3]: Entering directory '/home/isoft_lp/Github/Lpbs-i/tmp/Perf_mem/doc'
2016-07-15 16:58:40,458 - Perf_mem - INFO - make[3]: Nothing to be done for 'install-exec-am'.
2016-07-15 16:58:40,458 - Perf_mem - INFO - test -z "/usr/local/share/doc/sysbench" || /bin/mkdir -p "/usr/local/share/doc/sysbench"
2016-07-15 16:58:40,458 - Perf_mem - INFO -  /bin/install -c -m 644 'manual.html' '/usr/local/share/doc/sysbench/manual.html'
2016-07-15 16:58:40,458 - Perf_mem - INFO - make[3]: Leaving directory '/home/isoft_lp/Github/Lpbs-i/tmp/Perf_mem/doc'
2016-07-15 16:58:40,458 - Perf_mem - INFO - make[2]: Leaving directory '/home/isoft_lp/Github/Lpbs-i/tmp/Perf_mem/doc'
2016-07-15 16:58:40,458 - Perf_mem - INFO - make[1]: Leaving directory '/home/isoft_lp/Github/Lpbs-i/tmp/Perf_mem/doc'
2016-07-15 16:58:40,458 - Perf_mem - INFO - Making install in sysbench
2016-07-15 16:58:40,458 - Perf_mem - INFO - make[1]: Entering directory '/home/isoft_lp/Github/Lpbs-i/tmp/Perf_mem/sysbench'
2016-07-15 16:58:40,458 - Perf_mem - INFO - Making install in drivers
2016-07-15 16:58:40,458 - Perf_mem - INFO - make[2]: Entering directory '/home/isoft_lp/Github/Lpbs-i/tmp/Perf_mem/sysbench/drivers'
2016-07-15 16:58:40,458 - Perf_mem - INFO - make[3]: Entering directory '/home/isoft_lp/Github/Lpbs-i/tmp/Perf_mem/sysbench/drivers'
2016-07-15 16:58:40,458 - Perf_mem - INFO - make[4]: Entering directory '/home/isoft_lp/Github/Lpbs-i/tmp/Perf_mem/sysbench/drivers'
2016-07-15 16:58:40,458 - Perf_mem - INFO - make[4]: Nothing to be done for 'install-exec-am'.
2016-07-15 16:58:40,458 - Perf_mem - INFO - make[4]: Nothing to be done for 'install-data-am'.
2016-07-15 16:58:40,458 - Perf_mem - INFO - make[4]: Leaving directory '/home/isoft_lp/Github/Lpbs-i/tmp/Perf_mem/sysbench/drivers'
2016-07-15 16:58:40,458 - Perf_mem - INFO - make[3]: Leaving directory '/home/isoft_lp/Github/Lpbs-i/tmp/Perf_mem/sysbench/drivers'
2016-07-15 16:58:40,459 - Perf_mem - INFO - make[2]: Leaving directory '/home/isoft_lp/Github/Lpbs-i/tmp/Perf_mem/sysbench/drivers'
2016-07-15 16:58:40,459 - Perf_mem - INFO - Making install in tests
2016-07-15 16:58:40,459 - Perf_mem - INFO - make[2]: Entering directory '/home/isoft_lp/Github/Lpbs-i/tmp/Perf_mem/sysbench/tests'
2016-07-15 16:58:40,459 - Perf_mem - INFO - Making install in cpu
2016-07-15 16:58:40,459 - Perf_mem - INFO - make[3]: Entering directory '/home/isoft_lp/Github/Lpbs-i/tmp/Perf_mem/sysbench/tests/cpu'
2016-07-15 16:58:40,459 - Perf_mem - INFO - make[4]: Entering directory '/home/isoft_lp/Github/Lpbs-i/tmp/Perf_mem/sysbench/tests/cpu'
2016-07-15 16:58:40,459 - Perf_mem - INFO - make[4]: Nothing to be done for 'install-exec-am'.
2016-07-15 16:58:40,459 - Perf_mem - INFO - make[4]: Nothing to be done for 'install-data-am'.
2016-07-15 16:58:40,459 - Perf_mem - INFO - make[4]: Leaving directory '/home/isoft_lp/Github/Lpbs-i/tmp/Perf_mem/sysbench/tests/cpu'
2016-07-15 16:58:40,459 - Perf_mem - INFO - make[3]: Leaving directory '/home/isoft_lp/Github/Lpbs-i/tmp/Perf_mem/sysbench/tests/cpu'
2016-07-15 16:58:40,459 - Perf_mem - INFO - Making install in fileio
2016-07-15 16:58:40,459 - Perf_mem - INFO - make[3]: Entering directory '/home/isoft_lp/Github/Lpbs-i/tmp/Perf_mem/sysbench/tests/fileio'
2016-07-15 16:58:40,459 - Perf_mem - INFO - make[4]: Entering directory '/home/isoft_lp/Github/Lpbs-i/tmp/Perf_mem/sysbench/tests/fileio'
2016-07-15 16:58:40,459 - Perf_mem - INFO - make[4]: Nothing to be done for 'install-exec-am'.
2016-07-15 16:58:40,459 - Perf_mem - INFO - make[4]: Nothing to be done for 'install-data-am'.
2016-07-15 16:58:40,459 - Perf_mem - INFO - make[4]: Leaving directory '/home/isoft_lp/Github/Lpbs-i/tmp/Perf_mem/sysbench/tests/fileio'
2016-07-15 16:58:40,459 - Perf_mem - INFO - make[3]: Leaving directory '/home/isoft_lp/Github/Lpbs-i/tmp/Perf_mem/sysbench/tests/fileio'
2016-07-15 16:58:40,459 - Perf_mem - INFO - Making install in memory
2016-07-15 16:58:40,459 - Perf_mem - INFO - make[3]: Entering directory '/home/isoft_lp/Github/Lpbs-i/tmp/Perf_mem/sysbench/tests/memory'
2016-07-15 16:58:40,459 - Perf_mem - INFO - make[4]: Entering directory '/home/isoft_lp/Github/Lpbs-i/tmp/Perf_mem/sysbench/tests/memory'
2016-07-15 16:58:40,459 - Perf_mem - INFO - make[4]: Nothing to be done for 'install-exec-am'.
2016-07-15 16:58:40,459 - Perf_mem - INFO - make[4]: Nothing to be done for 'install-data-am'.
2016-07-15 16:58:40,459 - Perf_mem - INFO - make[4]: Leaving directory '/home/isoft_lp/Github/Lpbs-i/tmp/Perf_mem/sysbench/tests/memory'
2016-07-15 16:58:40,459 - Perf_mem - INFO - make[3]: Leaving directory '/home/isoft_lp/Github/Lpbs-i/tmp/Perf_mem/sysbench/tests/memory'
2016-07-15 16:58:40,460 - Perf_mem - INFO - Making install in threads
2016-07-15 16:58:40,460 - Perf_mem - INFO - make[3]: Entering directory '/home/isoft_lp/Github/Lpbs-i/tmp/Perf_mem/sysbench/tests/threads'
2016-07-15 16:58:40,460 - Perf_mem - INFO - make[4]: Entering directory '/home/isoft_lp/Github/Lpbs-i/tmp/Perf_mem/sysbench/tests/threads'
2016-07-15 16:58:40,460 - Perf_mem - INFO - make[4]: Nothing to be done for 'install-exec-am'.
2016-07-15 16:58:40,460 - Perf_mem - INFO - make[4]: Nothing to be done for 'install-data-am'.
2016-07-15 16:58:40,460 - Perf_mem - INFO - make[4]: Leaving directory '/home/isoft_lp/Github/Lpbs-i/tmp/Perf_mem/sysbench/tests/threads'
2016-07-15 16:58:40,460 - Perf_mem - INFO - make[3]: Leaving directory '/home/isoft_lp/Github/Lpbs-i/tmp/Perf_mem/sysbench/tests/threads'
2016-07-15 16:58:40,460 - Perf_mem - INFO - Making install in mutex
2016-07-15 16:58:40,460 - Perf_mem - INFO - make[3]: Entering directory '/home/isoft_lp/Github/Lpbs-i/tmp/Perf_mem/sysbench/tests/mutex'
2016-07-15 16:58:40,460 - Perf_mem - INFO - make[4]: Entering directory '/home/isoft_lp/Github/Lpbs-i/tmp/Perf_mem/sysbench/tests/mutex'
2016-07-15 16:58:40,460 - Perf_mem - INFO - make[4]: Nothing to be done for 'install-exec-am'.
2016-07-15 16:58:40,460 - Perf_mem - INFO - make[4]: Nothing to be done for 'install-data-am'.
2016-07-15 16:58:40,460 - Perf_mem - INFO - make[4]: Leaving directory '/home/isoft_lp/Github/Lpbs-i/tmp/Perf_mem/sysbench/tests/mutex'
2016-07-15 16:58:40,460 - Perf_mem - INFO - make[3]: Leaving directory '/home/isoft_lp/Github/Lpbs-i/tmp/Perf_mem/sysbench/tests/mutex'
2016-07-15 16:58:40,460 - Perf_mem - INFO - Making install in oltp
2016-07-15 16:58:40,460 - Perf_mem - INFO - make[3]: Entering directory '/home/isoft_lp/Github/Lpbs-i/tmp/Perf_mem/sysbench/tests/oltp'
2016-07-15 16:58:40,460 - Perf_mem - INFO - make[4]: Entering directory '/home/isoft_lp/Github/Lpbs-i/tmp/Perf_mem/sysbench/tests/oltp'
2016-07-15 16:58:40,460 - Perf_mem - INFO - make[4]: Nothing to be done for 'install-exec-am'.
2016-07-15 16:58:40,460 - Perf_mem - INFO - make[4]: Nothing to be done for 'install-data-am'.
2016-07-15 16:58:40,460 - Perf_mem - INFO - make[4]: Leaving directory '/home/isoft_lp/Github/Lpbs-i/tmp/Perf_mem/sysbench/tests/oltp'
2016-07-15 16:58:40,460 - Perf_mem - INFO - make[3]: Leaving directory '/home/isoft_lp/Github/Lpbs-i/tmp/Perf_mem/sysbench/tests/oltp'
2016-07-15 16:58:40,460 - Perf_mem - INFO - make[3]: Entering directory '/home/isoft_lp/Github/Lpbs-i/tmp/Perf_mem/sysbench/tests'
2016-07-15 16:58:40,460 - Perf_mem - INFO - make[4]: Entering directory '/home/isoft_lp/Github/Lpbs-i/tmp/Perf_mem/sysbench/tests'
2016-07-15 16:58:40,460 - Perf_mem - INFO - make[4]: Nothing to be done for 'install-exec-am'.
2016-07-15 16:58:40,460 - Perf_mem - INFO - make[4]: Nothing to be done for 'install-data-am'.
2016-07-15 16:58:40,461 - Perf_mem - INFO - make[4]: Leaving directory '/home/isoft_lp/Github/Lpbs-i/tmp/Perf_mem/sysbench/tests'
2016-07-15 16:58:40,461 - Perf_mem - INFO - make[3]: Leaving directory '/home/isoft_lp/Github/Lpbs-i/tmp/Perf_mem/sysbench/tests'
2016-07-15 16:58:40,461 - Perf_mem - INFO - make[2]: Leaving directory '/home/isoft_lp/Github/Lpbs-i/tmp/Perf_mem/sysbench/tests'
2016-07-15 16:58:40,461 - Perf_mem - INFO - Making install in .
2016-07-15 16:58:40,461 - Perf_mem - INFO - make[2]: Entering directory '/home/isoft_lp/Github/Lpbs-i/tmp/Perf_mem/sysbench'
2016-07-15 16:58:40,461 - Perf_mem - INFO - make[3]: Entering directory '/home/isoft_lp/Github/Lpbs-i/tmp/Perf_mem/sysbench'
2016-07-15 16:58:40,461 - Perf_mem - INFO - test -z "/usr/local/bin" || /bin/mkdir -p "/usr/local/bin"
2016-07-15 16:58:40,461 - Perf_mem - INFO -   /usr/bin/libtool   --mode=install /bin/install -c 'sysbench' '/usr/local/bin/sysbench'
2016-07-15 16:58:40,461 - Perf_mem - INFO - libtool: install: /bin/install -c sysbench /usr/local/bin/sysbench
2016-07-15 16:58:40,461 - Perf_mem - INFO - make[3]: Nothing to be done for 'install-data-am'.
2016-07-15 16:58:40,461 - Perf_mem - INFO - make[3]: Leaving directory '/home/isoft_lp/Github/Lpbs-i/tmp/Perf_mem/sysbench'
2016-07-15 16:58:40,461 - Perf_mem - INFO - make[2]: Leaving directory '/home/isoft_lp/Github/Lpbs-i/tmp/Perf_mem/sysbench'
2016-07-15 16:58:40,461 - Perf_mem - INFO - make[1]: Leaving directory '/home/isoft_lp/Github/Lpbs-i/tmp/Perf_mem/sysbench'
2016-07-15 16:58:40,461 - Perf_mem - INFO - make[1]: Entering directory '/home/isoft_lp/Github/Lpbs-i/tmp/Perf_mem'
2016-07-15 16:58:40,461 - Perf_mem - INFO - make[2]: Entering directory '/home/isoft_lp/Github/Lpbs-i/tmp/Perf_mem'
2016-07-15 16:58:40,461 - Perf_mem - INFO - make[2]: Nothing to be done for 'install-exec-am'.
2016-07-15 16:58:40,461 - Perf_mem - INFO - make[2]: Nothing to be done for 'install-data-am'.
2016-07-15 16:58:40,462 - Perf_mem - INFO - make[2]: Leaving directory '/home/isoft_lp/Github/Lpbs-i/tmp/Perf_mem'
2016-07-15 16:58:40,462 - Perf_mem - INFO - make[1]: Leaving directory '/home/isoft_lp/Github/Lpbs-i/tmp/Perf_mem'
2016-07-15 16:58:40,462 - Perf_mem - INFO - {u'num_threads': u'4,8', u'total_size': u'8G', u'test_type': u'memory', u'reboot': u'no', u'runtimes': u'3', u'tag': u"'mem'", u'tarbal': u'sysbench-0.4.12.tar.gz', u'block_size': u'4096'}
2016-07-15 16:58:40,462 - Perf_mem - INFO - [u'4', u'8']
2016-07-15 16:58:40,463 - Perf_mem - INFO - /home/isoft_lp/Github/Lpbs-i/tmp/Perf_mem/sysbench/sysbench --test=memory --num-threads=4 --memory-block-size=4096 --memory-total-size=8G run
2016-07-15 16:58:41,389 - Perf_mem - INFO - sysbench 0.4.12:  multi-threaded system evaluation benchmark
2016-07-15 16:58:41,389 - Perf_mem - INFO - 
2016-07-15 16:58:41,389 - Perf_mem - INFO - Running the test with following options:
2016-07-15 16:58:41,390 - Perf_mem - INFO - Number of threads: 4
2016-07-15 16:58:41,390 - Perf_mem - INFO - 
2016-07-15 16:58:41,390 - Perf_mem - INFO - Doing memory operations speed test
2016-07-15 16:58:41,390 - Perf_mem - INFO - Memory block size: 4K
2016-07-15 16:58:41,390 - Perf_mem - INFO - 
2016-07-15 16:58:41,390 - Perf_mem - INFO - Memory transfer size: 8192M
2016-07-15 16:58:41,390 - Perf_mem - INFO - 
2016-07-15 16:58:41,390 - Perf_mem - INFO - Memory operations type: write
2016-07-15 16:58:41,390 - Perf_mem - INFO - Memory scope type: global
2016-07-15 16:58:41,390 - Perf_mem - INFO - Threads started!
2016-07-15 16:58:41,390 - Perf_mem - INFO - Done.
2016-07-15 16:58:41,390 - Perf_mem - INFO - 
2016-07-15 16:58:41,390 - Perf_mem - INFO - Operations performed: 2097152 (2274849.81 ops/sec)
2016-07-15 16:58:41,390 - Perf_mem - INFO - 
2016-07-15 16:58:41,390 - Perf_mem - INFO - 8192.00 MB transferred (8886.13 MB/sec)
2016-07-15 16:58:41,391 - Perf_mem - INFO - 
2016-07-15 16:58:41,391 - Perf_mem - INFO - 
2016-07-15 16:58:41,391 - Perf_mem - INFO - Test execution summary:
2016-07-15 16:58:41,391 - Perf_mem - INFO -     total time:                          0.9219s
2016-07-15 16:58:41,391 - Perf_mem - INFO -     total number of events:              2097152
2016-07-15 16:58:41,391 - Perf_mem - INFO -     total time taken by event execution: 3.1018
2016-07-15 16:58:41,391 - Perf_mem - INFO -     per-request statistics:
2016-07-15 16:58:41,391 - Perf_mem - INFO -          min:                                  0.00ms
2016-07-15 16:58:41,391 - Perf_mem - INFO -          avg:                                  0.00ms
2016-07-15 16:58:41,391 - Perf_mem - INFO -          max:                                  7.57ms
2016-07-15 16:58:41,391 - Perf_mem - INFO -          approx.  95 percentile:               0.00ms
2016-07-15 16:58:41,391 - Perf_mem - INFO - 
2016-07-15 16:58:41,391 - Perf_mem - INFO - Threads fairness:
2016-07-15 16:58:41,391 - Perf_mem - INFO -     events (avg/stddev):           524288.0000/36736.60
2016-07-15 16:58:41,392 - Perf_mem - INFO -     execution time (avg/stddev):   0.7754/0.01
2016-07-15 16:58:42,240 - Perf_mem - INFO - sysbench 0.4.12:  multi-threaded system evaluation benchmark
2016-07-15 16:58:42,240 - Perf_mem - INFO - 
2016-07-15 16:58:42,241 - Perf_mem - INFO - Running the test with following options:
2016-07-15 16:58:42,241 - Perf_mem - INFO - Number of threads: 4
2016-07-15 16:58:42,241 - Perf_mem - INFO - 
2016-07-15 16:58:42,241 - Perf_mem - INFO - Doing memory operations speed test
2016-07-15 16:58:42,241 - Perf_mem - INFO - Memory block size: 4K
2016-07-15 16:58:42,241 - Perf_mem - INFO - 
2016-07-15 16:58:42,241 - Perf_mem - INFO - Memory transfer size: 8192M
2016-07-15 16:58:42,241 - Perf_mem - INFO - 
2016-07-15 16:58:42,241 - Perf_mem - INFO - Memory operations type: write
2016-07-15 16:58:42,241 - Perf_mem - INFO - Memory scope type: global
2016-07-15 16:58:42,241 - Perf_mem - INFO - Threads started!
2016-07-15 16:58:42,241 - Perf_mem - INFO - Done.
2016-07-15 16:58:42,242 - Perf_mem - INFO - 
2016-07-15 16:58:42,242 - Perf_mem - INFO - Operations performed: 2097152 (2484896.44 ops/sec)
2016-07-15 16:58:42,242 - Perf_mem - INFO - 
2016-07-15 16:58:42,242 - Perf_mem - INFO - 8192.00 MB transferred (9706.63 MB/sec)
2016-07-15 16:58:42,242 - Perf_mem - INFO - 
2016-07-15 16:58:42,242 - Perf_mem - INFO - 
2016-07-15 16:58:42,242 - Perf_mem - INFO - Test execution summary:
2016-07-15 16:58:42,242 - Perf_mem - INFO -     total time:                          0.8440s
2016-07-15 16:58:42,242 - Perf_mem - INFO -     total number of events:              2097152
2016-07-15 16:58:42,242 - Perf_mem - INFO -     total time taken by event execution: 2.9159
2016-07-15 16:58:42,242 - Perf_mem - INFO -     per-request statistics:
2016-07-15 16:58:42,242 - Perf_mem - INFO -          min:                                  0.00ms
2016-07-15 16:58:42,242 - Perf_mem - INFO -          avg:                                  0.00ms
2016-07-15 16:58:42,242 - Perf_mem - INFO -          max:                                  3.09ms
2016-07-15 16:58:42,242 - Perf_mem - INFO -          approx.  95 percentile:               0.00ms
2016-07-15 16:58:42,243 - Perf_mem - INFO - 
2016-07-15 16:58:42,243 - Perf_mem - INFO - Threads fairness:
2016-07-15 16:58:42,243 - Perf_mem - INFO -     events (avg/stddev):           524288.0000/6800.69
2016-07-15 16:58:42,243 - Perf_mem - INFO -     execution time (avg/stddev):   0.7290/0.00
2016-07-15 16:58:43,085 - Perf_mem - INFO - sysbench 0.4.12:  multi-threaded system evaluation benchmark
2016-07-15 16:58:43,085 - Perf_mem - INFO - 
2016-07-15 16:58:43,086 - Perf_mem - INFO - Running the test with following options:
2016-07-15 16:58:43,086 - Perf_mem - INFO - Number of threads: 4
2016-07-15 16:58:43,086 - Perf_mem - INFO - 
2016-07-15 16:58:43,086 - Perf_mem - INFO - Doing memory operations speed test
2016-07-15 16:58:43,086 - Perf_mem - INFO - Memory block size: 4K
2016-07-15 16:58:43,086 - Perf_mem - INFO - 
2016-07-15 16:58:43,086 - Perf_mem - INFO - Memory transfer size: 8192M
2016-07-15 16:58:43,087 - Perf_mem - INFO - 
2016-07-15 16:58:43,087 - Perf_mem - INFO - Memory operations type: write
2016-07-15 16:58:43,087 - Perf_mem - INFO - Memory scope type: global
2016-07-15 16:58:43,087 - Perf_mem - INFO - Threads started!
2016-07-15 16:58:43,087 - Perf_mem - INFO - Done.
2016-07-15 16:58:43,087 - Perf_mem - INFO - 
2016-07-15 16:58:43,087 - Perf_mem - INFO - Operations performed: 2097152 (2502510.01 ops/sec)
2016-07-15 16:58:43,087 - Perf_mem - INFO - 
2016-07-15 16:58:43,087 - Perf_mem - INFO - 8192.00 MB transferred (9775.43 MB/sec)
2016-07-15 16:58:43,087 - Perf_mem - INFO - 
2016-07-15 16:58:43,087 - Perf_mem - INFO - 
2016-07-15 16:58:43,087 - Perf_mem - INFO - Test execution summary:
2016-07-15 16:58:43,087 - Perf_mem - INFO -     total time:                          0.8380s
2016-07-15 16:58:43,087 - Perf_mem - INFO -     total number of events:              2097152
2016-07-15 16:58:43,087 - Perf_mem - INFO -     total time taken by event execution: 2.8941
2016-07-15 16:58:43,088 - Perf_mem - INFO -     per-request statistics:
2016-07-15 16:58:43,088 - Perf_mem - INFO -          min:                                  0.00ms
2016-07-15 16:58:43,088 - Perf_mem - INFO -          avg:                                  0.00ms
2016-07-15 16:58:43,088 - Perf_mem - INFO -          max:                                  1.02ms
2016-07-15 16:58:43,088 - Perf_mem - INFO -          approx.  95 percentile:               0.00ms
2016-07-15 16:58:43,088 - Perf_mem - INFO - 
2016-07-15 16:58:43,088 - Perf_mem - INFO - Threads fairness:
2016-07-15 16:58:43,088 - Perf_mem - INFO -     events (avg/stddev):           524288.0000/7762.65
2016-07-15 16:58:43,088 - Perf_mem - INFO -     execution time (avg/stddev):   0.7235/0.00
2016-07-15 16:58:43,089 - Perf_mem - INFO - /home/isoft_lp/Github/Lpbs-i/tmp/Perf_mem/sysbench/sysbench --test=memory --num-threads=8 --memory-block-size=4096 --memory-total-size=8G run
2016-07-15 16:58:43,927 - Perf_mem - INFO - sysbench 0.4.12:  multi-threaded system evaluation benchmark
2016-07-15 16:58:43,927 - Perf_mem - INFO - 
2016-07-15 16:58:43,927 - Perf_mem - INFO - Running the test with following options:
2016-07-15 16:58:43,927 - Perf_mem - INFO - Number of threads: 8
2016-07-15 16:58:43,928 - Perf_mem - INFO - 
2016-07-15 16:58:43,928 - Perf_mem - INFO - Doing memory operations speed test
2016-07-15 16:58:43,928 - Perf_mem - INFO - Memory block size: 4K
2016-07-15 16:58:43,928 - Perf_mem - INFO - 
2016-07-15 16:58:43,928 - Perf_mem - INFO - Memory transfer size: 8192M
2016-07-15 16:58:43,928 - Perf_mem - INFO - 
2016-07-15 16:58:43,928 - Perf_mem - INFO - Memory operations type: write
2016-07-15 16:58:43,928 - Perf_mem - INFO - Memory scope type: global
2016-07-15 16:58:43,928 - Perf_mem - INFO - Threads started!
2016-07-15 16:58:43,928 - Perf_mem - INFO - Done.
2016-07-15 16:58:43,928 - Perf_mem - INFO - 
2016-07-15 16:58:43,928 - Perf_mem - INFO - Operations performed: 2097152 (2517014.39 ops/sec)
2016-07-15 16:58:43,928 - Perf_mem - INFO - 
2016-07-15 16:58:43,928 - Perf_mem - INFO - 8192.00 MB transferred (9832.09 MB/sec)
2016-07-15 16:58:43,928 - Perf_mem - INFO - 
2016-07-15 16:58:43,929 - Perf_mem - INFO - 
2016-07-15 16:58:43,929 - Perf_mem - INFO - Test execution summary:
2016-07-15 16:58:43,929 - Perf_mem - INFO -     total time:                          0.8332s
2016-07-15 16:58:43,929 - Perf_mem - INFO -     total number of events:              2097152
2016-07-15 16:58:43,929 - Perf_mem - INFO -     total time taken by event execution: 4.4930
2016-07-15 16:58:43,929 - Perf_mem - INFO -     per-request statistics:
2016-07-15 16:58:43,929 - Perf_mem - INFO -          min:                                  0.00ms
2016-07-15 16:58:43,929 - Perf_mem - INFO -          avg:                                  0.00ms
2016-07-15 16:58:43,929 - Perf_mem - INFO -          max:                                 14.87ms
2016-07-15 16:58:43,929 - Perf_mem - INFO -          approx.  95 percentile:               0.00ms
2016-07-15 16:58:43,929 - Perf_mem - INFO - 
2016-07-15 16:58:43,929 - Perf_mem - INFO - Threads fairness:
2016-07-15 16:58:43,929 - Perf_mem - INFO -     events (avg/stddev):           262144.0000/35677.34
2016-07-15 16:58:43,929 - Perf_mem - INFO -     execution time (avg/stddev):   0.5616/0.02
2016-07-15 16:58:44,766 - Perf_mem - INFO - sysbench 0.4.12:  multi-threaded system evaluation benchmark
2016-07-15 16:58:44,766 - Perf_mem - INFO - 
2016-07-15 16:58:44,766 - Perf_mem - INFO - Running the test with following options:
2016-07-15 16:58:44,766 - Perf_mem - INFO - Number of threads: 8
2016-07-15 16:58:44,766 - Perf_mem - INFO - 
2016-07-15 16:58:44,766 - Perf_mem - INFO - Doing memory operations speed test
2016-07-15 16:58:44,766 - Perf_mem - INFO - Memory block size: 4K
2016-07-15 16:58:44,766 - Perf_mem - INFO - 
2016-07-15 16:58:44,766 - Perf_mem - INFO - Memory transfer size: 8192M
2016-07-15 16:58:44,766 - Perf_mem - INFO - 
2016-07-15 16:58:44,767 - Perf_mem - INFO - Memory operations type: write
2016-07-15 16:58:44,767 - Perf_mem - INFO - Memory scope type: global
2016-07-15 16:58:44,767 - Perf_mem - INFO - Threads started!
2016-07-15 16:58:44,767 - Perf_mem - INFO - Done.
2016-07-15 16:58:44,767 - Perf_mem - INFO - 
2016-07-15 16:58:44,767 - Perf_mem - INFO - Operations performed: 2097152 (2521058.20 ops/sec)
2016-07-15 16:58:44,767 - Perf_mem - INFO - 
2016-07-15 16:58:44,767 - Perf_mem - INFO - 8192.00 MB transferred (9847.88 MB/sec)
2016-07-15 16:58:44,767 - Perf_mem - INFO - 
2016-07-15 16:58:44,767 - Perf_mem - INFO - 
2016-07-15 16:58:44,767 - Perf_mem - INFO - Test execution summary:
2016-07-15 16:58:44,767 - Perf_mem - INFO -     total time:                          0.8319s
2016-07-15 16:58:44,767 - Perf_mem - INFO -     total number of events:              2097152
2016-07-15 16:58:44,767 - Perf_mem - INFO -     total time taken by event execution: 4.4725
2016-07-15 16:58:44,767 - Perf_mem - INFO -     per-request statistics:
2016-07-15 16:58:44,767 - Perf_mem - INFO -          min:                                  0.00ms
2016-07-15 16:58:44,768 - Perf_mem - INFO -          avg:                                  0.00ms
2016-07-15 16:58:44,768 - Perf_mem - INFO -          max:                                 16.89ms
2016-07-15 16:58:44,768 - Perf_mem - INFO -          approx.  95 percentile:               0.00ms
2016-07-15 16:58:44,768 - Perf_mem - INFO - 
2016-07-15 16:58:44,768 - Perf_mem - INFO - Threads fairness:
2016-07-15 16:58:44,768 - Perf_mem - INFO -     events (avg/stddev):           262144.0000/61315.64
2016-07-15 16:58:44,768 - Perf_mem - INFO -     execution time (avg/stddev):   0.5591/0.03
2016-07-15 16:58:45,604 - Perf_mem - INFO - sysbench 0.4.12:  multi-threaded system evaluation benchmark
2016-07-15 16:58:45,605 - Perf_mem - INFO - 
2016-07-15 16:58:45,605 - Perf_mem - INFO - Running the test with following options:
2016-07-15 16:58:45,605 - Perf_mem - INFO - Number of threads: 8
2016-07-15 16:58:45,605 - Perf_mem - INFO - 
2016-07-15 16:58:45,605 - Perf_mem - INFO - Doing memory operations speed test
2016-07-15 16:58:45,605 - Perf_mem - INFO - Memory block size: 4K
2016-07-15 16:58:45,605 - Perf_mem - INFO - 
2016-07-15 16:58:45,605 - Perf_mem - INFO - Memory transfer size: 8192M
2016-07-15 16:58:45,605 - Perf_mem - INFO - 
2016-07-15 16:58:45,605 - Perf_mem - INFO - Memory operations type: write
2016-07-15 16:58:45,605 - Perf_mem - INFO - Memory scope type: global
2016-07-15 16:58:45,605 - Perf_mem - INFO - Threads started!
2016-07-15 16:58:45,605 - Perf_mem - INFO - Done.
2016-07-15 16:58:45,606 - Perf_mem - INFO - 
2016-07-15 16:58:45,606 - Perf_mem - INFO - Operations performed: 2097152 (2521968.06 ops/sec)
2016-07-15 16:58:45,606 - Perf_mem - INFO - 
2016-07-15 16:58:45,606 - Perf_mem - INFO - 8192.00 MB transferred (9851.44 MB/sec)
2016-07-15 16:58:45,606 - Perf_mem - INFO - 
2016-07-15 16:58:45,606 - Perf_mem - INFO - 
2016-07-15 16:58:45,606 - Perf_mem - INFO - Test execution summary:
2016-07-15 16:58:45,606 - Perf_mem - INFO -     total time:                          0.8316s
2016-07-15 16:58:45,606 - Perf_mem - INFO -     total number of events:              2097152
2016-07-15 16:58:45,606 - Perf_mem - INFO -     total time taken by event execution: 4.3825
2016-07-15 16:58:45,606 - Perf_mem - INFO -     per-request statistics:
2016-07-15 16:58:45,606 - Perf_mem - INFO -          min:                                  0.00ms
2016-07-15 16:58:45,606 - Perf_mem - INFO -          avg:                                  0.00ms
2016-07-15 16:58:45,606 - Perf_mem - INFO -          max:                                 11.64ms
2016-07-15 16:58:45,606 - Perf_mem - INFO -          approx.  95 percentile:               0.00ms
2016-07-15 16:58:45,607 - Perf_mem - INFO - 
2016-07-15 16:58:45,607 - Perf_mem - INFO - Threads fairness:
2016-07-15 16:58:45,607 - Perf_mem - INFO -     events (avg/stddev):           262144.0000/13003.98
2016-07-15 16:58:45,607 - Perf_mem - INFO -     execution time (avg/stddev):   0.5478/0.03
