2016-08-04 14:58:06,306 - Perf_system - INFO - {u'tarbal': u'unixbench-5.1.3.tar.gz', u'c': u'1,4', u'tag': u"'system'", u'reboot': u'no', u'runtimes': u'3'}
2016-08-04 14:58:06,307 - Perf_system - INFO - /home/isoft_lp/Github/Lpbs-i/tmp/Perf_system/unixbench 1
2016-08-04 15:07:15,602 - Perf_system - INFO - make all
2016-08-04 15:07:15,602 - Perf_system - INFO - make[1]: Entering directory '/home/isoft_lp/Github/Lpbs-i/tmp/Perf_system'
2016-08-04 15:07:15,602 - Perf_system - INFO - Checking distribution of files
2016-08-04 15:07:15,603 - Perf_system - INFO - ./pgms  exists
2016-08-04 15:07:15,603 - Perf_system - INFO - ./src  exists
2016-08-04 15:07:15,603 - Perf_system - INFO - ./testdir  exists
2016-08-04 15:07:15,603 - Perf_system - INFO - ./tmp  exists
2016-08-04 15:07:15,603 - Perf_system - INFO - ./results  exists
2016-08-04 15:07:15,603 - Perf_system - INFO - make[1]: Leaving directory '/home/isoft_lp/Github/Lpbs-i/tmp/Perf_system'
2016-08-04 15:07:15,603 - Perf_system - INFO - 
2016-08-04 15:07:15,603 - Perf_system - INFO -    #    #  #    #  #  #    #          #####   ######  #    #   ####   #    #
2016-08-04 15:07:15,603 - Perf_system - INFO -    #    #  ##   #  #   #  #           #    #  #       ##   #  #    #  #    #
2016-08-04 15:07:15,603 - Perf_system - INFO -    #    #  # #  #  #    ##            #####   #####   # #  #  #       ######
2016-08-04 15:07:15,603 - Perf_system - INFO -    #    #  #  # #  #    ##            #    #  #       #  # #  #       #    #
2016-08-04 15:07:15,603 - Perf_system - INFO -    #    #  #   ##  #   #  #           #    #  #       #   ##  #    #  #    #
2016-08-04 15:07:15,603 - Perf_system - INFO -     ####   #    #  #  #    #          #####   ######  #    #   ####   #    #
2016-08-04 15:07:15,604 - Perf_system - INFO - 
2016-08-04 15:07:15,604 - Perf_system - INFO -    Version 5.1.2                      Based on the Byte Magazine Unix Benchmark
2016-08-04 15:07:15,604 - Perf_system - INFO - 
2016-08-04 15:07:15,604 - Perf_system - INFO -    Multi-CPU version                  Version 5 revisions by Ian Smith,
2016-08-04 15:07:15,604 - Perf_system - INFO -                                       Sunnyvale, CA, USA
2016-08-04 15:07:15,604 - Perf_system - INFO -    December 22, 2007                  johantheghost at yahoo period com
2016-08-04 15:07:15,604 - Perf_system - INFO - 
2016-08-04 15:07:15,604 - Perf_system - INFO - 
2016-08-04 15:07:15,604 - Perf_system - INFO - 1 x Dhrystone 2 using register variables  1 2 3
2016-08-04 15:07:15,607 - Perf_system - INFO - 
2016-08-04 15:07:15,607 - Perf_system - INFO - 1 x Double-Precision Whetstone  1 2 3
2016-08-04 15:07:15,607 - Perf_system - INFO - 
2016-08-04 15:07:15,607 - Perf_system - INFO - 1 x Execl Throughput  1
2016-08-04 15:07:15,607 - Perf_system - INFO - 
2016-08-04 15:07:15,607 - Perf_system - INFO - 1 x File Copy 1024 bufsize 2000 maxblocks  1
2016-08-04 15:07:15,607 - Perf_system - INFO - 
2016-08-04 15:07:15,607 - Perf_system - INFO - 1 x File Copy 256 bufsize 500 maxblocks  1
2016-08-04 15:07:15,607 - Perf_system - INFO - 
2016-08-04 15:07:15,607 - Perf_system - INFO - 1 x File Copy 4096 bufsize 8000 maxblocks  1
2016-08-04 15:07:15,607 - Perf_system - INFO - 
2016-08-04 15:07:15,607 - Perf_system - INFO - 1 x Pipe Throughput  1 2 3
2016-08-04 15:07:15,607 - Perf_system - INFO - 
2016-08-04 15:07:15,607 - Perf_system - INFO - 1 x Pipe-based Context Switching  1 2 3
2016-08-04 15:07:15,608 - Perf_system - INFO - 
2016-08-04 15:07:15,608 - Perf_system - INFO - 1 x Process Creation  1
2016-08-04 15:07:15,608 - Perf_system - INFO - 
2016-08-04 15:07:15,608 - Perf_system - INFO - 1 x System Call Overhead  1 2 3
2016-08-04 15:07:15,609 - Perf_system - INFO - 
2016-08-04 15:07:15,609 - Perf_system - INFO - 1 x Shell Scripts (1 concurrent)  1
2016-08-04 15:07:15,609 - Perf_system - INFO - 
2016-08-04 15:07:15,609 - Perf_system - INFO - 1 x Shell Scripts (8 concurrent)  1
2016-08-04 15:07:15,609 - Perf_system - INFO - 
2016-08-04 15:07:15,609 - Perf_system - INFO - ========================================================================
2016-08-04 15:07:15,609 - Perf_system - INFO -    BYTE UNIX Benchmarks (Version 5.1.2)
2016-08-04 15:07:15,609 - Perf_system - INFO - 
2016-08-04 15:07:15,609 - Perf_system - INFO -    System: isoft_lp: GNU/Linux
2016-08-04 15:07:15,609 - Perf_system - INFO -    OS: GNU/Linux -- 4.4.1-1 -- #1 SMP Tue Feb 2 14:09:15 CST 2016
2016-08-04 15:07:15,610 - Perf_system - INFO -    Machine: x86_64 (unknown)
2016-08-04 15:07:15,610 - Perf_system - INFO -    Language: en_US.utf8 (charmap="UTF-8", collate="UTF-8")
2016-08-04 15:07:15,610 - Perf_system - INFO -    CPU 0: Intel(R) Core(TM) i5-4200U CPU @ 1.60GHz (4589.8 bogomips)
2016-08-04 15:07:15,610 - Perf_system - INFO -           Hyper-Threading, x86-64, MMX, Physical Address Ext, SYSENTER/SYSEXIT, SYSCALL/SYSRET, Intel virtualization
2016-08-04 15:07:15,610 - Perf_system - INFO -    CPU 1: Intel(R) Core(TM) i5-4200U CPU @ 1.60GHz (4589.8 bogomips)
2016-08-04 15:07:15,610 - Perf_system - INFO -           Hyper-Threading, x86-64, MMX, Physical Address Ext, SYSENTER/SYSEXIT, SYSCALL/SYSRET, Intel virtualization
2016-08-04 15:07:15,610 - Perf_system - INFO -    CPU 2: Intel(R) Core(TM) i5-4200U CPU @ 1.60GHz (4589.8 bogomips)
2016-08-04 15:07:15,610 - Perf_system - INFO -           Hyper-Threading, x86-64, MMX, Physical Address Ext, SYSENTER/SYSEXIT, SYSCALL/SYSRET, Intel virtualization
2016-08-04 15:07:15,610 - Perf_system - INFO -    CPU 3: Intel(R) Core(TM) i5-4200U CPU @ 1.60GHz (4589.8 bogomips)
2016-08-04 15:07:15,610 - Perf_system - INFO -           Hyper-Threading, x86-64, MMX, Physical Address Ext, SYSENTER/SYSEXIT, SYSCALL/SYSRET, Intel virtualization
2016-08-04 15:07:15,610 - Perf_system - INFO -    14:58:06 up  7:05,  4 users,  load average: 1.94, 1.65, 1.84; runlevel 5
2016-08-04 15:07:15,610 - Perf_system - INFO - 
2016-08-04 15:07:15,610 - Perf_system - INFO - ------------------------------------------------------------------------
2016-08-04 15:07:15,610 - Perf_system - INFO - Benchmark Run: 四 8月 04 2016 14:58:06 - 15:07:15
2016-08-04 15:07:15,610 - Perf_system - INFO - 4 CPUs in system; running 1 parallel copy of tests
2016-08-04 15:07:15,611 - Perf_system - INFO - 
2016-08-04 15:07:15,611 - Perf_system - INFO - Dhrystone 2 using register variables       25912073.9 lps   (10.0 s, 2 samples)
2016-08-04 15:07:15,611 - Perf_system - INFO - Double-Precision Whetstone                     3490.7 MWIPS (9.9 s, 2 samples)
2016-08-04 15:07:15,611 - Perf_system - INFO - Execl Throughput                               3833.2 lps   (29.0 s, 1 samples)
2016-08-04 15:07:15,611 - Perf_system - INFO - File Copy 1024 bufsize 2000 maxblocks        902059.0 KBps  (30.0 s, 1 samples)
2016-08-04 15:07:15,611 - Perf_system - INFO - File Copy 256 bufsize 500 maxblocks          271644.0 KBps  (30.0 s, 1 samples)
2016-08-04 15:07:15,611 - Perf_system - INFO - File Copy 4096 bufsize 8000 maxblocks       2116862.0 KBps  (30.0 s, 1 samples)
2016-08-04 15:07:15,611 - Perf_system - INFO - Pipe Throughput                             2141038.6 lps   (10.0 s, 2 samples)
2016-08-04 15:07:15,611 - Perf_system - INFO - Pipe-based Context Switching                 212924.0 lps   (10.0 s, 2 samples)
2016-08-04 15:07:15,611 - Perf_system - INFO - Process Creation                              12954.8 lps   (30.0 s, 1 samples)
2016-08-04 15:07:15,611 - Perf_system - INFO - Shell Scripts (1 concurrent)                   4205.3 lpm   (60.0 s, 1 samples)
2016-08-04 15:07:15,611 - Perf_system - INFO - Shell Scripts (8 concurrent)                   1018.1 lpm   (60.1 s, 1 samples)
2016-08-04 15:07:15,611 - Perf_system - INFO - System Call Overhead                        3144486.3 lps   (10.0 s, 2 samples)
2016-08-04 15:07:15,611 - Perf_system - INFO - 
2016-08-04 15:07:15,612 - Perf_system - INFO - System Benchmarks Index Values               BASELINE       RESULT    INDEX
2016-08-04 15:07:15,612 - Perf_system - INFO - Dhrystone 2 using register variables         116700.0   25912073.9   2220.4
2016-08-04 15:07:15,612 - Perf_system - INFO - Double-Precision Whetstone                       55.0       3490.7    634.7
2016-08-04 15:07:15,612 - Perf_system - INFO - Execl Throughput                                 43.0       3833.2    891.4
2016-08-04 15:07:15,612 - Perf_system - INFO - File Copy 1024 bufsize 2000 maxblocks          3960.0     902059.0   2277.9
2016-08-04 15:07:15,612 - Perf_system - INFO - File Copy 256 bufsize 500 maxblocks            1655.0     271644.0   1641.4
2016-08-04 15:07:15,612 - Perf_system - INFO - File Copy 4096 bufsize 8000 maxblocks          5800.0    2116862.0   3649.8
2016-08-04 15:07:15,612 - Perf_system - INFO - Pipe Throughput                               12440.0    2141038.6   1721.1
2016-08-04 15:07:15,612 - Perf_system - INFO - Pipe-based Context Switching                   4000.0     212924.0    532.3
2016-08-04 15:07:15,612 - Perf_system - INFO - Process Creation                                126.0      12954.8   1028.2
2016-08-04 15:07:15,612 - Perf_system - INFO - Shell Scripts (1 concurrent)                     42.4       4205.3    991.8
2016-08-04 15:07:15,612 - Perf_system - INFO - Shell Scripts (8 concurrent)                      6.0       1018.1   1696.9
2016-08-04 15:07:15,612 - Perf_system - INFO - System Call Overhead                          15000.0    3144486.3   2096.3
2016-08-04 15:07:15,612 - Perf_system - INFO -                                                                    ========
2016-08-04 15:07:15,612 - Perf_system - INFO - System Benchmarks Index Score                                        1400.6
2016-08-04 15:07:15,613 - Perf_system - INFO - 
2016-08-04 15:07:15,613 - Perf_system - INFO - *********************************************************************
2016-08-04 15:07:15,613 - Perf_system - INFO - Threads_1: 1400.6
2016-08-04 15:07:15,613 - Perf_system - INFO - *********************************************************************
2016-08-04 15:16:24,083 - Perf_system - INFO - make all
2016-08-04 15:16:24,085 - Perf_system - INFO - make[1]: Entering directory '/home/isoft_lp/Github/Lpbs-i/tmp/Perf_system'
2016-08-04 15:16:24,085 - Perf_system - INFO - Checking distribution of files
2016-08-04 15:16:24,085 - Perf_system - INFO - ./pgms  exists
2016-08-04 15:16:24,085 - Perf_system - INFO - ./src  exists
2016-08-04 15:16:24,085 - Perf_system - INFO - ./testdir  exists
2016-08-04 15:16:24,085 - Perf_system - INFO - ./tmp  exists
2016-08-04 15:16:24,085 - Perf_system - INFO - ./results  exists
2016-08-04 15:16:24,085 - Perf_system - INFO - make[1]: Leaving directory '/home/isoft_lp/Github/Lpbs-i/tmp/Perf_system'
2016-08-04 15:16:24,085 - Perf_system - INFO - 
2016-08-04 15:16:24,086 - Perf_system - INFO -    #    #  #    #  #  #    #          #####   ######  #    #   ####   #    #
2016-08-04 15:16:24,086 - Perf_system - INFO -    #    #  ##   #  #   #  #           #    #  #       ##   #  #    #  #    #
2016-08-04 15:16:24,086 - Perf_system - INFO -    #    #  # #  #  #    ##            #####   #####   # #  #  #       ######
2016-08-04 15:16:24,086 - Perf_system - INFO -    #    #  #  # #  #    ##            #    #  #       #  # #  #       #    #
2016-08-04 15:16:24,086 - Perf_system - INFO -    #    #  #   ##  #   #  #           #    #  #       #   ##  #    #  #    #
2016-08-04 15:16:24,086 - Perf_system - INFO -     ####   #    #  #  #    #          #####   ######  #    #   ####   #    #
2016-08-04 15:16:24,086 - Perf_system - INFO - 
2016-08-04 15:16:24,086 - Perf_system - INFO -    Version 5.1.2                      Based on the Byte Magazine Unix Benchmark
2016-08-04 15:16:24,086 - Perf_system - INFO - 
2016-08-04 15:16:24,086 - Perf_system - INFO -    Multi-CPU version                  Version 5 revisions by Ian Smith,
2016-08-04 15:16:24,086 - Perf_system - INFO -                                       Sunnyvale, CA, USA
2016-08-04 15:16:24,086 - Perf_system - INFO -    December 22, 2007                  johantheghost at yahoo period com
2016-08-04 15:16:24,086 - Perf_system - INFO - 
2016-08-04 15:16:24,086 - Perf_system - INFO - 
2016-08-04 15:16:24,087 - Perf_system - INFO - 1 x Dhrystone 2 using register variables  1 2 3
2016-08-04 15:16:24,087 - Perf_system - INFO - 
2016-08-04 15:16:24,087 - Perf_system - INFO - 1 x Double-Precision Whetstone  1 2 3
2016-08-04 15:16:24,087 - Perf_system - INFO - 
2016-08-04 15:16:24,087 - Perf_system - INFO - 1 x Execl Throughput  1
2016-08-04 15:16:24,087 - Perf_system - INFO - 
2016-08-04 15:16:24,087 - Perf_system - INFO - 1 x File Copy 1024 bufsize 2000 maxblocks  1
2016-08-04 15:16:24,087 - Perf_system - INFO - 
2016-08-04 15:16:24,087 - Perf_system - INFO - 1 x File Copy 256 bufsize 500 maxblocks  1
2016-08-04 15:16:24,087 - Perf_system - INFO - 
2016-08-04 15:16:24,087 - Perf_system - INFO - 1 x File Copy 4096 bufsize 8000 maxblocks  1
2016-08-04 15:16:24,087 - Perf_system - INFO - 
2016-08-04 15:16:24,087 - Perf_system - INFO - 1 x Pipe Throughput  1 2 3
2016-08-04 15:16:24,087 - Perf_system - INFO - 
2016-08-04 15:16:24,087 - Perf_system - INFO - 1 x Pipe-based Context Switching  1 2 3
2016-08-04 15:16:24,088 - Perf_system - INFO - 
2016-08-04 15:16:24,088 - Perf_system - INFO - 1 x Process Creation  1
2016-08-04 15:16:24,088 - Perf_system - INFO - 
2016-08-04 15:16:24,088 - Perf_system - INFO - 1 x System Call Overhead  1 2 3
2016-08-04 15:16:24,088 - Perf_system - INFO - 
2016-08-04 15:16:24,088 - Perf_system - INFO - 1 x Shell Scripts (1 concurrent)  1
2016-08-04 15:16:24,088 - Perf_system - INFO - 
2016-08-04 15:16:24,088 - Perf_system - INFO - 1 x Shell Scripts (8 concurrent)  1
2016-08-04 15:16:24,088 - Perf_system - INFO - 
2016-08-04 15:16:24,088 - Perf_system - INFO - ========================================================================
2016-08-04 15:16:24,088 - Perf_system - INFO -    BYTE UNIX Benchmarks (Version 5.1.2)
2016-08-04 15:16:24,088 - Perf_system - INFO - 
2016-08-04 15:16:24,088 - Perf_system - INFO -    System: isoft_lp: GNU/Linux
2016-08-04 15:16:24,088 - Perf_system - INFO -    OS: GNU/Linux -- 4.4.1-1 -- #1 SMP Tue Feb 2 14:09:15 CST 2016
2016-08-04 15:16:24,088 - Perf_system - INFO -    Machine: x86_64 (unknown)
2016-08-04 15:16:24,089 - Perf_system - INFO -    Language: en_US.utf8 (charmap="UTF-8", collate="UTF-8")
2016-08-04 15:16:24,089 - Perf_system - INFO -    CPU 0: Intel(R) Core(TM) i5-4200U CPU @ 1.60GHz (4589.8 bogomips)
2016-08-04 15:16:24,089 - Perf_system - INFO -           Hyper-Threading, x86-64, MMX, Physical Address Ext, SYSENTER/SYSEXIT, SYSCALL/SYSRET, Intel virtualization
2016-08-04 15:16:24,089 - Perf_system - INFO -    CPU 1: Intel(R) Core(TM) i5-4200U CPU @ 1.60GHz (4589.8 bogomips)
2016-08-04 15:16:24,089 - Perf_system - INFO -           Hyper-Threading, x86-64, MMX, Physical Address Ext, SYSENTER/SYSEXIT, SYSCALL/SYSRET, Intel virtualization
2016-08-04 15:16:24,089 - Perf_system - INFO -    CPU 2: Intel(R) Core(TM) i5-4200U CPU @ 1.60GHz (4589.8 bogomips)
2016-08-04 15:16:24,089 - Perf_system - INFO -           Hyper-Threading, x86-64, MMX, Physical Address Ext, SYSENTER/SYSEXIT, SYSCALL/SYSRET, Intel virtualization
2016-08-04 15:16:24,089 - Perf_system - INFO -    CPU 3: Intel(R) Core(TM) i5-4200U CPU @ 1.60GHz (4589.8 bogomips)
2016-08-04 15:16:24,089 - Perf_system - INFO -           Hyper-Threading, x86-64, MMX, Physical Address Ext, SYSENTER/SYSEXIT, SYSCALL/SYSRET, Intel virtualization
2016-08-04 15:16:24,089 - Perf_system - INFO -    15:07:15 up  7:14,  4 users,  load average: 6.73, 3.54, 2.52; runlevel 5
2016-08-04 15:16:24,089 - Perf_system - INFO - 
2016-08-04 15:16:24,089 - Perf_system - INFO - ------------------------------------------------------------------------
2016-08-04 15:16:24,089 - Perf_system - INFO - Benchmark Run: 四 8月 04 2016 15:07:15 - 15:16:24
2016-08-04 15:16:24,089 - Perf_system - INFO - 4 CPUs in system; running 1 parallel copy of tests
2016-08-04 15:16:24,090 - Perf_system - INFO - 
2016-08-04 15:16:24,090 - Perf_system - INFO - Dhrystone 2 using register variables       27051921.7 lps   (10.0 s, 2 samples)
2016-08-04 15:16:24,090 - Perf_system - INFO - Double-Precision Whetstone                     3574.8 MWIPS (9.6 s, 2 samples)
2016-08-04 15:16:24,090 - Perf_system - INFO - Execl Throughput                               4254.6 lps   (29.4 s, 1 samples)
2016-08-04 15:16:24,090 - Perf_system - INFO - File Copy 1024 bufsize 2000 maxblocks        920879.0 KBps  (30.0 s, 1 samples)
2016-08-04 15:16:24,090 - Perf_system - INFO - File Copy 256 bufsize 500 maxblocks          274211.0 KBps  (30.0 s, 1 samples)
2016-08-04 15:16:24,090 - Perf_system - INFO - File Copy 4096 bufsize 8000 maxblocks       2096733.0 KBps  (30.0 s, 1 samples)
2016-08-04 15:16:24,090 - Perf_system - INFO - Pipe Throughput                             2138809.5 lps   (10.0 s, 2 samples)
2016-08-04 15:16:24,090 - Perf_system - INFO - Pipe-based Context Switching                 222168.6 lps   (10.0 s, 2 samples)
2016-08-04 15:16:24,090 - Perf_system - INFO - Process Creation                              11414.1 lps   (30.0 s, 1 samples)
2016-08-04 15:16:24,090 - Perf_system - INFO - Shell Scripts (1 concurrent)                   4053.1 lpm   (60.0 s, 1 samples)
2016-08-04 15:16:24,090 - Perf_system - INFO - Shell Scripts (8 concurrent)                    995.2 lpm   (60.0 s, 1 samples)
2016-08-04 15:16:24,090 - Perf_system - INFO - System Call Overhead                        3223607.3 lps   (10.0 s, 2 samples)
2016-08-04 15:16:24,090 - Perf_system - INFO - 
2016-08-04 15:16:24,090 - Perf_system - INFO - System Benchmarks Index Values               BASELINE       RESULT    INDEX
2016-08-04 15:16:24,091 - Perf_system - INFO - Dhrystone 2 using register variables         116700.0   27051921.7   2318.1
2016-08-04 15:16:24,091 - Perf_system - INFO - Double-Precision Whetstone                       55.0       3574.8    650.0
2016-08-04 15:16:24,091 - Perf_system - INFO - Execl Throughput                                 43.0       4254.6    989.4
2016-08-04 15:16:24,091 - Perf_system - INFO - File Copy 1024 bufsize 2000 maxblocks          3960.0     920879.0   2325.5
2016-08-04 15:16:24,091 - Perf_system - INFO - File Copy 256 bufsize 500 maxblocks            1655.0     274211.0   1656.9
2016-08-04 15:16:24,091 - Perf_system - INFO - File Copy 4096 bufsize 8000 maxblocks          5800.0    2096733.0   3615.1
2016-08-04 15:16:24,091 - Perf_system - INFO - Pipe Throughput                               12440.0    2138809.5   1719.3
2016-08-04 15:16:24,091 - Perf_system - INFO - Pipe-based Context Switching                   4000.0     222168.6    555.4
2016-08-04 15:16:24,091 - Perf_system - INFO - Process Creation                                126.0      11414.1    905.9
2016-08-04 15:16:24,091 - Perf_system - INFO - Shell Scripts (1 concurrent)                     42.4       4053.1    955.9
2016-08-04 15:16:24,091 - Perf_system - INFO - Shell Scripts (8 concurrent)                      6.0        995.2   1658.7
2016-08-04 15:16:24,091 - Perf_system - INFO - System Call Overhead                          15000.0    3223607.3   2149.1
2016-08-04 15:16:24,091 - Perf_system - INFO -                                                                    ========
2016-08-04 15:16:24,091 - Perf_system - INFO - System Benchmarks Index Score                                        1409.0
2016-08-04 15:16:24,091 - Perf_system - INFO - 
2016-08-04 15:16:24,092 - Perf_system - INFO - *********************************************************************
2016-08-04 15:16:24,092 - Perf_system - INFO - Threads_1: 1409.0
2016-08-04 15:16:24,092 - Perf_system - INFO - *********************************************************************
2016-08-04 15:25:29,722 - Perf_system - INFO - make all
2016-08-04 15:25:29,722 - Perf_system - INFO - make[1]: Entering directory '/home/isoft_lp/Github/Lpbs-i/tmp/Perf_system'
2016-08-04 15:25:29,722 - Perf_system - INFO - Checking distribution of files
2016-08-04 15:25:29,722 - Perf_system - INFO - ./pgms  exists
2016-08-04 15:25:29,722 - Perf_system - INFO - ./src  exists
2016-08-04 15:25:29,722 - Perf_system - INFO - ./testdir  exists
2016-08-04 15:25:29,722 - Perf_system - INFO - ./tmp  exists
2016-08-04 15:25:29,723 - Perf_system - INFO - ./results  exists
2016-08-04 15:25:29,723 - Perf_system - INFO - make[1]: Leaving directory '/home/isoft_lp/Github/Lpbs-i/tmp/Perf_system'
2016-08-04 15:25:29,723 - Perf_system - INFO - 
2016-08-04 15:25:29,723 - Perf_system - INFO -    #    #  #    #  #  #    #          #####   ######  #    #   ####   #    #
2016-08-04 15:25:29,723 - Perf_system - INFO -    #    #  ##   #  #   #  #           #    #  #       ##   #  #    #  #    #
2016-08-04 15:25:29,723 - Perf_system - INFO -    #    #  # #  #  #    ##            #####   #####   # #  #  #       ######
2016-08-04 15:25:29,723 - Perf_system - INFO -    #    #  #  # #  #    ##            #    #  #       #  # #  #       #    #
2016-08-04 15:25:29,723 - Perf_system - INFO -    #    #  #   ##  #   #  #           #    #  #       #   ##  #    #  #    #
2016-08-04 15:25:29,723 - Perf_system - INFO -     ####   #    #  #  #    #          #####   ######  #    #   ####   #    #
2016-08-04 15:25:29,723 - Perf_system - INFO - 
2016-08-04 15:25:29,723 - Perf_system - INFO -    Version 5.1.2                      Based on the Byte Magazine Unix Benchmark
2016-08-04 15:25:29,723 - Perf_system - INFO - 
2016-08-04 15:25:29,723 - Perf_system - INFO -    Multi-CPU version                  Version 5 revisions by Ian Smith,
2016-08-04 15:25:29,723 - Perf_system - INFO -                                       Sunnyvale, CA, USA
2016-08-04 15:25:29,724 - Perf_system - INFO -    December 22, 2007                  johantheghost at yahoo period com
2016-08-04 15:25:29,724 - Perf_system - INFO - 
2016-08-04 15:25:29,724 - Perf_system - INFO - 
2016-08-04 15:25:29,724 - Perf_system - INFO - 1 x Dhrystone 2 using register variables  1 2 3
2016-08-04 15:25:29,724 - Perf_system - INFO - 
2016-08-04 15:25:29,724 - Perf_system - INFO - 1 x Double-Precision Whetstone  1 2 3
2016-08-04 15:25:29,724 - Perf_system - INFO - 
2016-08-04 15:25:29,724 - Perf_system - INFO - 1 x Execl Throughput  1
2016-08-04 15:25:29,724 - Perf_system - INFO - 
2016-08-04 15:25:29,724 - Perf_system - INFO - 1 x File Copy 1024 bufsize 2000 maxblocks  1
2016-08-04 15:25:29,724 - Perf_system - INFO - 
2016-08-04 15:25:29,724 - Perf_system - INFO - 1 x File Copy 256 bufsize 500 maxblocks  1
2016-08-04 15:25:29,724 - Perf_system - INFO - 
2016-08-04 15:25:29,724 - Perf_system - INFO - 1 x File Copy 4096 bufsize 8000 maxblocks  1
2016-08-04 15:25:29,725 - Perf_system - INFO - 
2016-08-04 15:25:29,725 - Perf_system - INFO - 1 x Pipe Throughput  1 2 3
2016-08-04 15:25:29,725 - Perf_system - INFO - 
2016-08-04 15:25:29,725 - Perf_system - INFO - 1 x Pipe-based Context Switching  1 2 3
2016-08-04 15:25:29,725 - Perf_system - INFO - 
2016-08-04 15:25:29,725 - Perf_system - INFO - 1 x Process Creation  1
2016-08-04 15:25:29,725 - Perf_system - INFO - 
2016-08-04 15:25:29,725 - Perf_system - INFO - 1 x System Call Overhead  1 2 3
2016-08-04 15:25:29,725 - Perf_system - INFO - 
2016-08-04 15:25:29,725 - Perf_system - INFO - 1 x Shell Scripts (1 concurrent)  1
2016-08-04 15:25:29,725 - Perf_system - INFO - 
2016-08-04 15:25:29,725 - Perf_system - INFO - 1 x Shell Scripts (8 concurrent)  1
2016-08-04 15:25:29,725 - Perf_system - INFO - 
2016-08-04 15:25:29,725 - Perf_system - INFO - ========================================================================
2016-08-04 15:25:29,725 - Perf_system - INFO -    BYTE UNIX Benchmarks (Version 5.1.2)
2016-08-04 15:25:29,726 - Perf_system - INFO - 
2016-08-04 15:25:29,726 - Perf_system - INFO -    System: isoft_lp: GNU/Linux
2016-08-04 15:25:29,726 - Perf_system - INFO -    OS: GNU/Linux -- 4.4.1-1 -- #1 SMP Tue Feb 2 14:09:15 CST 2016
2016-08-04 15:25:29,726 - Perf_system - INFO -    Machine: x86_64 (unknown)
2016-08-04 15:25:29,726 - Perf_system - INFO -    Language: en_US.utf8 (charmap="UTF-8", collate="UTF-8")
2016-08-04 15:25:29,726 - Perf_system - INFO -    CPU 0: Intel(R) Core(TM) i5-4200U CPU @ 1.60GHz (4589.8 bogomips)
2016-08-04 15:25:29,726 - Perf_system - INFO -           Hyper-Threading, x86-64, MMX, Physical Address Ext, SYSENTER/SYSEXIT, SYSCALL/SYSRET, Intel virtualization
2016-08-04 15:25:29,726 - Perf_system - INFO -    CPU 1: Intel(R) Core(TM) i5-4200U CPU @ 1.60GHz (4589.8 bogomips)
2016-08-04 15:25:29,726 - Perf_system - INFO -           Hyper-Threading, x86-64, MMX, Physical Address Ext, SYSENTER/SYSEXIT, SYSCALL/SYSRET, Intel virtualization
2016-08-04 15:25:29,726 - Perf_system - INFO -    CPU 2: Intel(R) Core(TM) i5-4200U CPU @ 1.60GHz (4589.8 bogomips)
2016-08-04 15:25:29,726 - Perf_system - INFO -           Hyper-Threading, x86-64, MMX, Physical Address Ext, SYSENTER/SYSEXIT, SYSCALL/SYSRET, Intel virtualization
2016-08-04 15:25:29,726 - Perf_system - INFO -    CPU 3: Intel(R) Core(TM) i5-4200U CPU @ 1.60GHz (4589.8 bogomips)
2016-08-04 15:25:29,726 - Perf_system - INFO -           Hyper-Threading, x86-64, MMX, Physical Address Ext, SYSENTER/SYSEXIT, SYSCALL/SYSRET, Intel virtualization
2016-08-04 15:25:29,726 - Perf_system - INFO -    15:16:24 up  7:23,  4 users,  load average: 7.50, 4.08, 2.96; runlevel 5
2016-08-04 15:25:29,726 - Perf_system - INFO - 
2016-08-04 15:25:29,727 - Perf_system - INFO - ------------------------------------------------------------------------
2016-08-04 15:25:29,727 - Perf_system - INFO - Benchmark Run: 四 8月 04 2016 15:16:24 - 15:25:29
2016-08-04 15:25:29,727 - Perf_system - INFO - 4 CPUs in system; running 1 parallel copy of tests
2016-08-04 15:25:29,727 - Perf_system - INFO - 
2016-08-04 15:25:29,727 - Perf_system - INFO - Dhrystone 2 using register variables       27357762.4 lps   (10.0 s, 2 samples)
2016-08-04 15:25:29,727 - Perf_system - INFO - Double-Precision Whetstone                     3669.6 MWIPS (9.5 s, 2 samples)
2016-08-04 15:25:29,727 - Perf_system - INFO - Execl Throughput                               4351.9 lps   (29.8 s, 1 samples)
2016-08-04 15:25:29,727 - Perf_system - INFO - File Copy 1024 bufsize 2000 maxblocks       1001925.0 KBps  (30.0 s, 1 samples)
2016-08-04 15:25:29,727 - Perf_system - INFO - File Copy 256 bufsize 500 maxblocks          275157.0 KBps  (30.0 s, 1 samples)
2016-08-04 15:25:29,727 - Perf_system - INFO - File Copy 4096 bufsize 8000 maxblocks       2242986.0 KBps  (30.0 s, 1 samples)
2016-08-04 15:25:29,727 - Perf_system - INFO - Pipe Throughput                             2324078.8 lps   (10.0 s, 2 samples)
2016-08-04 15:25:29,727 - Perf_system - INFO - Pipe-based Context Switching                 212934.7 lps   (10.0 s, 2 samples)
2016-08-04 15:25:29,727 - Perf_system - INFO - Process Creation                              13166.1 lps   (30.0 s, 1 samples)
2016-08-04 15:25:29,727 - Perf_system - INFO - Shell Scripts (1 concurrent)                   4244.8 lpm   (60.0 s, 1 samples)
2016-08-04 15:25:29,727 - Perf_system - INFO - Shell Scripts (8 concurrent)                   1069.3 lpm   (60.0 s, 1 samples)
2016-08-04 15:25:29,728 - Perf_system - INFO - System Call Overhead                        3400383.1 lps   (10.0 s, 2 samples)
2016-08-04 15:25:29,728 - Perf_system - INFO - 
2016-08-04 15:25:29,728 - Perf_system - INFO - System Benchmarks Index Values               BASELINE       RESULT    INDEX
2016-08-04 15:25:29,728 - Perf_system - INFO - Dhrystone 2 using register variables         116700.0   27357762.4   2344.3
2016-08-04 15:25:29,728 - Perf_system - INFO - Double-Precision Whetstone                       55.0       3669.6    667.2
2016-08-04 15:25:29,728 - Perf_system - INFO - Execl Throughput                                 43.0       4351.9   1012.1
2016-08-04 15:25:29,728 - Perf_system - INFO - File Copy 1024 bufsize 2000 maxblocks          3960.0    1001925.0   2530.1
2016-08-04 15:25:29,728 - Perf_system - INFO - File Copy 256 bufsize 500 maxblocks            1655.0     275157.0   1662.6
2016-08-04 15:25:29,728 - Perf_system - INFO - File Copy 4096 bufsize 8000 maxblocks          5800.0    2242986.0   3867.2
2016-08-04 15:25:29,728 - Perf_system - INFO - Pipe Throughput                               12440.0    2324078.8   1868.2
2016-08-04 15:25:29,728 - Perf_system - INFO - Pipe-based Context Switching                   4000.0     212934.7    532.3
2016-08-04 15:25:29,728 - Perf_system - INFO - Process Creation                                126.0      13166.1   1044.9
2016-08-04 15:25:29,728 - Perf_system - INFO - Shell Scripts (1 concurrent)                     42.4       4244.8   1001.1
2016-08-04 15:25:29,728 - Perf_system - INFO - Shell Scripts (8 concurrent)                      6.0       1069.3   1782.1
2016-08-04 15:25:29,728 - Perf_system - INFO - System Call Overhead                          15000.0    3400383.1   2266.9
2016-08-04 15:25:29,729 - Perf_system - INFO -                                                                    ========
2016-08-04 15:25:29,729 - Perf_system - INFO - System Benchmarks Index Score                                        1477.5
2016-08-04 15:25:29,729 - Perf_system - INFO - 
2016-08-04 15:25:29,729 - Perf_system - INFO - *********************************************************************
2016-08-04 15:25:29,729 - Perf_system - INFO - Threads_1: 1477.5
2016-08-04 15:25:29,729 - Perf_system - INFO - *********************************************************************
2016-08-04 15:25:29,729 - Perf_system - INFO - /home/isoft_lp/Github/Lpbs-i/tmp/Perf_system/unixbench 4
2016-08-04 15:34:38,952 - Perf_system - INFO - make all
2016-08-04 15:34:38,952 - Perf_system - INFO - make[1]: Entering directory '/home/isoft_lp/Github/Lpbs-i/tmp/Perf_system'
2016-08-04 15:34:38,952 - Perf_system - INFO - Checking distribution of files
2016-08-04 15:34:38,953 - Perf_system - INFO - ./pgms  exists
2016-08-04 15:34:38,953 - Perf_system - INFO - ./src  exists
2016-08-04 15:34:38,953 - Perf_system - INFO - ./testdir  exists
2016-08-04 15:34:38,953 - Perf_system - INFO - ./tmp  exists
2016-08-04 15:34:38,953 - Perf_system - INFO - ./results  exists
2016-08-04 15:34:38,953 - Perf_system - INFO - make[1]: Leaving directory '/home/isoft_lp/Github/Lpbs-i/tmp/Perf_system'
2016-08-04 15:34:38,953 - Perf_system - INFO - 
2016-08-04 15:34:38,953 - Perf_system - INFO -    #    #  #    #  #  #    #          #####   ######  #    #   ####   #    #
2016-08-04 15:34:38,953 - Perf_system - INFO -    #    #  ##   #  #   #  #           #    #  #       ##   #  #    #  #    #
2016-08-04 15:34:38,953 - Perf_system - INFO -    #    #  # #  #  #    ##            #####   #####   # #  #  #       ######
2016-08-04 15:34:38,953 - Perf_system - INFO -    #    #  #  # #  #    ##            #    #  #       #  # #  #       #    #
2016-08-04 15:34:38,953 - Perf_system - INFO -    #    #  #   ##  #   #  #           #    #  #       #   ##  #    #  #    #
2016-08-04 15:34:38,953 - Perf_system - INFO -     ####   #    #  #  #    #          #####   ######  #    #   ####   #    #
2016-08-04 15:34:38,953 - Perf_system - INFO - 
2016-08-04 15:34:38,954 - Perf_system - INFO -    Version 5.1.2                      Based on the Byte Magazine Unix Benchmark
2016-08-04 15:34:38,954 - Perf_system - INFO - 
2016-08-04 15:34:38,954 - Perf_system - INFO -    Multi-CPU version                  Version 5 revisions by Ian Smith,
2016-08-04 15:34:38,954 - Perf_system - INFO -                                       Sunnyvale, CA, USA
2016-08-04 15:34:38,954 - Perf_system - INFO -    December 22, 2007                  johantheghost at yahoo period com
2016-08-04 15:34:38,954 - Perf_system - INFO - 
2016-08-04 15:34:38,954 - Perf_system - INFO - 
2016-08-04 15:34:38,954 - Perf_system - INFO - 4 x Dhrystone 2 using register variables  1 2 3
2016-08-04 15:34:38,954 - Perf_system - INFO - 
2016-08-04 15:34:38,954 - Perf_system - INFO - 4 x Double-Precision Whetstone  1 2 3
2016-08-04 15:34:38,954 - Perf_system - INFO - 
2016-08-04 15:34:38,954 - Perf_system - INFO - 4 x Execl Throughput  1
2016-08-04 15:34:38,954 - Perf_system - INFO - 
2016-08-04 15:34:38,954 - Perf_system - INFO - 4 x File Copy 1024 bufsize 2000 maxblocks  1
2016-08-04 15:34:38,954 - Perf_system - INFO - 
2016-08-04 15:34:38,955 - Perf_system - INFO - 4 x File Copy 256 bufsize 500 maxblocks  1
2016-08-04 15:34:38,955 - Perf_system - INFO - 
2016-08-04 15:34:38,955 - Perf_system - INFO - 4 x File Copy 4096 bufsize 8000 maxblocks  1
2016-08-04 15:34:38,955 - Perf_system - INFO - 
2016-08-04 15:34:38,955 - Perf_system - INFO - 4 x Pipe Throughput  1 2 3
2016-08-04 15:34:38,955 - Perf_system - INFO - 
2016-08-04 15:34:38,955 - Perf_system - INFO - 4 x Pipe-based Context Switching  1 2 3
2016-08-04 15:34:38,955 - Perf_system - INFO - 
2016-08-04 15:34:38,955 - Perf_system - INFO - 4 x Process Creation  1
2016-08-04 15:34:38,955 - Perf_system - INFO - 
2016-08-04 15:34:38,955 - Perf_system - INFO - 4 x System Call Overhead  1 2 3
2016-08-04 15:34:38,955 - Perf_system - INFO - 
2016-08-04 15:34:38,955 - Perf_system - INFO - 4 x Shell Scripts (1 concurrent)  1
2016-08-04 15:34:38,955 - Perf_system - INFO - 
2016-08-04 15:34:38,955 - Perf_system - INFO - 4 x Shell Scripts (8 concurrent)  1
2016-08-04 15:34:38,956 - Perf_system - INFO - 
2016-08-04 15:34:38,956 - Perf_system - INFO - ========================================================================
2016-08-04 15:34:38,956 - Perf_system - INFO -    BYTE UNIX Benchmarks (Version 5.1.2)
2016-08-04 15:34:38,956 - Perf_system - INFO - 
2016-08-04 15:34:38,956 - Perf_system - INFO -    System: isoft_lp: GNU/Linux
2016-08-04 15:34:38,956 - Perf_system - INFO -    OS: GNU/Linux -- 4.4.1-1 -- #1 SMP Tue Feb 2 14:09:15 CST 2016
2016-08-04 15:34:38,956 - Perf_system - INFO -    Machine: x86_64 (unknown)
2016-08-04 15:34:38,956 - Perf_system - INFO -    Language: en_US.utf8 (charmap="UTF-8", collate="UTF-8")
2016-08-04 15:34:38,956 - Perf_system - INFO -    CPU 0: Intel(R) Core(TM) i5-4200U CPU @ 1.60GHz (4589.8 bogomips)
2016-08-04 15:34:38,956 - Perf_system - INFO -           Hyper-Threading, x86-64, MMX, Physical Address Ext, SYSENTER/SYSEXIT, SYSCALL/SYSRET, Intel virtualization
2016-08-04 15:34:38,956 - Perf_system - INFO -    CPU 1: Intel(R) Core(TM) i5-4200U CPU @ 1.60GHz (4589.8 bogomips)
2016-08-04 15:34:38,956 - Perf_system - INFO -           Hyper-Threading, x86-64, MMX, Physical Address Ext, SYSENTER/SYSEXIT, SYSCALL/SYSRET, Intel virtualization
2016-08-04 15:34:38,956 - Perf_system - INFO -    CPU 2: Intel(R) Core(TM) i5-4200U CPU @ 1.60GHz (4589.8 bogomips)
2016-08-04 15:34:38,956 - Perf_system - INFO -           Hyper-Threading, x86-64, MMX, Physical Address Ext, SYSENTER/SYSEXIT, SYSCALL/SYSRET, Intel virtualization
2016-08-04 15:34:38,957 - Perf_system - INFO -    CPU 3: Intel(R) Core(TM) i5-4200U CPU @ 1.60GHz (4589.8 bogomips)
2016-08-04 15:34:38,957 - Perf_system - INFO -           Hyper-Threading, x86-64, MMX, Physical Address Ext, SYSENTER/SYSEXIT, SYSCALL/SYSRET, Intel virtualization
2016-08-04 15:34:38,957 - Perf_system - INFO -    15:25:29 up  7:32,  4 users,  load average: 8.61, 4.13, 3.14; runlevel 5
2016-08-04 15:34:38,957 - Perf_system - INFO - 
2016-08-04 15:34:38,957 - Perf_system - INFO - ------------------------------------------------------------------------
2016-08-04 15:34:38,957 - Perf_system - INFO - Benchmark Run: 四 8月 04 2016 15:25:29 - 15:34:38
2016-08-04 15:34:38,957 - Perf_system - INFO - 4 CPUs in system; running 4 parallel copies of tests
2016-08-04 15:34:38,957 - Perf_system - INFO - 
2016-08-04 15:34:38,957 - Perf_system - INFO - Dhrystone 2 using register variables       59057263.7 lps   (10.0 s, 2 samples)
2016-08-04 15:34:38,957 - Perf_system - INFO - Double-Precision Whetstone                    11749.8 MWIPS (10.0 s, 2 samples)
2016-08-04 15:34:38,957 - Perf_system - INFO - Execl Throughput                              11836.2 lps   (29.0 s, 1 samples)
2016-08-04 15:34:38,957 - Perf_system - INFO - File Copy 1024 bufsize 2000 maxblocks        831612.0 KBps  (30.0 s, 1 samples)
2016-08-04 15:34:38,957 - Perf_system - INFO - File Copy 256 bufsize 500 maxblocks          224117.0 KBps  (30.0 s, 1 samples)
2016-08-04 15:34:38,957 - Perf_system - INFO - File Copy 4096 bufsize 8000 maxblocks       2386953.0 KBps  (30.0 s, 1 samples)
2016-08-04 15:34:38,957 - Perf_system - INFO - Pipe Throughput                             4567798.6 lps   (10.0 s, 2 samples)
2016-08-04 15:34:38,958 - Perf_system - INFO - Pipe-based Context Switching                 501800.4 lps   (10.0 s, 2 samples)
2016-08-04 15:34:38,958 - Perf_system - INFO - Process Creation                              27058.5 lps   (30.0 s, 1 samples)
2016-08-04 15:34:38,958 - Perf_system - INFO - Shell Scripts (1 concurrent)                   8100.2 lpm   (60.0 s, 1 samples)
2016-08-04 15:34:38,958 - Perf_system - INFO - Shell Scripts (8 concurrent)                   1148.6 lpm   (60.1 s, 1 samples)
2016-08-04 15:34:38,958 - Perf_system - INFO - System Call Overhead                        6883110.5 lps   (10.0 s, 2 samples)
2016-08-04 15:34:38,958 - Perf_system - INFO - 
2016-08-04 15:34:38,958 - Perf_system - INFO - System Benchmarks Index Values               BASELINE       RESULT    INDEX
2016-08-04 15:34:38,958 - Perf_system - INFO - Dhrystone 2 using register variables         116700.0   59057263.7   5060.6
2016-08-04 15:34:38,958 - Perf_system - INFO - Double-Precision Whetstone                       55.0      11749.8   2136.3
2016-08-04 15:34:38,958 - Perf_system - INFO - Execl Throughput                                 43.0      11836.2   2752.6
2016-08-04 15:34:38,958 - Perf_system - INFO - File Copy 1024 bufsize 2000 maxblocks          3960.0     831612.0   2100.0
2016-08-04 15:34:38,958 - Perf_system - INFO - File Copy 256 bufsize 500 maxblocks            1655.0     224117.0   1354.2
2016-08-04 15:34:38,958 - Perf_system - INFO - File Copy 4096 bufsize 8000 maxblocks          5800.0    2386953.0   4115.4
2016-08-04 15:34:38,958 - Perf_system - INFO - Pipe Throughput                               12440.0    4567798.6   3671.9
2016-08-04 15:34:38,958 - Perf_system - INFO - Pipe-based Context Switching                   4000.0     501800.4   1254.5
2016-08-04 15:34:38,959 - Perf_system - INFO - Process Creation                                126.0      27058.5   2147.5
2016-08-04 15:34:38,959 - Perf_system - INFO - Shell Scripts (1 concurrent)                     42.4       8100.2   1910.4
2016-08-04 15:34:38,959 - Perf_system - INFO - Shell Scripts (8 concurrent)                      6.0       1148.6   1914.4
2016-08-04 15:34:38,959 - Perf_system - INFO - System Call Overhead                          15000.0    6883110.5   4588.7
2016-08-04 15:34:38,959 - Perf_system - INFO -                                                                    ========
2016-08-04 15:34:38,959 - Perf_system - INFO - System Benchmarks Index Score                                        2493.7
2016-08-04 15:34:38,959 - Perf_system - INFO - 
2016-08-04 15:34:38,959 - Perf_system - INFO - *********************************************************************
2016-08-04 15:34:38,959 - Perf_system - INFO - Threads_4: 2493.7
2016-08-04 15:34:38,959 - Perf_system - INFO - *********************************************************************
2016-08-04 15:43:51,031 - Perf_system - INFO - make all
2016-08-04 15:43:51,031 - Perf_system - INFO - make[1]: Entering directory '/home/isoft_lp/Github/Lpbs-i/tmp/Perf_system'
2016-08-04 15:43:51,031 - Perf_system - INFO - Checking distribution of files
2016-08-04 15:43:51,031 - Perf_system - INFO - ./pgms  exists
2016-08-04 15:43:51,031 - Perf_system - INFO - ./src  exists
2016-08-04 15:43:51,031 - Perf_system - INFO - ./testdir  exists
2016-08-04 15:43:51,031 - Perf_system - INFO - ./tmp  exists
2016-08-04 15:43:51,032 - Perf_system - INFO - ./results  exists
2016-08-04 15:43:51,032 - Perf_system - INFO - make[1]: Leaving directory '/home/isoft_lp/Github/Lpbs-i/tmp/Perf_system'
2016-08-04 15:43:51,032 - Perf_system - INFO - 
2016-08-04 15:43:51,032 - Perf_system - INFO -    #    #  #    #  #  #    #          #####   ######  #    #   ####   #    #
2016-08-04 15:43:51,032 - Perf_system - INFO -    #    #  ##   #  #   #  #           #    #  #       ##   #  #    #  #    #
2016-08-04 15:43:51,032 - Perf_system - INFO -    #    #  # #  #  #    ##            #####   #####   # #  #  #       ######
2016-08-04 15:43:51,032 - Perf_system - INFO -    #    #  #  # #  #    ##            #    #  #       #  # #  #       #    #
2016-08-04 15:43:51,032 - Perf_system - INFO -    #    #  #   ##  #   #  #           #    #  #       #   ##  #    #  #    #
2016-08-04 15:43:51,032 - Perf_system - INFO -     ####   #    #  #  #    #          #####   ######  #    #   ####   #    #
2016-08-04 15:43:51,032 - Perf_system - INFO - 
2016-08-04 15:43:51,032 - Perf_system - INFO -    Version 5.1.2                      Based on the Byte Magazine Unix Benchmark
2016-08-04 15:43:51,032 - Perf_system - INFO - 
2016-08-04 15:43:51,033 - Perf_system - INFO -    Multi-CPU version                  Version 5 revisions by Ian Smith,
2016-08-04 15:43:51,033 - Perf_system - INFO -                                       Sunnyvale, CA, USA
2016-08-04 15:43:51,033 - Perf_system - INFO -    December 22, 2007                  johantheghost at yahoo period com
2016-08-04 15:43:51,033 - Perf_system - INFO - 
2016-08-04 15:43:51,033 - Perf_system - INFO - 
2016-08-04 15:43:51,033 - Perf_system - INFO - 4 x Dhrystone 2 using register variables  1 2 3
2016-08-04 15:43:51,033 - Perf_system - INFO - 
2016-08-04 15:43:51,033 - Perf_system - INFO - 4 x Double-Precision Whetstone  1 2 3
2016-08-04 15:43:51,033 - Perf_system - INFO - 
2016-08-04 15:43:51,033 - Perf_system - INFO - 4 x Execl Throughput  1
2016-08-04 15:43:51,033 - Perf_system - INFO - 
2016-08-04 15:43:51,034 - Perf_system - INFO - 4 x File Copy 1024 bufsize 2000 maxblocks  1
2016-08-04 15:43:51,034 - Perf_system - INFO - 
2016-08-04 15:43:51,034 - Perf_system - INFO - 4 x File Copy 256 bufsize 500 maxblocks  1
2016-08-04 15:43:51,034 - Perf_system - INFO - 
2016-08-04 15:43:51,034 - Perf_system - INFO - 4 x File Copy 4096 bufsize 8000 maxblocks  1
2016-08-04 15:43:51,034 - Perf_system - INFO - 
2016-08-04 15:43:51,034 - Perf_system - INFO - 4 x Pipe Throughput  1 2 3
2016-08-04 15:43:51,034 - Perf_system - INFO - 
2016-08-04 15:43:51,034 - Perf_system - INFO - 4 x Pipe-based Context Switching  1 2 3
2016-08-04 15:43:51,034 - Perf_system - INFO - 
2016-08-04 15:43:51,034 - Perf_system - INFO - 4 x Process Creation  1
2016-08-04 15:43:51,035 - Perf_system - INFO - 
2016-08-04 15:43:51,035 - Perf_system - INFO - 4 x System Call Overhead  1 2 3
2016-08-04 15:43:51,035 - Perf_system - INFO - 
2016-08-04 15:43:51,035 - Perf_system - INFO - 4 x Shell Scripts (1 concurrent)  1
2016-08-04 15:43:51,035 - Perf_system - INFO - 
2016-08-04 15:43:51,035 - Perf_system - INFO - 4 x Shell Scripts (8 concurrent)  1
2016-08-04 15:43:51,035 - Perf_system - INFO - 
2016-08-04 15:43:51,035 - Perf_system - INFO - ========================================================================
2016-08-04 15:43:51,036 - Perf_system - INFO -    BYTE UNIX Benchmarks (Version 5.1.2)
2016-08-04 15:43:51,036 - Perf_system - INFO - 
2016-08-04 15:43:51,036 - Perf_system - INFO -    System: isoft_lp: GNU/Linux
2016-08-04 15:43:51,036 - Perf_system - INFO -    OS: GNU/Linux -- 4.4.1-1 -- #1 SMP Tue Feb 2 14:09:15 CST 2016
2016-08-04 15:43:51,036 - Perf_system - INFO -    Machine: x86_64 (unknown)
2016-08-04 15:43:51,036 - Perf_system - INFO -    Language: en_US.utf8 (charmap="UTF-8", collate="UTF-8")
2016-08-04 15:43:51,036 - Perf_system - INFO -    CPU 0: Intel(R) Core(TM) i5-4200U CPU @ 1.60GHz (4589.8 bogomips)
2016-08-04 15:43:51,036 - Perf_system - INFO -           Hyper-Threading, x86-64, MMX, Physical Address Ext, SYSENTER/SYSEXIT, SYSCALL/SYSRET, Intel virtualization
2016-08-04 15:43:51,036 - Perf_system - INFO -    CPU 1: Intel(R) Core(TM) i5-4200U CPU @ 1.60GHz (4589.8 bogomips)
2016-08-04 15:43:51,037 - Perf_system - INFO -           Hyper-Threading, x86-64, MMX, Physical Address Ext, SYSENTER/SYSEXIT, SYSCALL/SYSRET, Intel virtualization
2016-08-04 15:43:51,037 - Perf_system - INFO -    CPU 2: Intel(R) Core(TM) i5-4200U CPU @ 1.60GHz (4589.8 bogomips)
2016-08-04 15:43:51,037 - Perf_system - INFO -           Hyper-Threading, x86-64, MMX, Physical Address Ext, SYSENTER/SYSEXIT, SYSCALL/SYSRET, Intel virtualization
2016-08-04 15:43:51,037 - Perf_system - INFO -    CPU 3: Intel(R) Core(TM) i5-4200U CPU @ 1.60GHz (4589.8 bogomips)
2016-08-04 15:43:51,037 - Perf_system - INFO -           Hyper-Threading, x86-64, MMX, Physical Address Ext, SYSENTER/SYSEXIT, SYSCALL/SYSRET, Intel virtualization
2016-08-04 15:43:51,037 - Perf_system - INFO -    15:34:39 up  7:41,  4 users,  load average: 20.95, 9.26, 5.38; runlevel 5
2016-08-04 15:43:51,037 - Perf_system - INFO - 
2016-08-04 15:43:51,037 - Perf_system - INFO - ------------------------------------------------------------------------
2016-08-04 15:43:51,037 - Perf_system - INFO - Benchmark Run: 四 8月 04 2016 15:34:39 - 15:43:51
2016-08-04 15:43:51,037 - Perf_system - INFO - 4 CPUs in system; running 4 parallel copies of tests
2016-08-04 15:43:51,037 - Perf_system - INFO - 
2016-08-04 15:43:51,038 - Perf_system - INFO - Dhrystone 2 using register variables       60592443.8 lps   (10.0 s, 2 samples)
2016-08-04 15:43:51,038 - Perf_system - INFO - Double-Precision Whetstone                    11753.5 MWIPS (10.0 s, 2 samples)
2016-08-04 15:43:51,038 - Perf_system - INFO - Execl Throughput                              12088.6 lps   (29.3 s, 1 samples)
2016-08-04 15:43:51,038 - Perf_system - INFO - File Copy 1024 bufsize 2000 maxblocks        845306.0 KBps  (30.0 s, 1 samples)
2016-08-04 15:43:51,038 - Perf_system - INFO - File Copy 256 bufsize 500 maxblocks          230630.0 KBps  (30.0 s, 1 samples)
2016-08-04 15:43:51,038 - Perf_system - INFO - File Copy 4096 bufsize 8000 maxblocks       2344779.0 KBps  (30.0 s, 1 samples)
2016-08-04 15:43:51,038 - Perf_system - INFO - Pipe Throughput                             4518622.2 lps   (10.0 s, 2 samples)
2016-08-04 15:43:51,038 - Perf_system - INFO - Pipe-based Context Switching                 521994.0 lps   (10.0 s, 2 samples)
2016-08-04 15:43:51,038 - Perf_system - INFO - Process Creation                              26940.3 lps   (30.0 s, 1 samples)
2016-08-04 15:43:51,038 - Perf_system - INFO - Shell Scripts (1 concurrent)                   7931.4 lpm   (60.0 s, 1 samples)
2016-08-04 15:43:51,038 - Perf_system - INFO - Shell Scripts (8 concurrent)                   1156.3 lpm   (60.1 s, 1 samples)
2016-08-04 15:43:51,039 - Perf_system - INFO - System Call Overhead                        6782643.0 lps   (10.0 s, 2 samples)
2016-08-04 15:43:51,039 - Perf_system - INFO - 
2016-08-04 15:43:51,039 - Perf_system - INFO - System Benchmarks Index Values               BASELINE       RESULT    INDEX
2016-08-04 15:43:51,039 - Perf_system - INFO - Dhrystone 2 using register variables         116700.0   60592443.8   5192.2
2016-08-04 15:43:51,039 - Perf_system - INFO - Double-Precision Whetstone                       55.0      11753.5   2137.0
2016-08-04 15:43:51,039 - Perf_system - INFO - Execl Throughput                                 43.0      12088.6   2811.3
2016-08-04 15:43:51,039 - Perf_system - INFO - File Copy 1024 bufsize 2000 maxblocks          3960.0     845306.0   2134.6
2016-08-04 15:43:51,039 - Perf_system - INFO - File Copy 256 bufsize 500 maxblocks            1655.0     230630.0   1393.5
2016-08-04 15:43:51,039 - Perf_system - INFO - File Copy 4096 bufsize 8000 maxblocks          5800.0    2344779.0   4042.7
2016-08-04 15:43:51,039 - Perf_system - INFO - Pipe Throughput                               12440.0    4518622.2   3632.3
2016-08-04 15:43:51,039 - Perf_system - INFO - Pipe-based Context Switching                   4000.0     521994.0   1305.0
2016-08-04 15:43:51,040 - Perf_system - INFO - Process Creation                                126.0      26940.3   2138.1
2016-08-04 15:43:51,040 - Perf_system - INFO - Shell Scripts (1 concurrent)                     42.4       7931.4   1870.6
2016-08-04 15:43:51,040 - Perf_system - INFO - Shell Scripts (8 concurrent)                      6.0       1156.3   1927.1
2016-08-04 15:43:51,040 - Perf_system - INFO - System Call Overhead                          15000.0    6782643.0   4521.8
2016-08-04 15:43:51,040 - Perf_system - INFO -                                                                    ========
2016-08-04 15:43:51,040 - Perf_system - INFO - System Benchmarks Index Score                                        2508.1
2016-08-04 15:43:51,040 - Perf_system - INFO - 
2016-08-04 15:43:51,040 - Perf_system - INFO - *********************************************************************
2016-08-04 15:43:51,040 - Perf_system - INFO - Threads_4: 2508.1
2016-08-04 15:43:51,040 - Perf_system - INFO - *********************************************************************
2016-08-04 15:53:01,606 - Perf_system - INFO - make all
2016-08-04 15:53:01,607 - Perf_system - INFO - make[1]: Entering directory '/home/isoft_lp/Github/Lpbs-i/tmp/Perf_system'
2016-08-04 15:53:01,607 - Perf_system - INFO - Checking distribution of files
2016-08-04 15:53:01,607 - Perf_system - INFO - ./pgms  exists
2016-08-04 15:53:01,607 - Perf_system - INFO - ./src  exists
2016-08-04 15:53:01,607 - Perf_system - INFO - ./testdir  exists
2016-08-04 15:53:01,607 - Perf_system - INFO - ./tmp  exists
2016-08-04 15:53:01,607 - Perf_system - INFO - ./results  exists
2016-08-04 15:53:01,607 - Perf_system - INFO - make[1]: Leaving directory '/home/isoft_lp/Github/Lpbs-i/tmp/Perf_system'
2016-08-04 15:53:01,608 - Perf_system - INFO - 
2016-08-04 15:53:01,608 - Perf_system - INFO -    #    #  #    #  #  #    #          #####   ######  #    #   ####   #    #
2016-08-04 15:53:01,608 - Perf_system - INFO -    #    #  ##   #  #   #  #           #    #  #       ##   #  #    #  #    #
2016-08-04 15:53:01,608 - Perf_system - INFO -    #    #  # #  #  #    ##            #####   #####   # #  #  #       ######
2016-08-04 15:53:01,608 - Perf_system - INFO -    #    #  #  # #  #    ##            #    #  #       #  # #  #       #    #
2016-08-04 15:53:01,608 - Perf_system - INFO -    #    #  #   ##  #   #  #           #    #  #       #   ##  #    #  #    #
2016-08-04 15:53:01,608 - Perf_system - INFO -     ####   #    #  #  #    #          #####   ######  #    #   ####   #    #
2016-08-04 15:53:01,608 - Perf_system - INFO - 
2016-08-04 15:53:01,608 - Perf_system - INFO -    Version 5.1.2                      Based on the Byte Magazine Unix Benchmark
2016-08-04 15:53:01,608 - Perf_system - INFO - 
2016-08-04 15:53:01,608 - Perf_system - INFO -    Multi-CPU version                  Version 5 revisions by Ian Smith,
2016-08-04 15:53:01,608 - Perf_system - INFO -                                       Sunnyvale, CA, USA
2016-08-04 15:53:01,608 - Perf_system - INFO -    December 22, 2007                  johantheghost at yahoo period com
2016-08-04 15:53:01,608 - Perf_system - INFO - 
2016-08-04 15:53:01,608 - Perf_system - INFO - 
2016-08-04 15:53:01,609 - Perf_system - INFO - 4 x Dhrystone 2 using register variables  1 2 3
2016-08-04 15:53:01,609 - Perf_system - INFO - 
2016-08-04 15:53:01,609 - Perf_system - INFO - 4 x Double-Precision Whetstone  1 2 3
2016-08-04 15:53:01,609 - Perf_system - INFO - 
2016-08-04 15:53:01,609 - Perf_system - INFO - 4 x Execl Throughput  1
2016-08-04 15:53:01,609 - Perf_system - INFO - 
2016-08-04 15:53:01,609 - Perf_system - INFO - 4 x File Copy 1024 bufsize 2000 maxblocks  1
2016-08-04 15:53:01,609 - Perf_system - INFO - 
2016-08-04 15:53:01,609 - Perf_system - INFO - 4 x File Copy 256 bufsize 500 maxblocks  1
2016-08-04 15:53:01,609 - Perf_system - INFO - 
2016-08-04 15:53:01,609 - Perf_system - INFO - 4 x File Copy 4096 bufsize 8000 maxblocks  1
2016-08-04 15:53:01,609 - Perf_system - INFO - 
2016-08-04 15:53:01,609 - Perf_system - INFO - 4 x Pipe Throughput  1 2 3
2016-08-04 15:53:01,610 - Perf_system - INFO - 
2016-08-04 15:53:01,610 - Perf_system - INFO - 4 x Pipe-based Context Switching  1 2 3
2016-08-04 15:53:01,610 - Perf_system - INFO - 
2016-08-04 15:53:01,610 - Perf_system - INFO - 4 x Process Creation  1
2016-08-04 15:53:01,610 - Perf_system - INFO - 
2016-08-04 15:53:01,610 - Perf_system - INFO - 4 x System Call Overhead  1 2 3
2016-08-04 15:53:01,610 - Perf_system - INFO - 
2016-08-04 15:53:01,610 - Perf_system - INFO - 4 x Shell Scripts (1 concurrent)  1
2016-08-04 15:53:01,610 - Perf_system - INFO - 
2016-08-04 15:53:01,610 - Perf_system - INFO - 4 x Shell Scripts (8 concurrent)  1
2016-08-04 15:53:01,610 - Perf_system - INFO - 
2016-08-04 15:53:01,610 - Perf_system - INFO - ========================================================================
2016-08-04 15:53:01,610 - Perf_system - INFO -    BYTE UNIX Benchmarks (Version 5.1.2)
2016-08-04 15:53:01,610 - Perf_system - INFO - 
2016-08-04 15:53:01,610 - Perf_system - INFO -    System: isoft_lp: GNU/Linux
2016-08-04 15:53:01,611 - Perf_system - INFO -    OS: GNU/Linux -- 4.4.1-1 -- #1 SMP Tue Feb 2 14:09:15 CST 2016
2016-08-04 15:53:01,611 - Perf_system - INFO -    Machine: x86_64 (unknown)
2016-08-04 15:53:01,611 - Perf_system - INFO -    Language: en_US.utf8 (charmap="UTF-8", collate="UTF-8")
2016-08-04 15:53:01,611 - Perf_system - INFO -    CPU 0: Intel(R) Core(TM) i5-4200U CPU @ 1.60GHz (4589.8 bogomips)
2016-08-04 15:53:01,611 - Perf_system - INFO -           Hyper-Threading, x86-64, MMX, Physical Address Ext, SYSENTER/SYSEXIT, SYSCALL/SYSRET, Intel virtualization
2016-08-04 15:53:01,611 - Perf_system - INFO -    CPU 1: Intel(R) Core(TM) i5-4200U CPU @ 1.60GHz (4589.8 bogomips)
2016-08-04 15:53:01,611 - Perf_system - INFO -           Hyper-Threading, x86-64, MMX, Physical Address Ext, SYSENTER/SYSEXIT, SYSCALL/SYSRET, Intel virtualization
2016-08-04 15:53:01,611 - Perf_system - INFO -    CPU 2: Intel(R) Core(TM) i5-4200U CPU @ 1.60GHz (4589.8 bogomips)
2016-08-04 15:53:01,611 - Perf_system - INFO -           Hyper-Threading, x86-64, MMX, Physical Address Ext, SYSENTER/SYSEXIT, SYSCALL/SYSRET, Intel virtualization
2016-08-04 15:53:01,611 - Perf_system - INFO -    CPU 3: Intel(R) Core(TM) i5-4200U CPU @ 1.60GHz (4589.8 bogomips)
2016-08-04 15:53:01,611 - Perf_system - INFO -           Hyper-Threading, x86-64, MMX, Physical Address Ext, SYSENTER/SYSEXIT, SYSCALL/SYSRET, Intel virtualization
2016-08-04 15:53:01,611 - Perf_system - INFO -    15:43:51 up  7:50,  4 users,  load average: 22.50, 10.90, 6.94; runlevel 5
2016-08-04 15:53:01,611 - Perf_system - INFO - 
2016-08-04 15:53:01,611 - Perf_system - INFO - ------------------------------------------------------------------------
2016-08-04 15:53:01,611 - Perf_system - INFO - Benchmark Run: 四 8月 04 2016 15:43:51 - 15:53:01
2016-08-04 15:53:01,612 - Perf_system - INFO - 4 CPUs in system; running 4 parallel copies of tests
2016-08-04 15:53:01,612 - Perf_system - INFO - 
2016-08-04 15:53:01,612 - Perf_system - INFO - Dhrystone 2 using register variables       58875555.7 lps   (10.0 s, 2 samples)
2016-08-04 15:53:01,612 - Perf_system - INFO - Double-Precision Whetstone                    11735.1 MWIPS (10.0 s, 2 samples)
2016-08-04 15:53:01,612 - Perf_system - INFO - Execl Throughput                              11268.6 lps   (29.9 s, 1 samples)
2016-08-04 15:53:01,612 - Perf_system - INFO - File Copy 1024 bufsize 2000 maxblocks        862555.0 KBps  (30.0 s, 1 samples)
2016-08-04 15:53:01,612 - Perf_system - INFO - File Copy 256 bufsize 500 maxblocks          225851.0 KBps  (30.0 s, 1 samples)
2016-08-04 15:53:01,612 - Perf_system - INFO - File Copy 4096 bufsize 8000 maxblocks       2421582.0 KBps  (30.0 s, 1 samples)
2016-08-04 15:53:01,612 - Perf_system - INFO - Pipe Throughput                             4569002.5 lps   (10.0 s, 2 samples)
2016-08-04 15:53:01,612 - Perf_system - INFO - Pipe-based Context Switching                 529998.8 lps   (10.0 s, 2 samples)
2016-08-04 15:53:01,612 - Perf_system - INFO - Process Creation                              27194.7 lps   (30.0 s, 1 samples)
2016-08-04 15:53:01,612 - Perf_system - INFO - Shell Scripts (1 concurrent)                   8080.5 lpm   (60.0 s, 1 samples)
2016-08-04 15:53:01,612 - Perf_system - INFO - Shell Scripts (8 concurrent)                   1157.9 lpm   (60.1 s, 1 samples)
2016-08-04 15:53:01,612 - Perf_system - INFO - System Call Overhead                        6868407.1 lps   (10.0 s, 2 samples)
2016-08-04 15:53:01,612 - Perf_system - INFO - 
2016-08-04 15:53:01,613 - Perf_system - INFO - System Benchmarks Index Values               BASELINE       RESULT    INDEX
2016-08-04 15:53:01,613 - Perf_system - INFO - Dhrystone 2 using register variables         116700.0   58875555.7   5045.0
2016-08-04 15:53:01,613 - Perf_system - INFO - Double-Precision Whetstone                       55.0      11735.1   2133.7
2016-08-04 15:53:01,613 - Perf_system - INFO - Execl Throughput                                 43.0      11268.6   2620.6
2016-08-04 15:53:01,613 - Perf_system - INFO - File Copy 1024 bufsize 2000 maxblocks          3960.0     862555.0   2178.2
2016-08-04 15:53:01,613 - Perf_system - INFO - File Copy 256 bufsize 500 maxblocks            1655.0     225851.0   1364.7
2016-08-04 15:53:01,613 - Perf_system - INFO - File Copy 4096 bufsize 8000 maxblocks          5800.0    2421582.0   4175.1
2016-08-04 15:53:01,613 - Perf_system - INFO - Pipe Throughput                               12440.0    4569002.5   3672.8
2016-08-04 15:53:01,613 - Perf_system - INFO - Pipe-based Context Switching                   4000.0     529998.8   1325.0
2016-08-04 15:53:01,613 - Perf_system - INFO - Process Creation                                126.0      27194.7   2158.3
2016-08-04 15:53:01,613 - Perf_system - INFO - Shell Scripts (1 concurrent)                     42.4       8080.5   1905.8
2016-08-04 15:53:01,613 - Perf_system - INFO - Shell Scripts (8 concurrent)                      6.0       1157.9   1929.8
2016-08-04 15:53:01,613 - Perf_system - INFO - System Call Overhead                          15000.0    6868407.1   4578.9
2016-08-04 15:53:01,613 - Perf_system - INFO -                                                                    ========
2016-08-04 15:53:01,613 - Perf_system - INFO - System Benchmarks Index Score                                        2508.0
2016-08-04 15:53:01,614 - Perf_system - INFO - 
2016-08-04 15:53:01,614 - Perf_system - INFO - *********************************************************************
2016-08-04 15:53:01,614 - Perf_system - INFO - Threads_4: 2508.0
2016-08-04 15:53:01,614 - Perf_system - INFO - *********************************************************************
2016-08-04 15:53:01,614 - Perf_system - INFO - /home/isoft_lp/Github/Lpbs-i/resulttmp/performance
2016-08-04 15:53:01,614 - Perf_system - INFO - /home/isoft_lp/Github/Lpbs-i/finalresult/iSoft_Desktop_4.0
