2016-07-08 15:56:03,454 - Perf_mem - INFO - {u'num_threads': u'4,8', u'total_size': u'8G', u'test_type': u'memory', u'reboot': u'no', u'runtimes': u'3', u'tag': u"'mem'", u'tarbal': u'sysbench-0.4.12.tar.gz', u'block_size': u'4096'}
2016-07-08 15:56:03,454 - Perf_mem - INFO - [u'4', u'8']
2016-07-08 15:56:03,454 - Perf_mem - INFO - /home/isoft_lp/Github/Lpbs-i/tmp/Perf_mem/sysbench/sysbench --test=memory --num-threads=4 --memory-block-size=4096 --memory-total-size=8G run
2016-07-08 15:56:04,388 - Perf_mem - INFO - sysbench 0.4.12:  multi-threaded system evaluation benchmark
2016-07-08 15:56:04,389 - Perf_mem - INFO - 
2016-07-08 15:56:04,389 - Perf_mem - INFO - Running the test with following options:
2016-07-08 15:56:04,389 - Perf_mem - INFO - Number of threads: 4
2016-07-08 15:56:04,389 - Perf_mem - INFO - 
2016-07-08 15:56:04,389 - Perf_mem - INFO - Doing memory operations speed test
2016-07-08 15:56:04,389 - Perf_mem - INFO - Memory block size: 4K
2016-07-08 15:56:04,389 - Perf_mem - INFO - 
2016-07-08 15:56:04,389 - Perf_mem - INFO - Memory transfer size: 8192M
2016-07-08 15:56:04,389 - Perf_mem - INFO - 
2016-07-08 15:56:04,389 - Perf_mem - INFO - Memory operations type: write
2016-07-08 15:56:04,389 - Perf_mem - INFO - Memory scope type: global
2016-07-08 15:56:04,389 - Perf_mem - INFO - Threads started!
2016-07-08 15:56:04,389 - Perf_mem - INFO - Done.
2016-07-08 15:56:04,389 - Perf_mem - INFO - 
2016-07-08 15:56:04,390 - Perf_mem - INFO - Operations performed: 2097152 (2256536.53 ops/sec)
2016-07-08 15:56:04,390 - Perf_mem - INFO - 
2016-07-08 15:56:04,390 - Perf_mem - INFO - 8192.00 MB transferred (8814.60 MB/sec)
2016-07-08 15:56:04,390 - Perf_mem - INFO - 
2016-07-08 15:56:04,390 - Perf_mem - INFO - 
2016-07-08 15:56:04,390 - Perf_mem - INFO - Test execution summary:
2016-07-08 15:56:04,390 - Perf_mem - INFO -     total time:                          0.9294s
2016-07-08 15:56:04,390 - Perf_mem - INFO -     total number of events:              2097152
2016-07-08 15:56:04,390 - Perf_mem - INFO -     total time taken by event execution: 3.1170
2016-07-08 15:56:04,390 - Perf_mem - INFO -     per-request statistics:
2016-07-08 15:56:04,390 - Perf_mem - INFO -          min:                                  0.00ms
2016-07-08 15:56:04,390 - Perf_mem - INFO -          avg:                                  0.00ms
2016-07-08 15:56:04,391 - Perf_mem - INFO -          max:                                 15.07ms
2016-07-08 15:56:04,391 - Perf_mem - INFO -          approx.  95 percentile:               0.00ms
2016-07-08 15:56:04,391 - Perf_mem - INFO - 
2016-07-08 15:56:04,391 - Perf_mem - INFO - Threads fairness:
2016-07-08 15:56:04,391 - Perf_mem - INFO -     events (avg/stddev):           524288.0000/21434.36
2016-07-08 15:56:04,391 - Perf_mem - INFO -     execution time (avg/stddev):   0.7793/0.01
2016-07-08 15:56:05,288 - Perf_mem - INFO - sysbench 0.4.12:  multi-threaded system evaluation benchmark
2016-07-08 15:56:05,288 - Perf_mem - INFO - 
2016-07-08 15:56:05,288 - Perf_mem - INFO - Running the test with following options:
2016-07-08 15:56:05,288 - Perf_mem - INFO - Number of threads: 4
2016-07-08 15:56:05,288 - Perf_mem - INFO - 
2016-07-08 15:56:05,289 - Perf_mem - INFO - Doing memory operations speed test
2016-07-08 15:56:05,289 - Perf_mem - INFO - Memory block size: 4K
2016-07-08 15:56:05,289 - Perf_mem - INFO - 
2016-07-08 15:56:05,289 - Perf_mem - INFO - Memory transfer size: 8192M
2016-07-08 15:56:05,289 - Perf_mem - INFO - 
2016-07-08 15:56:05,289 - Perf_mem - INFO - Memory operations type: write
2016-07-08 15:56:05,289 - Perf_mem - INFO - Memory scope type: global
2016-07-08 15:56:05,289 - Perf_mem - INFO - Threads started!
2016-07-08 15:56:05,289 - Perf_mem - INFO - Done.
2016-07-08 15:56:05,289 - Perf_mem - INFO - 
2016-07-08 15:56:05,289 - Perf_mem - INFO - Operations performed: 2097152 (2351954.18 ops/sec)
2016-07-08 15:56:05,289 - Perf_mem - INFO - 
2016-07-08 15:56:05,289 - Perf_mem - INFO - 8192.00 MB transferred (9187.32 MB/sec)
2016-07-08 15:56:05,289 - Perf_mem - INFO - 
2016-07-08 15:56:05,289 - Perf_mem - INFO - 
2016-07-08 15:56:05,290 - Perf_mem - INFO - Test execution summary:
2016-07-08 15:56:05,290 - Perf_mem - INFO -     total time:                          0.8917s
2016-07-08 15:56:05,290 - Perf_mem - INFO -     total number of events:              2097152
2016-07-08 15:56:05,290 - Perf_mem - INFO -     total time taken by event execution: 3.0203
2016-07-08 15:56:05,290 - Perf_mem - INFO -     per-request statistics:
2016-07-08 15:56:05,290 - Perf_mem - INFO -          min:                                  0.00ms
2016-07-08 15:56:05,290 - Perf_mem - INFO -          avg:                                  0.00ms
2016-07-08 15:56:05,290 - Perf_mem - INFO -          max:                                  7.34ms
2016-07-08 15:56:05,290 - Perf_mem - INFO -          approx.  95 percentile:               0.00ms
2016-07-08 15:56:05,290 - Perf_mem - INFO - 
2016-07-08 15:56:05,290 - Perf_mem - INFO - Threads fairness:
2016-07-08 15:56:05,290 - Perf_mem - INFO -     events (avg/stddev):           524288.0000/21394.36
2016-07-08 15:56:05,290 - Perf_mem - INFO -     execution time (avg/stddev):   0.7551/0.01
2016-07-08 15:56:06,131 - Perf_mem - INFO - sysbench 0.4.12:  multi-threaded system evaluation benchmark
2016-07-08 15:56:06,131 - Perf_mem - INFO - 
2016-07-08 15:56:06,131 - Perf_mem - INFO - Running the test with following options:
2016-07-08 15:56:06,131 - Perf_mem - INFO - Number of threads: 4
2016-07-08 15:56:06,131 - Perf_mem - INFO - 
2016-07-08 15:56:06,131 - Perf_mem - INFO - Doing memory operations speed test
2016-07-08 15:56:06,131 - Perf_mem - INFO - Memory block size: 4K
2016-07-08 15:56:06,131 - Perf_mem - INFO - 
2016-07-08 15:56:06,131 - Perf_mem - INFO - Memory transfer size: 8192M
2016-07-08 15:56:06,131 - Perf_mem - INFO - 
2016-07-08 15:56:06,131 - Perf_mem - INFO - Memory operations type: write
2016-07-08 15:56:06,131 - Perf_mem - INFO - Memory scope type: global
2016-07-08 15:56:06,132 - Perf_mem - INFO - Threads started!
2016-07-08 15:56:06,132 - Perf_mem - INFO - Done.
2016-07-08 15:56:06,132 - Perf_mem - INFO - 
2016-07-08 15:56:06,132 - Perf_mem - INFO - Operations performed: 2097152 (2509248.40 ops/sec)
2016-07-08 15:56:06,132 - Perf_mem - INFO - 
2016-07-08 15:56:06,132 - Perf_mem - INFO - 8192.00 MB transferred (9801.75 MB/sec)
2016-07-08 15:56:06,132 - Perf_mem - INFO - 
2016-07-08 15:56:06,132 - Perf_mem - INFO - 
2016-07-08 15:56:06,132 - Perf_mem - INFO - Test execution summary:
2016-07-08 15:56:06,132 - Perf_mem - INFO -     total time:                          0.8358s
2016-07-08 15:56:06,132 - Perf_mem - INFO -     total number of events:              2097152
2016-07-08 15:56:06,132 - Perf_mem - INFO -     total time taken by event execution: 2.8822
2016-07-08 15:56:06,132 - Perf_mem - INFO -     per-request statistics:
2016-07-08 15:56:06,132 - Perf_mem - INFO -          min:                                  0.00ms
2016-07-08 15:56:06,132 - Perf_mem - INFO -          avg:                                  0.00ms
2016-07-08 15:56:06,132 - Perf_mem - INFO -          max:                                  3.26ms
2016-07-08 15:56:06,133 - Perf_mem - INFO -          approx.  95 percentile:               0.00ms
2016-07-08 15:56:06,133 - Perf_mem - INFO - 
2016-07-08 15:56:06,133 - Perf_mem - INFO - Threads fairness:
2016-07-08 15:56:06,133 - Perf_mem - INFO -     events (avg/stddev):           524288.0000/10062.60
2016-07-08 15:56:06,133 - Perf_mem - INFO -     execution time (avg/stddev):   0.7205/0.00
2016-07-08 15:56:06,133 - Perf_mem - INFO - /home/isoft_lp/Github/Lpbs-i/tmp/Perf_mem/sysbench/sysbench --test=memory --num-threads=8 --memory-block-size=4096 --memory-total-size=8G run
2016-07-08 15:56:06,962 - Perf_mem - INFO - sysbench 0.4.12:  multi-threaded system evaluation benchmark
2016-07-08 15:56:06,962 - Perf_mem - INFO - 
2016-07-08 15:56:06,962 - Perf_mem - INFO - Running the test with following options:
2016-07-08 15:56:06,962 - Perf_mem - INFO - Number of threads: 8
2016-07-08 15:56:06,962 - Perf_mem - INFO - 
2016-07-08 15:56:06,962 - Perf_mem - INFO - Doing memory operations speed test
2016-07-08 15:56:06,962 - Perf_mem - INFO - Memory block size: 4K
2016-07-08 15:56:06,963 - Perf_mem - INFO - 
2016-07-08 15:56:06,963 - Perf_mem - INFO - Memory transfer size: 8192M
2016-07-08 15:56:06,963 - Perf_mem - INFO - 
2016-07-08 15:56:06,963 - Perf_mem - INFO - Memory operations type: write
2016-07-08 15:56:06,963 - Perf_mem - INFO - Memory scope type: global
2016-07-08 15:56:06,963 - Perf_mem - INFO - Threads started!
2016-07-08 15:56:06,963 - Perf_mem - INFO - Done.
2016-07-08 15:56:06,963 - Perf_mem - INFO - 
2016-07-08 15:56:06,963 - Perf_mem - INFO - Operations performed: 2097152 (2544539.74 ops/sec)
2016-07-08 15:56:06,963 - Perf_mem - INFO - 
2016-07-08 15:56:06,963 - Perf_mem - INFO - 8192.00 MB transferred (9939.61 MB/sec)
2016-07-08 15:56:06,963 - Perf_mem - INFO - 
2016-07-08 15:56:06,963 - Perf_mem - INFO - 
2016-07-08 15:56:06,963 - Perf_mem - INFO - Test execution summary:
2016-07-08 15:56:06,963 - Perf_mem - INFO -     total time:                          0.8242s
2016-07-08 15:56:06,963 - Perf_mem - INFO -     total number of events:              2097152
2016-07-08 15:56:06,964 - Perf_mem - INFO -     total time taken by event execution: 4.2758
2016-07-08 15:56:06,964 - Perf_mem - INFO -     per-request statistics:
2016-07-08 15:56:06,964 - Perf_mem - INFO -          min:                                  0.00ms
2016-07-08 15:56:06,964 - Perf_mem - INFO -          avg:                                  0.00ms
2016-07-08 15:56:06,964 - Perf_mem - INFO -          max:                                 13.31ms
2016-07-08 15:56:06,964 - Perf_mem - INFO -          approx.  95 percentile:               0.00ms
2016-07-08 15:56:06,964 - Perf_mem - INFO - 
2016-07-08 15:56:06,964 - Perf_mem - INFO - Threads fairness:
2016-07-08 15:56:06,964 - Perf_mem - INFO -     events (avg/stddev):           262144.0000/69508.68
2016-07-08 15:56:06,964 - Perf_mem - INFO -     execution time (avg/stddev):   0.5345/0.06
2016-07-08 15:56:07,779 - Perf_mem - INFO - sysbench 0.4.12:  multi-threaded system evaluation benchmark
2016-07-08 15:56:07,779 - Perf_mem - INFO - 
2016-07-08 15:56:07,779 - Perf_mem - INFO - Running the test with following options:
2016-07-08 15:56:07,780 - Perf_mem - INFO - Number of threads: 8
2016-07-08 15:56:07,780 - Perf_mem - INFO - 
2016-07-08 15:56:07,780 - Perf_mem - INFO - Doing memory operations speed test
2016-07-08 15:56:07,780 - Perf_mem - INFO - Memory block size: 4K
2016-07-08 15:56:07,780 - Perf_mem - INFO - 
2016-07-08 15:56:07,780 - Perf_mem - INFO - Memory transfer size: 8192M
2016-07-08 15:56:07,780 - Perf_mem - INFO - 
2016-07-08 15:56:07,780 - Perf_mem - INFO - Memory operations type: write
2016-07-08 15:56:07,780 - Perf_mem - INFO - Memory scope type: global
2016-07-08 15:56:07,780 - Perf_mem - INFO - Threads started!
2016-07-08 15:56:07,780 - Perf_mem - INFO - Done.
2016-07-08 15:56:07,780 - Perf_mem - INFO - 
2016-07-08 15:56:07,780 - Perf_mem - INFO - Operations performed: 2097152 (2587390.45 ops/sec)
2016-07-08 15:56:07,780 - Perf_mem - INFO - 
2016-07-08 15:56:07,781 - Perf_mem - INFO - 8192.00 MB transferred (10106.99 MB/sec)
2016-07-08 15:56:07,781 - Perf_mem - INFO - 
2016-07-08 15:56:07,781 - Perf_mem - INFO - 
2016-07-08 15:56:07,781 - Perf_mem - INFO - Test execution summary:
2016-07-08 15:56:07,781 - Perf_mem - INFO -     total time:                          0.8105s
2016-07-08 15:56:07,781 - Perf_mem - INFO -     total number of events:              2097152
2016-07-08 15:56:07,781 - Perf_mem - INFO -     total time taken by event execution: 4.2024
2016-07-08 15:56:07,781 - Perf_mem - INFO -     per-request statistics:
2016-07-08 15:56:07,781 - Perf_mem - INFO -          min:                                  0.00ms
2016-07-08 15:56:07,781 - Perf_mem - INFO -          avg:                                  0.00ms
2016-07-08 15:56:07,781 - Perf_mem - INFO -          max:                                 15.55ms
2016-07-08 15:56:07,781 - Perf_mem - INFO -          approx.  95 percentile:               0.00ms
2016-07-08 15:56:07,781 - Perf_mem - INFO - 
2016-07-08 15:56:07,781 - Perf_mem - INFO - Threads fairness:
2016-07-08 15:56:07,781 - Perf_mem - INFO -     events (avg/stddev):           262144.0000/49485.89
2016-07-08 15:56:07,781 - Perf_mem - INFO -     execution time (avg/stddev):   0.5253/0.05
2016-07-08 15:56:08,699 - Perf_mem - INFO - sysbench 0.4.12:  multi-threaded system evaluation benchmark
2016-07-08 15:56:08,699 - Perf_mem - INFO - 
2016-07-08 15:56:08,700 - Perf_mem - INFO - Running the test with following options:
2016-07-08 15:56:08,700 - Perf_mem - INFO - Number of threads: 8
2016-07-08 15:56:08,700 - Perf_mem - INFO - 
2016-07-08 15:56:08,700 - Perf_mem - INFO - Doing memory operations speed test
2016-07-08 15:56:08,700 - Perf_mem - INFO - Memory block size: 4K
2016-07-08 15:56:08,700 - Perf_mem - INFO - 
2016-07-08 15:56:08,700 - Perf_mem - INFO - Memory transfer size: 8192M
2016-07-08 15:56:08,700 - Perf_mem - INFO - 
2016-07-08 15:56:08,700 - Perf_mem - INFO - Memory operations type: write
2016-07-08 15:56:08,700 - Perf_mem - INFO - Memory scope type: global
2016-07-08 15:56:08,700 - Perf_mem - INFO - Threads started!
2016-07-08 15:56:08,700 - Perf_mem - INFO - Done.
2016-07-08 15:56:08,700 - Perf_mem - INFO - 
2016-07-08 15:56:08,700 - Perf_mem - INFO - Operations performed: 2097152 (22964937.7 ops/sec)
2016-07-08 15:56:08,701 - Perf_mem - INFO - 
2016-07-08 15:56:08,701 - Perf_mem - INFO - 8192.00 MB transferred (89706.8 MB/sec)
2016-07-08 15:56:08,701 - Perf_mem - INFO - 
2016-07-08 15:56:08,701 - Perf_mem - INFO - 
2016-07-08 15:56:08,701 - Perf_mem - INFO - Test execution summary:
2016-07-08 15:56:08,701 - Perf_mem - INFO -     total time:                          0.9132s
2016-07-08 15:56:08,701 - Perf_mem - INFO -     total number of events:              2097152
2016-07-08 15:56:08,701 - Perf_mem - INFO -     total time taken by event execution: 5.2047
2016-07-08 15:56:08,701 - Perf_mem - INFO -     per-request statistics:
2016-07-08 15:56:08,702 - Perf_mem - INFO -          min:                                  0.00ms
2016-07-08 15:56:08,702 - Perf_mem - INFO -          avg:                                  0.00ms
2016-07-08 15:56:08,702 - Perf_mem - INFO -          max:                                 19.30ms
2016-07-08 15:56:08,702 - Perf_mem - INFO -          approx.  95 percentile:               0.00ms
2016-07-08 15:56:08,702 - Perf_mem - INFO - 
2016-07-08 15:56:08,702 - Perf_mem - INFO - Threads fairness:
2016-07-08 15:56:08,702 - Perf_mem - INFO -     events (avg/stddev):           262144.0000/72468.59
2016-07-08 15:56:08,702 - Perf_mem - INFO -     execution time (avg/stddev):   0.6506/0.05
2016-07-08 15:56:08,719 - Perf_mem - INFO - /home/isoft_lp/Github/Lpbs-i/resulttmp/performance
2016-07-08 15:56:08,720 - Perf_mem - INFO - /home/isoft_lp/Github/Lpbs-i/finalresult/iSoft_Desktop_4.0
